<?xml version="1.0" encoding="UTF-8"?>
<robot generator="Robot 7.1.1 (Python 3.12.3 on linux)" generated="2024-12-01T15:25:57.203097" rpa="false" schemaversion="5">
<suite id="s1" name="Tests" source="/home/aristotelis/Documents/SatelliteConfigurationService/tests">
<suite id="s1-s1" name="Create Satellite Configuration" source="/home/aristotelis/Documents/SatelliteConfigurationService/tests/create_satellite_configuration.robot">
<kw name="Create Session with Satellite Configuration Service" owner="common" type="SETUP">
<kw name="Create Session" owner="RequestsLibrary">
<msg time="2024-12-01T15:25:57.682103" level="INFO">Creating Session using : alias=api, url=http://localhost:1234, headers={'Content-Type': 'application/json'},                     cookies={}, auth=None, timeout=None, proxies=None, verify=False,                     debug=0 </msg>
<arg>api</arg>
<arg>${BASE_URL}</arg>
<arg>headers=&amp;{HEADERS}</arg>
<doc>Create Session: create a HTTP session to a server</doc>
<status status="PASS" start="2024-12-01T15:25:57.681641" elapsed="0.001036"/>
</kw>
<status status="PASS" start="2024-12-01T15:25:57.680483" elapsed="0.002331"/>
</kw>
<test id="s1-s1-t1" name="TC01 - Create Valid Configuration" line="14">
<kw name="Clear Mission Configuration Database" owner="common" type="SETUP">
<kw name="GET On Session" owner="RequestsLibrary">
<msg time="2024-12-01T15:25:57.689379" level="INFO">GET Request : url=http://localhost:1234/configs 
 path_url=/configs 
 headers={'User-Agent': 'python-requests/2.32.3', 'Accept-Encoding': 'gzip, deflate', 'Accept': '*/*', 'Connection': 'keep-alive', 'Content-Type': 'application/json'} 
 body=None 
 </msg>
<msg time="2024-12-01T15:25:57.689664" level="INFO">GET Response : url=http://localhost:1234/configs 
 status=200, reason=OK 
 headers={'Accept': 'application/json; charset=utf-8', 'Access-Control-Allow-Headers': 'content-type, authorization, origin', 'Access-Control-Allow-Methods': 'GET, POST, PUT, DELETE, OPTIONS', 'Access-Control-Allow-Origin': '*', 'Content-Type': 'application/json', 'Date': 'Sun, 01 Dec 2024 13:25:57 GMT', 'Content-Length': '245'} 
 body={"meta":null,"data":[{"id":1,"name":"Satellite1","type":"OPTICAL","cospar_id":"2024-003ZZ"},{"id":2,"name":"Satellite2","type":"OPTICAL","cospar_id":"2023-001BC"},{"id":3,"name":"Satellite3","type":"SAR","cospar_id":"2050-002ZZ"}],"errors":null} 
 </msg>
<msg time="2024-12-01T15:25:57.689940" level="INFO">${response} = &lt;Response [200]&gt;</msg>
<var>${response}</var>
<arg>api</arg>
<arg>${CONFIGURATION_URL}</arg>
<arg>expected_status=200</arg>
<doc>Sends a GET request on a previously created HTTP Session.</doc>
<status status="PASS" start="2024-12-01T15:25:57.684337" elapsed="0.005662"/>
</kw>
<kw name="Save Response Details" owner="common">
<kw name="Log" owner="BuiltIn">
<msg time="2024-12-01T15:25:57.692817" level="INFO">Status Code : 200</msg>
<arg>Status Code : ${response.status_code}</arg>
<doc>Logs the given message with the given level.</doc>
<status status="PASS" start="2024-12-01T15:25:57.691145" elapsed="0.001798"/>
</kw>
<kw name="Log" owner="BuiltIn">
<msg time="2024-12-01T15:25:57.694845" level="INFO">Response Body : {"meta":null,"data":[{"id":1,"name":"Satellite1","type":"OPTICAL","cospar_id":"2024-003ZZ"},{"id":2,"name":"Satellite2","type":"OPTICAL","cospar_id":"2023-001BC"},{"id":3,"name":"Satellite3","type":"SAR","cospar_id":"2050-002ZZ"}],"errors":null}</msg>
<arg>Response Body : ${response.text}</arg>
<doc>Logs the given message with the given level.</doc>
<status status="PASS" start="2024-12-01T15:25:57.693215" elapsed="0.001731"/>
</kw>
<kw name="Convert String To Json" owner="JSONLibrary">
<msg time="2024-12-01T15:25:57.696701" level="INFO">${response_json} = {'meta': None, 'data': [{'id': 1, 'name': 'Satellite1', 'type': 'OPTICAL', 'cospar_id': '2024-003ZZ'}, {'id': 2, 'name': 'Satellite2', 'type': 'OPTICAL', 'cospar_id': '2023-001BC'}, {'id': 3, 'name': ...</msg>
<var>${response_json}</var>
<arg>${response.text}</arg>
<doc>Convert String to JSON object</doc>
<status status="PASS" start="2024-12-01T15:25:57.695174" elapsed="0.001572"/>
</kw>
<kw name="Set Test Variable" owner="BuiltIn">
<msg time="2024-12-01T15:25:57.697363" level="INFO">${RESPONSE_JSON} = {'meta': None, 'data': [{'id': 1, 'name': 'Satellite1', 'type': 'OPTICAL', 'cospar_id': '2024-003ZZ'}, {'id': 2, 'name': 'Satellite2', 'type': 'OPTICAL', 'cospar_id': '2023-001BC'}, {'id': 3, 'name': ...</msg>
<arg>${RESPONSE_JSON}</arg>
<arg>${response_json}</arg>
<doc>Makes a variable available everywhere within the scope of the current test.</doc>
<status status="PASS" start="2024-12-01T15:25:57.696979" elapsed="0.000446"/>
</kw>
<arg>${response}</arg>
<status status="PASS" start="2024-12-01T15:25:57.690444" elapsed="0.007080"/>
</kw>
<kw name="Get Data" owner="common">
<return>
<value>${RESPONSE_JSON['data']}</value>
<status status="PASS" start="2024-12-01T15:25:57.698010" elapsed="0.000059"/>
</return>
<msg time="2024-12-01T15:25:57.699703" level="INFO">${response_data} = [{'id': 1, 'name': 'Satellite1', 'type': 'OPTICAL', 'cospar_id': '2024-003ZZ'}, {'id': 2, 'name': 'Satellite2', 'type': 'OPTICAL', 'cospar_id': '2023-001BC'}, {'id': 3, 'name': 'Satellite3', 'type': '...</msg>
<var>${response_data}</var>
<status status="PASS" start="2024-12-01T15:25:57.697751" elapsed="0.001993"/>
</kw>
<kw name="Get Length" owner="BuiltIn">
<msg time="2024-12-01T15:25:57.700086" level="INFO">Length is 3.</msg>
<msg time="2024-12-01T15:25:57.700206" level="INFO">${number_of_configurations} = 3</msg>
<var>${number_of_configurations}</var>
<arg>${response_data}</arg>
<doc>Returns and logs the length of the given item as an integer.</doc>
<status status="PASS" start="2024-12-01T15:25:57.699916" elapsed="0.000327"/>
</kw>
<for flavor="IN RANGE">
<iter>
<kw name="Get Data Configuration ID" owner="common">
<if>
<branch type="IF" condition="'${data_index}'=='None'">
<return>
<value>${RESPONSE_JSON['data']['id']}</value>
<status status="NOT RUN" start="2024-12-01T15:25:57.702290" elapsed="0.000034"/>
</return>
<status status="NOT RUN" start="2024-12-01T15:25:57.701989" elapsed="0.000431"/>
</branch>
<branch type="ELSE">
<return>
<value>${RESPONSE_JSON['data'][${data_index}]['id']}</value>
<status status="PASS" start="2024-12-01T15:25:57.702601" elapsed="0.000069"/>
</return>
<status status="PASS" start="2024-12-01T15:25:57.702483" elapsed="0.000264"/>
</branch>
<status status="PASS" start="2024-12-01T15:25:57.701907" elapsed="0.000903"/>
</if>
<msg time="2024-12-01T15:25:57.704867" level="INFO">${id} = 1</msg>
<var>${id}</var>
<arg>${i}</arg>
<status status="PASS" start="2024-12-01T15:25:57.701178" elapsed="0.003756"/>
</kw>
<kw name="DELETE On Session" owner="RequestsLibrary">
<msg time="2024-12-01T15:25:57.710315" level="INFO">DELETE Request : url=http://localhost:1234/configs/1 
 path_url=/configs/1 
 headers={'User-Agent': 'python-requests/2.32.3', 'Accept-Encoding': 'gzip, deflate', 'Accept': '*/*', 'Connection': 'keep-alive', 'Content-Type': 'application/json', 'Content-Length': '0'} 
 body=None 
 </msg>
<msg time="2024-12-01T15:25:57.710416" level="INFO">DELETE Response : url=http://localhost:1234/configs/1 
 status=200, reason=OK 
 headers={'Accept': 'application/json; charset=utf-8', 'Access-Control-Allow-Headers': 'content-type, authorization, origin', 'Access-Control-Allow-Methods': 'GET, POST, PUT, DELETE, OPTIONS', 'Access-Control-Allow-Origin': '*', 'Content-Type': 'application/json', 'Date': 'Sun, 01 Dec 2024 13:25:57 GMT', 'Content-Length': '84'} 
 body={"meta":null,"data":{"message":"Mission config deleted successfully"},"errors":null} 
 </msg>
<arg>api</arg>
<arg>${CONFIGURATION_URL}/${id}</arg>
<arg>headers=&amp;{HEADERS}</arg>
<arg>expected_status=200</arg>
<doc>Sends a DELETE request on a previously created HTTP Session.</doc>
<status status="PASS" start="2024-12-01T15:25:57.705159" elapsed="0.005365"/>
</kw>
<var name="${i}">0</var>
<status status="PASS" start="2024-12-01T15:25:57.700695" elapsed="0.009929"/>
</iter>
<iter>
<kw name="Get Data Configuration ID" owner="common">
<if>
<branch type="IF" condition="'${data_index}'=='None'">
<return>
<value>${RESPONSE_JSON['data']['id']}</value>
<status status="NOT RUN" start="2024-12-01T15:25:57.711697" elapsed="0.000021"/>
</return>
<status status="NOT RUN" start="2024-12-01T15:25:57.711502" elapsed="0.000349"/>
</branch>
<branch type="ELSE">
<return>
<value>${RESPONSE_JSON['data'][${data_index}]['id']}</value>
<status status="PASS" start="2024-12-01T15:25:57.711957" elapsed="0.000041"/>
</return>
<status status="PASS" start="2024-12-01T15:25:57.711899" elapsed="0.000153"/>
</branch>
<status status="PASS" start="2024-12-01T15:25:57.711476" elapsed="0.000614"/>
</if>
<msg time="2024-12-01T15:25:57.713893" level="INFO">${id} = 2</msg>
<var>${id}</var>
<arg>${i}</arg>
<status status="PASS" start="2024-12-01T15:25:57.711099" elapsed="0.002839"/>
</kw>
<kw name="DELETE On Session" owner="RequestsLibrary">
<msg time="2024-12-01T15:25:57.717534" level="INFO">DELETE Request : url=http://localhost:1234/configs/2 
 path_url=/configs/2 
 headers={'User-Agent': 'python-requests/2.32.3', 'Accept-Encoding': 'gzip, deflate', 'Accept': '*/*', 'Connection': 'keep-alive', 'Content-Type': 'application/json', 'Content-Length': '0'} 
 body=None 
 </msg>
<msg time="2024-12-01T15:25:57.717656" level="INFO">DELETE Response : url=http://localhost:1234/configs/2 
 status=200, reason=OK 
 headers={'Accept': 'application/json; charset=utf-8', 'Access-Control-Allow-Headers': 'content-type, authorization, origin', 'Access-Control-Allow-Methods': 'GET, POST, PUT, DELETE, OPTIONS', 'Access-Control-Allow-Origin': '*', 'Content-Type': 'application/json', 'Date': 'Sun, 01 Dec 2024 13:25:57 GMT', 'Content-Length': '84'} 
 body={"meta":null,"data":{"message":"Mission config deleted successfully"},"errors":null} 
 </msg>
<arg>api</arg>
<arg>${CONFIGURATION_URL}/${id}</arg>
<arg>headers=&amp;{HEADERS}</arg>
<arg>expected_status=200</arg>
<doc>Sends a DELETE request on a previously created HTTP Session.</doc>
<status status="PASS" start="2024-12-01T15:25:57.714283" elapsed="0.003513"/>
</kw>
<var name="${i}">1</var>
<status status="PASS" start="2024-12-01T15:25:57.710808" elapsed="0.007110"/>
</iter>
<iter>
<kw name="Get Data Configuration ID" owner="common">
<if>
<branch type="IF" condition="'${data_index}'=='None'">
<return>
<value>${RESPONSE_JSON['data']['id']}</value>
<status status="NOT RUN" start="2024-12-01T15:25:57.719299" elapsed="0.000029"/>
</return>
<status status="NOT RUN" start="2024-12-01T15:25:57.719018" elapsed="0.000379"/>
</branch>
<branch type="ELSE">
<return>
<value>${RESPONSE_JSON['data'][${data_index}]['id']}</value>
<status status="PASS" start="2024-12-01T15:25:57.719507" elapsed="0.000044"/>
</return>
<status status="PASS" start="2024-12-01T15:25:57.719452" elapsed="0.000201"/>
</branch>
<status status="PASS" start="2024-12-01T15:25:57.718982" elapsed="0.000712"/>
</if>
<msg time="2024-12-01T15:25:57.721688" level="INFO">${id} = 3</msg>
<var>${id}</var>
<arg>${i}</arg>
<status status="PASS" start="2024-12-01T15:25:57.718482" elapsed="0.003252"/>
</kw>
<kw name="DELETE On Session" owner="RequestsLibrary">
<msg time="2024-12-01T15:25:57.724145" level="INFO">DELETE Request : url=http://localhost:1234/configs/3 
 path_url=/configs/3 
 headers={'User-Agent': 'python-requests/2.32.3', 'Accept-Encoding': 'gzip, deflate', 'Accept': '*/*', 'Connection': 'keep-alive', 'Content-Type': 'application/json', 'Content-Length': '0'} 
 body=None 
 </msg>
<msg time="2024-12-01T15:25:57.724242" level="INFO">DELETE Response : url=http://localhost:1234/configs/3 
 status=200, reason=OK 
 headers={'Accept': 'application/json; charset=utf-8', 'Access-Control-Allow-Headers': 'content-type, authorization, origin', 'Access-Control-Allow-Methods': 'GET, POST, PUT, DELETE, OPTIONS', 'Access-Control-Allow-Origin': '*', 'Content-Type': 'application/json', 'Date': 'Sun, 01 Dec 2024 13:25:57 GMT', 'Content-Length': '84'} 
 body={"meta":null,"data":{"message":"Mission config deleted successfully"},"errors":null} 
 </msg>
<arg>api</arg>
<arg>${CONFIGURATION_URL}/${id}</arg>
<arg>headers=&amp;{HEADERS}</arg>
<arg>expected_status=200</arg>
<doc>Sends a DELETE request on a previously created HTTP Session.</doc>
<status status="PASS" start="2024-12-01T15:25:57.721957" elapsed="0.002399"/>
</kw>
<var name="${i}">2</var>
<status status="PASS" start="2024-12-01T15:25:57.718154" elapsed="0.006287"/>
</iter>
<var>${i}</var>
<value>0</value>
<value>${number_of_configurations}</value>
<status status="PASS" start="2024-12-01T15:25:57.700352" elapsed="0.024144"/>
</for>
<status status="PASS" start="2024-12-01T15:25:57.683943" elapsed="0.040681"/>
</kw>
<kw name="Create Satellite Configuration" owner="create_satellite_configuration_steps">
<kw name="POST On Session" owner="RequestsLibrary">
<msg time="2024-12-01T15:25:57.728579" level="INFO">POST Request : url=http://localhost:1234/configs 
 path_url=/configs 
 headers={'User-Agent': 'python-requests/2.32.3', 'Accept-Encoding': 'gzip, deflate', 'Accept': '*/*', 'Connection': 'keep-alive', 'Content-Type': 'application/json', 'Content-Length': '79'} 
 body=b'{"cospar_id": "2024-111GR", "name": "New Satellite Mission", "type": "OPTICAL"}' 
 </msg>
<msg time="2024-12-01T15:25:57.728828" level="INFO">POST Response : url=http://localhost:1234/configs 
 status=200, reason=OK 
 headers={'Accept': 'application/json; charset=utf-8', 'Access-Control-Allow-Headers': 'content-type, authorization, origin', 'Access-Control-Allow-Methods': 'GET, POST, PUT, DELETE, OPTIONS', 'Access-Control-Allow-Origin': '*', 'Content-Type': 'application/json', 'Date': 'Sun, 01 Dec 2024 13:25:57 GMT', 'Content-Length': '84'} 
 body={"meta":null,"data":{"message":"Mission config created successfully"},"errors":null} 
 </msg>
<msg time="2024-12-01T15:25:57.729215" level="INFO">${response} = &lt;Response [200]&gt;</msg>
<var>${response}</var>
<arg>api</arg>
<arg>${CONFIGURATION_URL}</arg>
<arg>headers=&amp;{HEADERS}</arg>
<arg>json=&amp;{REQ_VALID_PAYLOAD}</arg>
<arg>expected_status=200</arg>
<doc>Sends a POST request on a previously created HTTP Session.</doc>
<status status="PASS" start="2024-12-01T15:25:57.725539" elapsed="0.003728"/>
</kw>
<kw name="Save Response Details" owner="common">
<kw name="Log" owner="BuiltIn">
<msg time="2024-12-01T15:25:57.731968" level="INFO">Status Code : 200</msg>
<arg>Status Code : ${response.status_code}</arg>
<doc>Logs the given message with the given level.</doc>
<status status="PASS" start="2024-12-01T15:25:57.730345" elapsed="0.001726"/>
</kw>
<kw name="Log" owner="BuiltIn">
<msg time="2024-12-01T15:25:57.733962" level="INFO">Response Body : {"meta":null,"data":{"message":"Mission config created successfully"},"errors":null}</msg>
<arg>Response Body : ${response.text}</arg>
<doc>Logs the given message with the given level.</doc>
<status status="PASS" start="2024-12-01T15:25:57.732351" elapsed="0.001695"/>
</kw>
<kw name="Convert String To Json" owner="JSONLibrary">
<msg time="2024-12-01T15:25:57.735854" level="INFO">${response_json} = {'meta': None, 'data': {'message': 'Mission config created successfully'}, 'errors': None}</msg>
<var>${response_json}</var>
<arg>${response.text}</arg>
<doc>Convert String to JSON object</doc>
<status status="PASS" start="2024-12-01T15:25:57.734296" elapsed="0.001604"/>
</kw>
<kw name="Set Test Variable" owner="BuiltIn">
<msg time="2024-12-01T15:25:57.736514" level="INFO">${RESPONSE_JSON} = {'meta': None, 'data': {'message': 'Mission config created successfully'}, 'errors': None}</msg>
<arg>${RESPONSE_JSON}</arg>
<arg>${response_json}</arg>
<doc>Makes a variable available everywhere within the scope of the current test.</doc>
<status status="PASS" start="2024-12-01T15:25:57.736137" elapsed="0.000458"/>
</kw>
<arg>${response}</arg>
<status status="PASS" start="2024-12-01T15:25:57.729695" elapsed="0.007003"/>
</kw>
<kw name="Status Should Be" owner="RequestsLibrary">
<arg>200</arg>
<arg>${response}</arg>
<doc>Fails if response status code is different than the expected.</doc>
<status status="PASS" start="2024-12-01T15:25:57.736894" elapsed="0.000312"/>
</kw>
<kw name="Get Meta" owner="common">
<return>
<value>${RESPONSE_JSON['meta']}</value>
<status status="PASS" start="2024-12-01T15:25:57.737741" elapsed="0.000044"/>
</return>
<msg time="2024-12-01T15:25:57.739593" level="INFO">${actual_meta} = None</msg>
<var>${actual_meta}</var>
<status status="PASS" start="2024-12-01T15:25:57.737425" elapsed="0.002208"/>
</kw>
<kw name="Should Be Equal" owner="BuiltIn">
<arg>${actual_meta}</arg>
<arg>${None}</arg>
<doc>Fails if the given objects are unequal.</doc>
<status status="PASS" start="2024-12-01T15:25:57.739818" elapsed="0.000319"/>
</kw>
<kw name="Get Data Message" owner="common">
<return>
<value>${RESPONSE_JSON['data']['message']}</value>
<status status="PASS" start="2024-12-01T15:25:57.740730" elapsed="0.000089"/>
</return>
<msg time="2024-12-01T15:25:57.742697" level="INFO">${actual_data_message} = Mission config created successfully</msg>
<var>${actual_data_message}</var>
<status status="PASS" start="2024-12-01T15:25:57.740384" elapsed="0.002380"/>
</kw>
<kw name="Should Be Equal As Strings" owner="BuiltIn">
<msg time="2024-12-01T15:25:57.743689" level="FAIL">Mission config created successfully != Mission configuration created successfully.</msg>
<arg>${actual_data_message}</arg>
<arg>${MISSION_CONFIG_CREATED_DATA_MSG}</arg>
<doc>Fails if objects are unequal after converting them to strings.</doc>
<status status="FAIL" start="2024-12-01T15:25:57.743055" elapsed="0.001401">Mission config created successfully != Mission configuration created successfully.</status>
</kw>
<kw name="Get Errors" owner="common">
<var>${actual_errors}</var>
<status status="NOT RUN" start="2024-12-01T15:25:57.744860" elapsed="0.000060"/>
</kw>
<kw name="Should Be Equal" owner="BuiltIn">
<arg>${actual_errors}</arg>
<arg>${None}</arg>
<doc>Fails if the given objects are unequal.</doc>
<status status="NOT RUN" start="2024-12-01T15:25:57.745187" elapsed="0.000038"/>
</kw>
<arg>&amp;{REQ_VALID_OPTICAL_PAYLOAD}</arg>
<status status="FAIL" start="2024-12-01T15:25:57.724951" elapsed="0.020478">Mission config created successfully != Mission configuration created successfully.</status>
</kw>
<kw name="Create Satellite Configuration" owner="create_satellite_configuration_steps">
<kw name="POST On Session" owner="RequestsLibrary">
<msg time="2024-12-01T15:25:57.749111" level="INFO">POST Request : url=http://localhost:1234/configs 
 path_url=/configs 
 headers={'User-Agent': 'python-requests/2.32.3', 'Accept-Encoding': 'gzip, deflate', 'Accept': '*/*', 'Connection': 'keep-alive', 'Content-Type': 'application/json', 'Content-Length': '77'} 
 body=b'{"cospar_id": "2024-111GR", "name": "New Satellite Mission", "type": "OPTIC"}' 
 </msg>
<msg time="2024-12-01T15:25:57.749208" level="INFO">POST Response : url=http://localhost:1234/configs 
 status=400, reason=Bad Request 
 headers={'Accept': 'application/json; charset=utf-8', 'Access-Control-Allow-Headers': 'content-type, authorization, origin', 'Access-Control-Allow-Methods': 'GET, POST, PUT, DELETE, OPTIONS', 'Access-Control-Allow-Origin': '*', 'Content-Type': 'application/json', 'Date': 'Sun, 01 Dec 2024 13:25:57 GMT', 'Content-Length': '117'} 
 body={"meta":null,"data":null,"errors":[{"message":"invalid request due to invalid payload type","source":"data-server"}]} 
 </msg>
<msg time="2024-12-01T15:25:57.749376" level="FAIL">Url: http://localhost:1234/configs Expected status: 400 != 200</msg>
<var>${response}</var>
<arg>api</arg>
<arg>${CONFIGURATION_URL}</arg>
<arg>headers=&amp;{HEADERS}</arg>
<arg>json=&amp;{REQ_VALID_PAYLOAD}</arg>
<arg>expected_status=200</arg>
<doc>Sends a POST request on a previously created HTTP Session.</doc>
<status status="FAIL" start="2024-12-01T15:25:57.746488" elapsed="0.004246">Url: http://localhost:1234/configs Expected status: 400 != 200</status>
</kw>
<kw name="Save Response Details" owner="common">
<arg>${response}</arg>
<status status="NOT RUN" start="2024-12-01T15:25:57.751075" elapsed="0.000038"/>
</kw>
<kw name="Status Should Be" owner="RequestsLibrary">
<arg>200</arg>
<arg>${response}</arg>
<doc>Fails if response status code is different than the expected.</doc>
<status status="NOT RUN" start="2024-12-01T15:25:57.751288" elapsed="0.000031"/>
</kw>
<kw name="Get Meta" owner="common">
<var>${actual_meta}</var>
<status status="NOT RUN" start="2024-12-01T15:25:57.751521" elapsed="0.000031"/>
</kw>
<kw name="Should Be Equal" owner="BuiltIn">
<arg>${actual_meta}</arg>
<arg>${None}</arg>
<doc>Fails if the given objects are unequal.</doc>
<status status="NOT RUN" start="2024-12-01T15:25:57.751751" elapsed="0.000028"/>
</kw>
<kw name="Get Data Message" owner="common">
<var>${actual_data_message}</var>
<status status="NOT RUN" start="2024-12-01T15:25:57.751965" elapsed="0.000030"/>
</kw>
<kw name="Should Be Equal As Strings" owner="BuiltIn">
<arg>${actual_data_message}</arg>
<arg>${MISSION_CONFIG_CREATED_DATA_MSG}</arg>
<doc>Fails if objects are unequal after converting them to strings.</doc>
<status status="NOT RUN" start="2024-12-01T15:25:57.752147" elapsed="0.000026"/>
</kw>
<kw name="Get Errors" owner="common">
<var>${actual_errors}</var>
<status status="NOT RUN" start="2024-12-01T15:25:57.752352" elapsed="0.000029"/>
</kw>
<kw name="Should Be Equal" owner="BuiltIn">
<arg>${actual_errors}</arg>
<arg>${None}</arg>
<doc>Fails if the given objects are unequal.</doc>
<status status="NOT RUN" start="2024-12-01T15:25:57.752537" elapsed="0.000036"/>
</kw>
<arg>&amp;{REQ_VALID_OPTIC_PAYLOAD}</arg>
<status status="FAIL" start="2024-12-01T15:25:57.745773" elapsed="0.006950">Url: http://localhost:1234/configs Expected status: 400 != 200</status>
</kw>
<kw name="Create Satellite Configuration" owner="create_satellite_configuration_steps">
<kw name="POST On Session" owner="RequestsLibrary">
<msg time="2024-12-01T15:25:57.757149" level="INFO">POST Request : url=http://localhost:1234/configs 
 path_url=/configs 
 headers={'User-Agent': 'python-requests/2.32.3', 'Accept-Encoding': 'gzip, deflate', 'Accept': '*/*', 'Connection': 'keep-alive', 'Content-Type': 'application/json', 'Content-Length': '75'} 
 body=b'{"cospar_id": "2024-222UK", "name": "New Satellite Mission", "type": "SAR"}' 
 </msg>
<msg time="2024-12-01T15:25:57.757275" level="INFO">POST Response : url=http://localhost:1234/configs 
 status=200, reason=OK 
 headers={'Accept': 'application/json; charset=utf-8', 'Access-Control-Allow-Headers': 'content-type, authorization, origin', 'Access-Control-Allow-Methods': 'GET, POST, PUT, DELETE, OPTIONS', 'Access-Control-Allow-Origin': '*', 'Content-Type': 'application/json', 'Date': 'Sun, 01 Dec 2024 13:25:57 GMT', 'Content-Length': '84'} 
 body={"meta":null,"data":{"message":"Mission config created successfully"},"errors":null} 
 </msg>
<msg time="2024-12-01T15:25:57.757485" level="INFO">${response} = &lt;Response [200]&gt;</msg>
<var>${response}</var>
<arg>api</arg>
<arg>${CONFIGURATION_URL}</arg>
<arg>headers=&amp;{HEADERS}</arg>
<arg>json=&amp;{REQ_VALID_PAYLOAD}</arg>
<arg>expected_status=200</arg>
<doc>Sends a POST request on a previously created HTTP Session.</doc>
<status status="PASS" start="2024-12-01T15:25:57.753591" elapsed="0.003950"/>
</kw>
<kw name="Save Response Details" owner="common">
<kw name="Log" owner="BuiltIn">
<msg time="2024-12-01T15:25:57.760452" level="INFO">Status Code : 200</msg>
<arg>Status Code : ${response.status_code}</arg>
<doc>Logs the given message with the given level.</doc>
<status status="PASS" start="2024-12-01T15:25:57.758574" elapsed="0.001963"/>
</kw>
<kw name="Log" owner="BuiltIn">
<msg time="2024-12-01T15:25:57.762277" level="INFO">Response Body : {"meta":null,"data":{"message":"Mission config created successfully"},"errors":null}</msg>
<arg>Response Body : ${response.text}</arg>
<doc>Logs the given message with the given level.</doc>
<status status="PASS" start="2024-12-01T15:25:57.760795" elapsed="0.001562"/>
</kw>
<kw name="Convert String To Json" owner="JSONLibrary">
<msg time="2024-12-01T15:25:57.763992" level="INFO">${response_json} = {'meta': None, 'data': {'message': 'Mission config created successfully'}, 'errors': None}</msg>
<var>${response_json}</var>
<arg>${response.text}</arg>
<doc>Convert String to JSON object</doc>
<status status="PASS" start="2024-12-01T15:25:57.762579" elapsed="0.001453"/>
</kw>
<kw name="Set Test Variable" owner="BuiltIn">
<msg time="2024-12-01T15:25:57.764668" level="INFO">${RESPONSE_JSON} = {'meta': None, 'data': {'message': 'Mission config created successfully'}, 'errors': None}</msg>
<arg>${RESPONSE_JSON}</arg>
<arg>${response_json}</arg>
<doc>Makes a variable available everywhere within the scope of the current test.</doc>
<status status="PASS" start="2024-12-01T15:25:57.764318" elapsed="0.000410"/>
</kw>
<arg>${response}</arg>
<status status="PASS" start="2024-12-01T15:25:57.757949" elapsed="0.006874"/>
</kw>
<kw name="Status Should Be" owner="RequestsLibrary">
<arg>200</arg>
<arg>${response}</arg>
<doc>Fails if response status code is different than the expected.</doc>
<status status="PASS" start="2024-12-01T15:25:57.764994" elapsed="0.000236"/>
</kw>
<kw name="Get Meta" owner="common">
<return>
<value>${RESPONSE_JSON['meta']}</value>
<status status="PASS" start="2024-12-01T15:25:57.765796" elapsed="0.000043"/>
</return>
<msg time="2024-12-01T15:25:57.768006" level="INFO">${actual_meta} = None</msg>
<var>${actual_meta}</var>
<status status="PASS" start="2024-12-01T15:25:57.765450" elapsed="0.002608"/>
</kw>
<kw name="Should Be Equal" owner="BuiltIn">
<arg>${actual_meta}</arg>
<arg>${None}</arg>
<doc>Fails if the given objects are unequal.</doc>
<status status="PASS" start="2024-12-01T15:25:57.768330" elapsed="0.000487"/>
</kw>
<kw name="Get Data Message" owner="common">
<return>
<value>${RESPONSE_JSON['data']['message']}</value>
<status status="PASS" start="2024-12-01T15:25:57.769526" elapsed="0.000088"/>
</return>
<msg time="2024-12-01T15:25:57.771176" level="INFO">${actual_data_message} = Mission config created successfully</msg>
<var>${actual_data_message}</var>
<status status="PASS" start="2024-12-01T15:25:57.769106" elapsed="0.002140"/>
</kw>
<kw name="Should Be Equal As Strings" owner="BuiltIn">
<msg time="2024-12-01T15:25:57.771913" level="FAIL">Mission config created successfully != Mission configuration created successfully.</msg>
<arg>${actual_data_message}</arg>
<arg>${MISSION_CONFIG_CREATED_DATA_MSG}</arg>
<doc>Fails if objects are unequal after converting them to strings.</doc>
<status status="FAIL" start="2024-12-01T15:25:57.771489" elapsed="0.000538">Mission config created successfully != Mission configuration created successfully.</status>
</kw>
<kw name="Get Errors" owner="common">
<var>${actual_errors}</var>
<status status="NOT RUN" start="2024-12-01T15:25:57.772925" elapsed="0.000052"/>
</kw>
<kw name="Should Be Equal" owner="BuiltIn">
<arg>${actual_errors}</arg>
<arg>${None}</arg>
<doc>Fails if the given objects are unequal.</doc>
<status status="NOT RUN" start="2024-12-01T15:25:57.773180" elapsed="0.000031"/>
</kw>
<arg>&amp;{REQ_VALID_SAR_PAYLOAD}</arg>
<status status="FAIL" start="2024-12-01T15:25:57.753003" elapsed="0.020409">Mission config created successfully != Mission configuration created successfully.</status>
</kw>
<kw name="Create Satellite Configuration" owner="create_satellite_configuration_steps">
<kw name="POST On Session" owner="RequestsLibrary">
<msg time="2024-12-01T15:25:57.776813" level="INFO">POST Request : url=http://localhost:1234/configs 
 path_url=/configs 
 headers={'User-Agent': 'python-requests/2.32.3', 'Accept-Encoding': 'gzip, deflate', 'Accept': '*/*', 'Connection': 'keep-alive', 'Content-Type': 'application/json', 'Content-Length': '76'} 
 body=b'{"cospar_id": "2024-222UK", "name": "New Satellite Mission", "type": "SARS"}' 
 </msg>
<msg time="2024-12-01T15:25:57.776909" level="INFO">POST Response : url=http://localhost:1234/configs 
 status=400, reason=Bad Request 
 headers={'Accept': 'application/json; charset=utf-8', 'Access-Control-Allow-Headers': 'content-type, authorization, origin', 'Access-Control-Allow-Methods': 'GET, POST, PUT, DELETE, OPTIONS', 'Access-Control-Allow-Origin': '*', 'Content-Type': 'application/json', 'Date': 'Sun, 01 Dec 2024 13:25:57 GMT', 'Content-Length': '117'} 
 body={"meta":null,"data":null,"errors":[{"message":"invalid request due to invalid payload type","source":"data-server"}]} 
 </msg>
<msg time="2024-12-01T15:25:57.777053" level="FAIL">Url: http://localhost:1234/configs Expected status: 400 != 200</msg>
<var>${response}</var>
<arg>api</arg>
<arg>${CONFIGURATION_URL}</arg>
<arg>headers=&amp;{HEADERS}</arg>
<arg>json=&amp;{REQ_VALID_PAYLOAD}</arg>
<arg>expected_status=200</arg>
<doc>Sends a POST request on a previously created HTTP Session.</doc>
<status status="FAIL" start="2024-12-01T15:25:57.774426" elapsed="0.003351">Url: http://localhost:1234/configs Expected status: 400 != 200</status>
</kw>
<kw name="Save Response Details" owner="common">
<arg>${response}</arg>
<status status="NOT RUN" start="2024-12-01T15:25:57.778130" elapsed="0.000038"/>
</kw>
<kw name="Status Should Be" owner="RequestsLibrary">
<arg>200</arg>
<arg>${response}</arg>
<doc>Fails if response status code is different than the expected.</doc>
<status status="NOT RUN" start="2024-12-01T15:25:57.778358" elapsed="0.000028"/>
</kw>
<kw name="Get Meta" owner="common">
<var>${actual_meta}</var>
<status status="NOT RUN" start="2024-12-01T15:25:57.778592" elapsed="0.000031"/>
</kw>
<kw name="Should Be Equal" owner="BuiltIn">
<arg>${actual_meta}</arg>
<arg>${None}</arg>
<doc>Fails if the given objects are unequal.</doc>
<status status="NOT RUN" start="2024-12-01T15:25:57.778784" elapsed="0.000026"/>
</kw>
<kw name="Get Data Message" owner="common">
<var>${actual_data_message}</var>
<status status="NOT RUN" start="2024-12-01T15:25:57.778992" elapsed="0.000030"/>
</kw>
<kw name="Should Be Equal As Strings" owner="BuiltIn">
<arg>${actual_data_message}</arg>
<arg>${MISSION_CONFIG_CREATED_DATA_MSG}</arg>
<doc>Fails if objects are unequal after converting them to strings.</doc>
<status status="NOT RUN" start="2024-12-01T15:25:57.779183" elapsed="0.000026"/>
</kw>
<kw name="Get Errors" owner="common">
<var>${actual_errors}</var>
<status status="NOT RUN" start="2024-12-01T15:25:57.779400" elapsed="0.000031"/>
</kw>
<kw name="Should Be Equal" owner="BuiltIn">
<arg>${actual_errors}</arg>
<arg>${None}</arg>
<doc>Fails if the given objects are unequal.</doc>
<status status="NOT RUN" start="2024-12-01T15:25:57.779607" elapsed="0.000027"/>
</kw>
<arg>&amp;{REQ_VALID_SARS_PAYLOAD}</arg>
<status status="FAIL" start="2024-12-01T15:25:57.773781" elapsed="0.006001">Url: http://localhost:1234/configs Expected status: 400 != 200</status>
</kw>
<kw name="Create Satellite Configuration" owner="create_satellite_configuration_steps">
<kw name="POST On Session" owner="RequestsLibrary">
<msg time="2024-12-01T15:25:57.784543" level="INFO">POST Request : url=http://localhost:1234/configs 
 path_url=/configs 
 headers={'User-Agent': 'python-requests/2.32.3', 'Accept-Encoding': 'gzip, deflate', 'Accept': '*/*', 'Connection': 'keep-alive', 'Content-Type': 'application/json', 'Content-Length': '79'} 
 body=b'{"cospar_id": "2024-333RU", "name": "New Satellite Mission", "type": "TELECOM"}' 
 </msg>
<msg time="2024-12-01T15:25:57.784702" level="INFO">POST Response : url=http://localhost:1234/configs 
 status=200, reason=OK 
 headers={'Accept': 'application/json; charset=utf-8', 'Access-Control-Allow-Headers': 'content-type, authorization, origin', 'Access-Control-Allow-Methods': 'GET, POST, PUT, DELETE, OPTIONS', 'Access-Control-Allow-Origin': '*', 'Content-Type': 'application/json', 'Date': 'Sun, 01 Dec 2024 13:25:57 GMT', 'Content-Length': '84'} 
 body={"meta":null,"data":{"message":"Mission config created successfully"},"errors":null} 
 </msg>
<msg time="2024-12-01T15:25:57.784912" level="INFO">${response} = &lt;Response [200]&gt;</msg>
<var>${response}</var>
<arg>api</arg>
<arg>${CONFIGURATION_URL}</arg>
<arg>headers=&amp;{HEADERS}</arg>
<arg>json=&amp;{REQ_VALID_PAYLOAD}</arg>
<arg>expected_status=200</arg>
<doc>Sends a POST request on a previously created HTTP Session.</doc>
<status status="PASS" start="2024-12-01T15:25:57.780643" elapsed="0.004322"/>
</kw>
<kw name="Save Response Details" owner="common">
<kw name="Log" owner="BuiltIn">
<msg time="2024-12-01T15:25:57.787785" level="INFO">Status Code : 200</msg>
<arg>Status Code : ${response.status_code}</arg>
<doc>Logs the given message with the given level.</doc>
<status status="PASS" start="2024-12-01T15:25:57.785957" elapsed="0.002002"/>
</kw>
<kw name="Log" owner="BuiltIn">
<msg time="2024-12-01T15:25:57.789631" level="INFO">Response Body : {"meta":null,"data":{"message":"Mission config created successfully"},"errors":null}</msg>
<arg>Response Body : ${response.text}</arg>
<doc>Logs the given message with the given level.</doc>
<status status="PASS" start="2024-12-01T15:25:57.788188" elapsed="0.001516"/>
</kw>
<kw name="Convert String To Json" owner="JSONLibrary">
<msg time="2024-12-01T15:25:57.791302" level="INFO">${response_json} = {'meta': None, 'data': {'message': 'Mission config created successfully'}, 'errors': None}</msg>
<var>${response_json}</var>
<arg>${response.text}</arg>
<doc>Convert String to JSON object</doc>
<status status="PASS" start="2024-12-01T15:25:57.789907" elapsed="0.001436"/>
</kw>
<kw name="Set Test Variable" owner="BuiltIn">
<msg time="2024-12-01T15:25:57.791874" level="INFO">${RESPONSE_JSON} = {'meta': None, 'data': {'message': 'Mission config created successfully'}, 'errors': None}</msg>
<arg>${RESPONSE_JSON}</arg>
<arg>${response_json}</arg>
<doc>Makes a variable available everywhere within the scope of the current test.</doc>
<status status="PASS" start="2024-12-01T15:25:57.791536" elapsed="0.000396"/>
</kw>
<arg>${response}</arg>
<status status="PASS" start="2024-12-01T15:25:57.785297" elapsed="0.006731"/>
</kw>
<kw name="Status Should Be" owner="RequestsLibrary">
<arg>200</arg>
<arg>${response}</arg>
<doc>Fails if response status code is different than the expected.</doc>
<status status="PASS" start="2024-12-01T15:25:57.792198" elapsed="0.000226"/>
</kw>
<kw name="Get Meta" owner="common">
<return>
<value>${RESPONSE_JSON['meta']}</value>
<status status="PASS" start="2024-12-01T15:25:57.792918" elapsed="0.000041"/>
</return>
<msg time="2024-12-01T15:25:57.794615" level="INFO">${actual_meta} = None</msg>
<var>${actual_meta}</var>
<status status="PASS" start="2024-12-01T15:25:57.792648" elapsed="0.002008"/>
</kw>
<kw name="Should Be Equal" owner="BuiltIn">
<arg>${actual_meta}</arg>
<arg>${None}</arg>
<doc>Fails if the given objects are unequal.</doc>
<status status="PASS" start="2024-12-01T15:25:57.794851" elapsed="0.000384"/>
</kw>
<kw name="Get Data Message" owner="common">
<return>
<value>${RESPONSE_JSON['data']['message']}</value>
<status status="PASS" start="2024-12-01T15:25:57.796579" elapsed="0.000137"/>
</return>
<msg time="2024-12-01T15:25:57.798895" level="INFO">${actual_data_message} = Mission config created successfully</msg>
<var>${actual_data_message}</var>
<status status="PASS" start="2024-12-01T15:25:57.795813" elapsed="0.003132"/>
</kw>
<kw name="Should Be Equal As Strings" owner="BuiltIn">
<msg time="2024-12-01T15:25:57.799714" level="FAIL">Mission config created successfully != Mission configuration created successfully.</msg>
<arg>${actual_data_message}</arg>
<arg>${MISSION_CONFIG_CREATED_DATA_MSG}</arg>
<doc>Fails if objects are unequal after converting them to strings.</doc>
<status status="FAIL" start="2024-12-01T15:25:57.799198" elapsed="0.000629">Mission config created successfully != Mission configuration created successfully.</status>
</kw>
<kw name="Get Errors" owner="common">
<var>${actual_errors}</var>
<status status="NOT RUN" start="2024-12-01T15:25:57.800128" elapsed="0.000048"/>
</kw>
<kw name="Should Be Equal" owner="BuiltIn">
<arg>${actual_errors}</arg>
<arg>${None}</arg>
<doc>Fails if the given objects are unequal.</doc>
<status status="NOT RUN" start="2024-12-01T15:25:57.800381" elapsed="0.000030"/>
</kw>
<arg>&amp;{REQ_VALID_TELECOM_PAYLOAD}</arg>
<status status="FAIL" start="2024-12-01T15:25:57.780053" elapsed="0.020551">Mission config created successfully != Mission configuration created successfully.</status>
</kw>
<doc>Test that a valid satellite configuration can be created (for each possible payload type).</doc>
<tag>id:create_01</tag>
<tag>service:create</tag>
<status status="FAIL" start="2024-12-01T15:25:57.682927" elapsed="0.117990">Several failures occurred:

1) Mission config created successfully != Mission configuration created successfully.

2) Url: http://localhost:1234/configs Expected status: 400 != 200

3) Mission config created successfully != Mission configuration created successfully.

4) Url: http://localhost:1234/configs Expected status: 400 != 200

5) Mission config created successfully != Mission configuration created successfully.</status>
</test>
<test id="s1-s1-t2" name="TC02 - Invalid COSPAR ID" line="25">
<kw name="Create Satellite Configuration with Invalid COSPAR ID" owner="create_satellite_configuration_steps">
<kw name="POST On Session" owner="RequestsLibrary">
<msg time="2024-12-01T15:25:57.805652" level="INFO">POST Request : url=http://localhost:1234/configs 
 path_url=/configs 
 headers={'User-Agent': 'python-requests/2.32.3', 'Accept-Encoding': 'gzip, deflate', 'Accept': '*/*', 'Connection': 'keep-alive', 'Content-Type': 'application/json', 'Content-Length': '76'} 
 body=b'{"cospar_id": "INVALID", "name": "New Satellite Mission", "type": "OPTICAL"}' 
 </msg>
<msg time="2024-12-01T15:25:57.805754" level="INFO">POST Response : url=http://localhost:1234/configs 
 status=400, reason=Bad Request 
 headers={'Accept': 'application/json; charset=utf-8', 'Access-Control-Allow-Headers': 'content-type, authorization, origin', 'Access-Control-Allow-Methods': 'GET, POST, PUT, DELETE, OPTIONS', 'Access-Control-Allow-Origin': '*', 'Content-Type': 'application/json', 'Date': 'Sun, 01 Dec 2024 13:25:57 GMT', 'Content-Length': '114'} 
 body={"meta":null,"data":null,"errors":[{"message":"invalid request due to invalid COSPAR ID","source":"data-server"}]} 
 </msg>
<msg time="2024-12-01T15:25:57.805938" level="INFO">${response} = &lt;Response [400]&gt;</msg>
<var>${response}</var>
<arg>api</arg>
<arg>${CONFIGURATION_URL}</arg>
<arg>headers=&amp;{HEADERS}</arg>
<arg>json=&amp;{REQ_INVALID_COSPAR_ID}</arg>
<arg>expected_status=400</arg>
<doc>Sends a POST request on a previously created HTTP Session.</doc>
<status status="PASS" start="2024-12-01T15:25:57.803351" elapsed="0.002625"/>
</kw>
<kw name="Save Response Details" owner="common">
<kw name="Log" owner="BuiltIn">
<msg time="2024-12-01T15:25:57.808350" level="INFO">Status Code : 400</msg>
<arg>Status Code : ${response.status_code}</arg>
<doc>Logs the given message with the given level.</doc>
<status status="PASS" start="2024-12-01T15:25:57.806720" elapsed="0.001720"/>
</kw>
<kw name="Log" owner="BuiltIn">
<msg time="2024-12-01T15:25:57.810238" level="INFO">Response Body : {"meta":null,"data":null,"errors":[{"message":"invalid request due to invalid COSPAR ID","source":"data-server"}]}</msg>
<arg>Response Body : ${response.text}</arg>
<doc>Logs the given message with the given level.</doc>
<status status="PASS" start="2024-12-01T15:25:57.808773" elapsed="0.001537"/>
</kw>
<kw name="Convert String To Json" owner="JSONLibrary">
<msg time="2024-12-01T15:25:57.812091" level="INFO">${response_json} = {'meta': None, 'data': None, 'errors': [{'message': 'invalid request due to invalid COSPAR ID', 'source': 'data-server'}]}</msg>
<var>${response_json}</var>
<arg>${response.text}</arg>
<doc>Convert String to JSON object</doc>
<status status="PASS" start="2024-12-01T15:25:57.810522" elapsed="0.001627"/>
</kw>
<kw name="Set Test Variable" owner="BuiltIn">
<msg time="2024-12-01T15:25:57.812916" level="INFO">${RESPONSE_JSON} = {'meta': None, 'data': None, 'errors': [{'message': 'invalid request due to invalid COSPAR ID', 'source': 'data-server'}]}</msg>
<arg>${RESPONSE_JSON}</arg>
<arg>${response_json}</arg>
<doc>Makes a variable available everywhere within the scope of the current test.</doc>
<status status="PASS" start="2024-12-01T15:25:57.812430" elapsed="0.000595"/>
</kw>
<arg>${response}</arg>
<status status="PASS" start="2024-12-01T15:25:57.806261" elapsed="0.006895"/>
</kw>
<kw name="Status Should Be" owner="RequestsLibrary">
<arg>400</arg>
<arg>${response}</arg>
<doc>Fails if response status code is different than the expected.</doc>
<status status="PASS" start="2024-12-01T15:25:57.813389" elapsed="0.000318"/>
</kw>
<kw name="Get Error Message" owner="common">
<return>
<value>${RESPONSE_JSON['errors'][0]['message']}</value>
<status status="PASS" start="2024-12-01T15:25:57.814436" elapsed="0.000074"/>
</return>
<msg time="2024-12-01T15:25:57.816317" level="INFO">${actual_error_message} = invalid request due to invalid COSPAR ID</msg>
<var>${actual_error_message}</var>
<status status="PASS" start="2024-12-01T15:25:57.814060" elapsed="0.002303"/>
</kw>
<kw name="Should Be Equal As Strings" owner="BuiltIn">
<arg>${actual_error_message}</arg>
<arg>${INVALID_COSPAR_ID_ERROR_MSG}</arg>
<doc>Fails if objects are unequal after converting them to strings.</doc>
<status status="PASS" start="2024-12-01T15:25:57.816609" elapsed="0.000403"/>
</kw>
<kw name="Get Error Source" owner="common">
<return>
<value>${RESPONSE_JSON['errors'][0]['source']}</value>
<status status="PASS" start="2024-12-01T15:25:57.817543" elapsed="0.000063"/>
</return>
<msg time="2024-12-01T15:25:57.819173" level="INFO">${actual_error_source} = data-server</msg>
<var>${actual_error_source}</var>
<status status="PASS" start="2024-12-01T15:25:57.817272" elapsed="0.001939"/>
</kw>
<kw name="Should Be Equal As Strings" owner="BuiltIn">
<arg>${actual_error_source}</arg>
<arg>${DATA_SERVER_ERROR_SOURCE}</arg>
<doc>Fails if objects are unequal after converting them to strings.</doc>
<status status="PASS" start="2024-12-01T15:25:57.819384" elapsed="0.000578"/>
</kw>
<arg>&amp;{REQ_INVALID_COSPAR_ID_XXX}</arg>
<status status="PASS" start="2024-12-01T15:25:57.802800" elapsed="0.017256"/>
</kw>
<kw name="Create Satellite Configuration with Invalid COSPAR ID" owner="create_satellite_configuration_steps">
<kw name="POST On Session" owner="RequestsLibrary">
<msg time="2024-12-01T15:25:57.823854" level="INFO">POST Request : url=http://localhost:1234/configs 
 path_url=/configs 
 headers={'User-Agent': 'python-requests/2.32.3', 'Accept-Encoding': 'gzip, deflate', 'Accept': '*/*', 'Connection': 'keep-alive', 'Content-Type': 'application/json', 'Content-Length': '75'} 
 body=b'{"cospar_id": "-567GR", "name": "New Satellite Mission", "type": "OPTICAL"}' 
 </msg>
<msg time="2024-12-01T15:25:57.823967" level="INFO">POST Response : url=http://localhost:1234/configs 
 status=400, reason=Bad Request 
 headers={'Accept': 'application/json; charset=utf-8', 'Access-Control-Allow-Headers': 'content-type, authorization, origin', 'Access-Control-Allow-Methods': 'GET, POST, PUT, DELETE, OPTIONS', 'Access-Control-Allow-Origin': '*', 'Content-Type': 'application/json', 'Date': 'Sun, 01 Dec 2024 13:25:57 GMT', 'Content-Length': '114'} 
 body={"meta":null,"data":null,"errors":[{"message":"invalid request due to invalid COSPAR ID","source":"data-server"}]} 
 </msg>
<msg time="2024-12-01T15:25:57.824178" level="INFO">${response} = &lt;Response [400]&gt;</msg>
<var>${response}</var>
<arg>api</arg>
<arg>${CONFIGURATION_URL}</arg>
<arg>headers=&amp;{HEADERS}</arg>
<arg>json=&amp;{REQ_INVALID_COSPAR_ID}</arg>
<arg>expected_status=400</arg>
<doc>Sends a POST request on a previously created HTTP Session.</doc>
<status status="PASS" start="2024-12-01T15:25:57.820864" elapsed="0.003376"/>
</kw>
<kw name="Save Response Details" owner="common">
<kw name="Log" owner="BuiltIn">
<msg time="2024-12-01T15:25:57.827221" level="INFO">Status Code : 400</msg>
<arg>Status Code : ${response.status_code}</arg>
<doc>Logs the given message with the given level.</doc>
<status status="PASS" start="2024-12-01T15:25:57.825341" elapsed="0.001962"/>
</kw>
<kw name="Log" owner="BuiltIn">
<msg time="2024-12-01T15:25:57.829057" level="INFO">Response Body : {"meta":null,"data":null,"errors":[{"message":"invalid request due to invalid COSPAR ID","source":"data-server"}]}</msg>
<arg>Response Body : ${response.text}</arg>
<doc>Logs the given message with the given level.</doc>
<status status="PASS" start="2024-12-01T15:25:57.827543" elapsed="0.001594"/>
</kw>
<kw name="Convert String To Json" owner="JSONLibrary">
<msg time="2024-12-01T15:25:57.830810" level="INFO">${response_json} = {'meta': None, 'data': None, 'errors': [{'message': 'invalid request due to invalid COSPAR ID', 'source': 'data-server'}]}</msg>
<var>${response_json}</var>
<arg>${response.text}</arg>
<doc>Convert String to JSON object</doc>
<status status="PASS" start="2024-12-01T15:25:57.829348" elapsed="0.001513"/>
</kw>
<kw name="Set Test Variable" owner="BuiltIn">
<msg time="2024-12-01T15:25:57.831393" level="INFO">${RESPONSE_JSON} = {'meta': None, 'data': None, 'errors': [{'message': 'invalid request due to invalid COSPAR ID', 'source': 'data-server'}]}</msg>
<arg>${RESPONSE_JSON}</arg>
<arg>${response_json}</arg>
<doc>Makes a variable available everywhere within the scope of the current test.</doc>
<status status="PASS" start="2024-12-01T15:25:57.831068" elapsed="0.000383"/>
</kw>
<arg>${response}</arg>
<status status="PASS" start="2024-12-01T15:25:57.824654" elapsed="0.006887"/>
</kw>
<kw name="Status Should Be" owner="RequestsLibrary">
<arg>400</arg>
<arg>${response}</arg>
<doc>Fails if response status code is different than the expected.</doc>
<status status="PASS" start="2024-12-01T15:25:57.831745" elapsed="0.000224"/>
</kw>
<kw name="Get Error Message" owner="common">
<return>
<value>${RESPONSE_JSON['errors'][0]['message']}</value>
<status status="PASS" start="2024-12-01T15:25:57.832548" elapsed="0.000086"/>
</return>
<msg time="2024-12-01T15:25:57.834238" level="INFO">${actual_error_message} = invalid request due to invalid COSPAR ID</msg>
<var>${actual_error_message}</var>
<status status="PASS" start="2024-12-01T15:25:57.832243" elapsed="0.002035"/>
</kw>
<kw name="Should Be Equal As Strings" owner="BuiltIn">
<arg>${actual_error_message}</arg>
<arg>${INVALID_COSPAR_ID_ERROR_MSG}</arg>
<doc>Fails if objects are unequal after converting them to strings.</doc>
<status status="PASS" start="2024-12-01T15:25:57.834491" elapsed="0.000716"/>
</kw>
<kw name="Get Error Source" owner="common">
<return>
<value>${RESPONSE_JSON['errors'][0]['source']}</value>
<status status="PASS" start="2024-12-01T15:25:57.836803" elapsed="0.000063"/>
</return>
<msg time="2024-12-01T15:25:57.838499" level="INFO">${actual_error_source} = data-server</msg>
<var>${actual_error_source}</var>
<status status="PASS" start="2024-12-01T15:25:57.835711" elapsed="0.002866"/>
</kw>
<kw name="Should Be Equal As Strings" owner="BuiltIn">
<arg>${actual_error_source}</arg>
<arg>${DATA_SERVER_ERROR_SOURCE}</arg>
<doc>Fails if objects are unequal after converting them to strings.</doc>
<status status="PASS" start="2024-12-01T15:25:57.838822" elapsed="0.000407"/>
</kw>
<arg>&amp;{REQ_INVALID_COSPAR_ID_-dddXX}</arg>
<status status="PASS" start="2024-12-01T15:25:57.820311" elapsed="0.019081"/>
</kw>
<kw name="Create Satellite Configuration with Invalid COSPAR ID" owner="create_satellite_configuration_steps">
<kw name="POST On Session" owner="RequestsLibrary">
<msg time="2024-12-01T15:25:57.843224" level="INFO">POST Request : url=http://localhost:1234/configs 
 path_url=/configs 
 headers={'User-Agent': 'python-requests/2.32.3', 'Accept-Encoding': 'gzip, deflate', 'Accept': '*/*', 'Connection': 'keep-alive', 'Content-Type': 'application/json', 'Content-Length': '77'} 
 body=b'{"cospar_id": "24-567GR", "name": "New Satellite Mission", "type": "OPTICAL"}' 
 </msg>
<msg time="2024-12-01T15:25:57.843320" level="INFO">POST Response : url=http://localhost:1234/configs 
 status=400, reason=Bad Request 
 headers={'Accept': 'application/json; charset=utf-8', 'Access-Control-Allow-Headers': 'content-type, authorization, origin', 'Access-Control-Allow-Methods': 'GET, POST, PUT, DELETE, OPTIONS', 'Access-Control-Allow-Origin': '*', 'Content-Type': 'application/json', 'Date': 'Sun, 01 Dec 2024 13:25:57 GMT', 'Content-Length': '114'} 
 body={"meta":null,"data":null,"errors":[{"message":"invalid request due to invalid COSPAR ID","source":"data-server"}]} 
 </msg>
<msg time="2024-12-01T15:25:57.843477" level="INFO">${response} = &lt;Response [400]&gt;</msg>
<var>${response}</var>
<arg>api</arg>
<arg>${CONFIGURATION_URL}</arg>
<arg>headers=&amp;{HEADERS}</arg>
<arg>json=&amp;{REQ_INVALID_COSPAR_ID}</arg>
<arg>expected_status=400</arg>
<doc>Sends a POST request on a previously created HTTP Session.</doc>
<status status="PASS" start="2024-12-01T15:25:57.840534" elapsed="0.002980"/>
</kw>
<kw name="Save Response Details" owner="common">
<kw name="Log" owner="BuiltIn">
<msg time="2024-12-01T15:25:57.845942" level="INFO">Status Code : 400</msg>
<arg>Status Code : ${response.status_code}</arg>
<doc>Logs the given message with the given level.</doc>
<status status="PASS" start="2024-12-01T15:25:57.844369" elapsed="0.001641"/>
</kw>
<kw name="Log" owner="BuiltIn">
<msg time="2024-12-01T15:25:57.847583" level="INFO">Response Body : {"meta":null,"data":null,"errors":[{"message":"invalid request due to invalid COSPAR ID","source":"data-server"}]}</msg>
<arg>Response Body : ${response.text}</arg>
<doc>Logs the given message with the given level.</doc>
<status status="PASS" start="2024-12-01T15:25:57.846269" elapsed="0.001387"/>
</kw>
<kw name="Convert String To Json" owner="JSONLibrary">
<msg time="2024-12-01T15:25:57.849912" level="INFO">${response_json} = {'meta': None, 'data': None, 'errors': [{'message': 'invalid request due to invalid COSPAR ID', 'source': 'data-server'}]}</msg>
<var>${response_json}</var>
<arg>${response.text}</arg>
<doc>Convert String to JSON object</doc>
<status status="PASS" start="2024-12-01T15:25:57.847869" elapsed="0.002111"/>
</kw>
<kw name="Set Test Variable" owner="BuiltIn">
<msg time="2024-12-01T15:25:57.850802" level="INFO">${RESPONSE_JSON} = {'meta': None, 'data': None, 'errors': [{'message': 'invalid request due to invalid COSPAR ID', 'source': 'data-server'}]}</msg>
<arg>${RESPONSE_JSON}</arg>
<arg>${response_json}</arg>
<doc>Makes a variable available everywhere within the scope of the current test.</doc>
<status status="PASS" start="2024-12-01T15:25:57.850357" elapsed="0.000581"/>
</kw>
<arg>${response}</arg>
<status status="PASS" start="2024-12-01T15:25:57.843893" elapsed="0.007182"/>
</kw>
<kw name="Status Should Be" owner="RequestsLibrary">
<arg>400</arg>
<arg>${response}</arg>
<doc>Fails if response status code is different than the expected.</doc>
<status status="PASS" start="2024-12-01T15:25:57.851349" elapsed="0.000385"/>
</kw>
<kw name="Get Error Message" owner="common">
<return>
<value>${RESPONSE_JSON['errors'][0]['message']}</value>
<status status="PASS" start="2024-12-01T15:25:57.852475" elapsed="0.000147"/>
</return>
<msg time="2024-12-01T15:25:57.854531" level="INFO">${actual_error_message} = invalid request due to invalid COSPAR ID</msg>
<var>${actual_error_message}</var>
<status status="PASS" start="2024-12-01T15:25:57.852085" elapsed="0.002543"/>
</kw>
<kw name="Should Be Equal As Strings" owner="BuiltIn">
<arg>${actual_error_message}</arg>
<arg>${INVALID_COSPAR_ID_ERROR_MSG}</arg>
<doc>Fails if objects are unequal after converting them to strings.</doc>
<status status="PASS" start="2024-12-01T15:25:57.854936" elapsed="0.000440"/>
</kw>
<kw name="Get Error Source" owner="common">
<return>
<value>${RESPONSE_JSON['errors'][0]['source']}</value>
<status status="PASS" start="2024-12-01T15:25:57.855966" elapsed="0.000047"/>
</return>
<msg time="2024-12-01T15:25:57.857673" level="INFO">${actual_error_source} = data-server</msg>
<var>${actual_error_source}</var>
<status status="PASS" start="2024-12-01T15:25:57.855656" elapsed="0.002058"/>
</kw>
<kw name="Should Be Equal As Strings" owner="BuiltIn">
<arg>${actual_error_source}</arg>
<arg>${DATA_SERVER_ERROR_SOURCE}</arg>
<doc>Fails if objects are unequal after converting them to strings.</doc>
<status status="PASS" start="2024-12-01T15:25:57.857911" elapsed="0.000310"/>
</kw>
<arg>&amp;{REQ_INVALID_COSPAR_ID_YY-dddXX}</arg>
<status status="PASS" start="2024-12-01T15:25:57.839714" elapsed="0.018602"/>
</kw>
<kw name="Create Satellite Configuration with Invalid COSPAR ID" owner="create_satellite_configuration_steps">
<kw name="POST On Session" owner="RequestsLibrary">
<msg time="2024-12-01T15:25:57.861577" level="INFO">POST Request : url=http://localhost:1234/configs 
 path_url=/configs 
 headers={'User-Agent': 'python-requests/2.32.3', 'Accept-Encoding': 'gzip, deflate', 'Accept': '*/*', 'Connection': 'keep-alive', 'Content-Type': 'application/json', 'Content-Length': '76'} 
 body=b'{"cospar_id": "2024-GR", "name": "New Satellite Mission", "type": "OPTICAL"}' 
 </msg>
<msg time="2024-12-01T15:25:57.861684" level="INFO">POST Response : url=http://localhost:1234/configs 
 status=400, reason=Bad Request 
 headers={'Accept': 'application/json; charset=utf-8', 'Access-Control-Allow-Headers': 'content-type, authorization, origin', 'Access-Control-Allow-Methods': 'GET, POST, PUT, DELETE, OPTIONS', 'Access-Control-Allow-Origin': '*', 'Content-Type': 'application/json', 'Date': 'Sun, 01 Dec 2024 13:25:57 GMT', 'Content-Length': '114'} 
 body={"meta":null,"data":null,"errors":[{"message":"invalid request due to invalid COSPAR ID","source":"data-server"}]} 
 </msg>
<msg time="2024-12-01T15:25:57.861874" level="INFO">${response} = &lt;Response [400]&gt;</msg>
<var>${response}</var>
<arg>api</arg>
<arg>${CONFIGURATION_URL}</arg>
<arg>headers=&amp;{HEADERS}</arg>
<arg>json=&amp;{REQ_INVALID_COSPAR_ID}</arg>
<arg>expected_status=400</arg>
<doc>Sends a POST request on a previously created HTTP Session.</doc>
<status status="PASS" start="2024-12-01T15:25:57.859240" elapsed="0.002713"/>
</kw>
<kw name="Save Response Details" owner="common">
<kw name="Log" owner="BuiltIn">
<msg time="2024-12-01T15:25:57.865456" level="INFO">Status Code : 400</msg>
<arg>Status Code : ${response.status_code}</arg>
<doc>Logs the given message with the given level.</doc>
<status status="PASS" start="2024-12-01T15:25:57.863701" elapsed="0.001887"/>
</kw>
<kw name="Log" owner="BuiltIn">
<msg time="2024-12-01T15:25:57.867626" level="INFO">Response Body : {"meta":null,"data":null,"errors":[{"message":"invalid request due to invalid COSPAR ID","source":"data-server"}]}</msg>
<arg>Response Body : ${response.text}</arg>
<doc>Logs the given message with the given level.</doc>
<status status="PASS" start="2024-12-01T15:25:57.865828" elapsed="0.001946"/>
</kw>
<kw name="Convert String To Json" owner="JSONLibrary">
<msg time="2024-12-01T15:25:57.869768" level="INFO">${response_json} = {'meta': None, 'data': None, 'errors': [{'message': 'invalid request due to invalid COSPAR ID', 'source': 'data-server'}]}</msg>
<var>${response_json}</var>
<arg>${response.text}</arg>
<doc>Convert String to JSON object</doc>
<status status="PASS" start="2024-12-01T15:25:57.868089" elapsed="0.001738"/>
</kw>
<kw name="Set Test Variable" owner="BuiltIn">
<msg time="2024-12-01T15:25:57.870406" level="INFO">${RESPONSE_JSON} = {'meta': None, 'data': None, 'errors': [{'message': 'invalid request due to invalid COSPAR ID', 'source': 'data-server'}]}</msg>
<arg>${RESPONSE_JSON}</arg>
<arg>${response_json}</arg>
<doc>Makes a variable available everywhere within the scope of the current test.</doc>
<status status="PASS" start="2024-12-01T15:25:57.870050" elapsed="0.000416"/>
</kw>
<arg>${response}</arg>
<status status="PASS" start="2024-12-01T15:25:57.862784" elapsed="0.007802"/>
</kw>
<kw name="Status Should Be" owner="RequestsLibrary">
<arg>400</arg>
<arg>${response}</arg>
<doc>Fails if response status code is different than the expected.</doc>
<status status="PASS" start="2024-12-01T15:25:57.870760" elapsed="0.000239"/>
</kw>
<kw name="Get Error Message" owner="common">
<return>
<value>${RESPONSE_JSON['errors'][0]['message']}</value>
<status status="PASS" start="2024-12-01T15:25:57.871476" elapsed="0.000042"/>
</return>
<msg time="2024-12-01T15:25:57.873135" level="INFO">${actual_error_message} = invalid request due to invalid COSPAR ID</msg>
<var>${actual_error_message}</var>
<status status="PASS" start="2024-12-01T15:25:57.871208" elapsed="0.001966"/>
</kw>
<kw name="Should Be Equal As Strings" owner="BuiltIn">
<arg>${actual_error_message}</arg>
<arg>${INVALID_COSPAR_ID_ERROR_MSG}</arg>
<doc>Fails if objects are unequal after converting them to strings.</doc>
<status status="PASS" start="2024-12-01T15:25:57.873353" elapsed="0.000309"/>
</kw>
<kw name="Get Error Source" owner="common">
<return>
<value>${RESPONSE_JSON['errors'][0]['source']}</value>
<status status="PASS" start="2024-12-01T15:25:57.874526" elapsed="0.000128"/>
</return>
<msg time="2024-12-01T15:25:57.876471" level="INFO">${actual_error_source} = data-server</msg>
<var>${actual_error_source}</var>
<status status="PASS" start="2024-12-01T15:25:57.873870" elapsed="0.002674"/>
</kw>
<kw name="Should Be Equal As Strings" owner="BuiltIn">
<arg>${actual_error_source}</arg>
<arg>${DATA_SERVER_ERROR_SOURCE}</arg>
<doc>Fails if objects are unequal after converting them to strings.</doc>
<status status="PASS" start="2024-12-01T15:25:57.876975" elapsed="0.000522"/>
</kw>
<arg>&amp;{REQ_INVALID_COSPAR_ID_YYYY-XX}</arg>
<status status="PASS" start="2024-12-01T15:25:57.858586" elapsed="0.019121"/>
</kw>
<kw name="Create Satellite Configuration with Invalid COSPAR ID" owner="create_satellite_configuration_steps">
<kw name="POST On Session" owner="RequestsLibrary">
<msg time="2024-12-01T15:25:57.881743" level="INFO">POST Request : url=http://localhost:1234/configs 
 path_url=/configs 
 headers={'User-Agent': 'python-requests/2.32.3', 'Accept-Encoding': 'gzip, deflate', 'Accept': '*/*', 'Connection': 'keep-alive', 'Content-Type': 'application/json', 'Content-Length': '77'} 
 body=b'{"cospar_id": "2024-7GR", "name": "New Satellite Mission", "type": "OPTICAL"}' 
 </msg>
<msg time="2024-12-01T15:25:57.881841" level="INFO">POST Response : url=http://localhost:1234/configs 
 status=400, reason=Bad Request 
 headers={'Accept': 'application/json; charset=utf-8', 'Access-Control-Allow-Headers': 'content-type, authorization, origin', 'Access-Control-Allow-Methods': 'GET, POST, PUT, DELETE, OPTIONS', 'Access-Control-Allow-Origin': '*', 'Content-Type': 'application/json', 'Date': 'Sun, 01 Dec 2024 13:25:57 GMT', 'Content-Length': '114'} 
 body={"meta":null,"data":null,"errors":[{"message":"invalid request due to invalid COSPAR ID","source":"data-server"}]} 
 </msg>
<msg time="2024-12-01T15:25:57.882022" level="INFO">${response} = &lt;Response [400]&gt;</msg>
<var>${response}</var>
<arg>api</arg>
<arg>${CONFIGURATION_URL}</arg>
<arg>headers=&amp;{HEADERS}</arg>
<arg>json=&amp;{REQ_INVALID_COSPAR_ID}</arg>
<arg>expected_status=400</arg>
<doc>Sends a POST request on a previously created HTTP Session.</doc>
<status status="PASS" start="2024-12-01T15:25:57.878925" elapsed="0.003135"/>
</kw>
<kw name="Save Response Details" owner="common">
<kw name="Log" owner="BuiltIn">
<msg time="2024-12-01T15:25:57.884426" level="INFO">Status Code : 400</msg>
<arg>Status Code : ${response.status_code}</arg>
<doc>Logs the given message with the given level.</doc>
<status status="PASS" start="2024-12-01T15:25:57.882904" elapsed="0.001592"/>
</kw>
<kw name="Log" owner="BuiltIn">
<msg time="2024-12-01T15:25:57.886088" level="INFO">Response Body : {"meta":null,"data":null,"errors":[{"message":"invalid request due to invalid COSPAR ID","source":"data-server"}]}</msg>
<arg>Response Body : ${response.text}</arg>
<doc>Logs the given message with the given level.</doc>
<status status="PASS" start="2024-12-01T15:25:57.884744" elapsed="0.001429"/>
</kw>
<kw name="Convert String To Json" owner="JSONLibrary">
<msg time="2024-12-01T15:25:57.887693" level="INFO">${response_json} = {'meta': None, 'data': None, 'errors': [{'message': 'invalid request due to invalid COSPAR ID', 'source': 'data-server'}]}</msg>
<var>${response_json}</var>
<arg>${response.text}</arg>
<doc>Convert String to JSON object</doc>
<status status="PASS" start="2024-12-01T15:25:57.886349" elapsed="0.001384"/>
</kw>
<kw name="Set Test Variable" owner="BuiltIn">
<msg time="2024-12-01T15:25:57.888226" level="INFO">${RESPONSE_JSON} = {'meta': None, 'data': None, 'errors': [{'message': 'invalid request due to invalid COSPAR ID', 'source': 'data-server'}]}</msg>
<arg>${RESPONSE_JSON}</arg>
<arg>${response_json}</arg>
<doc>Makes a variable available everywhere within the scope of the current test.</doc>
<status status="PASS" start="2024-12-01T15:25:57.887915" elapsed="0.000381"/>
</kw>
<arg>${response}</arg>
<status status="PASS" start="2024-12-01T15:25:57.882379" elapsed="0.006021"/>
</kw>
<kw name="Status Should Be" owner="RequestsLibrary">
<arg>400</arg>
<arg>${response}</arg>
<doc>Fails if response status code is different than the expected.</doc>
<status status="PASS" start="2024-12-01T15:25:57.888673" elapsed="0.000668"/>
</kw>
<kw name="Get Error Message" owner="common">
<return>
<value>${RESPONSE_JSON['errors'][0]['message']}</value>
<status status="PASS" start="2024-12-01T15:25:57.890313" elapsed="0.000077"/>
</return>
<msg time="2024-12-01T15:25:57.892104" level="INFO">${actual_error_message} = invalid request due to invalid COSPAR ID</msg>
<var>${actual_error_message}</var>
<status status="PASS" start="2024-12-01T15:25:57.889751" elapsed="0.002403"/>
</kw>
<kw name="Should Be Equal As Strings" owner="BuiltIn">
<arg>${actual_error_message}</arg>
<arg>${INVALID_COSPAR_ID_ERROR_MSG}</arg>
<doc>Fails if objects are unequal after converting them to strings.</doc>
<status status="PASS" start="2024-12-01T15:25:57.892380" elapsed="0.000526"/>
</kw>
<kw name="Get Error Source" owner="common">
<return>
<value>${RESPONSE_JSON['errors'][0]['source']}</value>
<status status="PASS" start="2024-12-01T15:25:57.893552" elapsed="0.000079"/>
</return>
<msg time="2024-12-01T15:25:57.895368" level="INFO">${actual_error_source} = data-server</msg>
<var>${actual_error_source}</var>
<status status="PASS" start="2024-12-01T15:25:57.893206" elapsed="0.002207"/>
</kw>
<kw name="Should Be Equal As Strings" owner="BuiltIn">
<arg>${actual_error_source}</arg>
<arg>${DATA_SERVER_ERROR_SOURCE}</arg>
<doc>Fails if objects are unequal after converting them to strings.</doc>
<status status="PASS" start="2024-12-01T15:25:57.895648" elapsed="0.000325"/>
</kw>
<arg>&amp;{REQ_INVALID_COSPAR_ID_YYYY-dXX}</arg>
<status status="PASS" start="2024-12-01T15:25:57.878072" elapsed="0.018000"/>
</kw>
<kw name="Create Satellite Configuration with Invalid COSPAR ID" owner="create_satellite_configuration_steps">
<kw name="POST On Session" owner="RequestsLibrary">
<msg time="2024-12-01T15:25:57.899175" level="INFO">POST Request : url=http://localhost:1234/configs 
 path_url=/configs 
 headers={'User-Agent': 'python-requests/2.32.3', 'Accept-Encoding': 'gzip, deflate', 'Accept': '*/*', 'Connection': 'keep-alive', 'Content-Type': 'application/json', 'Content-Length': '77'} 
 body=b'{"cospar_id": "2024-567", "name": "New Satellite Mission", "type": "OPTICAL"}' 
 </msg>
<msg time="2024-12-01T15:25:57.899265" level="INFO">POST Response : url=http://localhost:1234/configs 
 status=400, reason=Bad Request 
 headers={'Accept': 'application/json; charset=utf-8', 'Access-Control-Allow-Headers': 'content-type, authorization, origin', 'Access-Control-Allow-Methods': 'GET, POST, PUT, DELETE, OPTIONS', 'Access-Control-Allow-Origin': '*', 'Content-Type': 'application/json', 'Date': 'Sun, 01 Dec 2024 13:25:57 GMT', 'Content-Length': '114'} 
 body={"meta":null,"data":null,"errors":[{"message":"invalid request due to invalid COSPAR ID","source":"data-server"}]} 
 </msg>
<msg time="2024-12-01T15:25:57.899413" level="INFO">${response} = &lt;Response [400]&gt;</msg>
<var>${response}</var>
<arg>api</arg>
<arg>${CONFIGURATION_URL}</arg>
<arg>headers=&amp;{HEADERS}</arg>
<arg>json=&amp;{REQ_INVALID_COSPAR_ID}</arg>
<arg>expected_status=400</arg>
<doc>Sends a POST request on a previously created HTTP Session.</doc>
<status status="PASS" start="2024-12-01T15:25:57.896920" elapsed="0.002529"/>
</kw>
<kw name="Save Response Details" owner="common">
<kw name="Log" owner="BuiltIn">
<msg time="2024-12-01T15:25:57.901782" level="INFO">Status Code : 400</msg>
<arg>Status Code : ${response.status_code}</arg>
<doc>Logs the given message with the given level.</doc>
<status status="PASS" start="2024-12-01T15:25:57.900194" elapsed="0.002007"/>
</kw>
<kw name="Log" owner="BuiltIn">
<msg time="2024-12-01T15:25:57.904091" level="INFO">Response Body : {"meta":null,"data":null,"errors":[{"message":"invalid request due to invalid COSPAR ID","source":"data-server"}]}</msg>
<arg>Response Body : ${response.text}</arg>
<doc>Logs the given message with the given level.</doc>
<status status="PASS" start="2024-12-01T15:25:57.902502" elapsed="0.001702"/>
</kw>
<kw name="Convert String To Json" owner="JSONLibrary">
<msg time="2024-12-01T15:25:57.906440" level="INFO">${response_json} = {'meta': None, 'data': None, 'errors': [{'message': 'invalid request due to invalid COSPAR ID', 'source': 'data-server'}]}</msg>
<var>${response_json}</var>
<arg>${response.text}</arg>
<doc>Convert String to JSON object</doc>
<status status="PASS" start="2024-12-01T15:25:57.904611" elapsed="0.001889"/>
</kw>
<kw name="Set Test Variable" owner="BuiltIn">
<msg time="2024-12-01T15:25:57.907244" level="INFO">${RESPONSE_JSON} = {'meta': None, 'data': None, 'errors': [{'message': 'invalid request due to invalid COSPAR ID', 'source': 'data-server'}]}</msg>
<arg>${RESPONSE_JSON}</arg>
<arg>${response_json}</arg>
<doc>Makes a variable available everywhere within the scope of the current test.</doc>
<status status="PASS" start="2024-12-01T15:25:57.906816" elapsed="0.000502"/>
</kw>
<arg>${response}</arg>
<status status="PASS" start="2024-12-01T15:25:57.899748" elapsed="0.007682"/>
</kw>
<kw name="Status Should Be" owner="RequestsLibrary">
<arg>400</arg>
<arg>${response}</arg>
<doc>Fails if response status code is different than the expected.</doc>
<status status="PASS" start="2024-12-01T15:25:57.907658" elapsed="0.000276"/>
</kw>
<kw name="Get Error Message" owner="common">
<return>
<value>${RESPONSE_JSON['errors'][0]['message']}</value>
<status status="PASS" start="2024-12-01T15:25:57.908518" elapsed="0.000060"/>
</return>
<msg time="2024-12-01T15:25:57.910137" level="INFO">${actual_error_message} = invalid request due to invalid COSPAR ID</msg>
<var>${actual_error_message}</var>
<status status="PASS" start="2024-12-01T15:25:57.908180" elapsed="0.002000"/>
</kw>
<kw name="Should Be Equal As Strings" owner="BuiltIn">
<arg>${actual_error_message}</arg>
<arg>${INVALID_COSPAR_ID_ERROR_MSG}</arg>
<doc>Fails if objects are unequal after converting them to strings.</doc>
<status status="PASS" start="2024-12-01T15:25:57.910361" elapsed="0.000625"/>
</kw>
<kw name="Get Error Source" owner="common">
<return>
<value>${RESPONSE_JSON['errors'][0]['source']}</value>
<status status="PASS" start="2024-12-01T15:25:57.911861" elapsed="0.000040"/>
</return>
<msg time="2024-12-01T15:25:57.913422" level="INFO">${actual_error_source} = data-server</msg>
<var>${actual_error_source}</var>
<status status="PASS" start="2024-12-01T15:25:57.911196" elapsed="0.002272"/>
</kw>
<kw name="Should Be Equal As Strings" owner="BuiltIn">
<arg>${actual_error_source}</arg>
<arg>${DATA_SERVER_ERROR_SOURCE}</arg>
<doc>Fails if objects are unequal after converting them to strings.</doc>
<status status="PASS" start="2024-12-01T15:25:57.913669" elapsed="0.000292"/>
</kw>
<arg>&amp;{REQ_INVALID_COSPAR_ID_YYYY-ddd}</arg>
<status status="PASS" start="2024-12-01T15:25:57.896345" elapsed="0.017734"/>
</kw>
<kw name="Create Satellite Configuration with Invalid COSPAR ID" owner="create_satellite_configuration_steps">
<kw name="POST On Session" owner="RequestsLibrary">
<msg time="2024-12-01T15:25:57.918223" level="INFO">POST Request : url=http://localhost:1234/configs 
 path_url=/configs 
 headers={'User-Agent': 'python-requests/2.32.3', 'Accept-Encoding': 'gzip, deflate', 'Accept': '*/*', 'Connection': 'keep-alive', 'Content-Type': 'application/json', 'Content-Length': '80'} 
 body=b'{"cospar_id": "2024-567GRE", "name": "New Satellite Mission", "type": "OPTICAL"}' 
 </msg>
<msg time="2024-12-01T15:25:57.918342" level="INFO">POST Response : url=http://localhost:1234/configs 
 status=400, reason=Bad Request 
 headers={'Accept': 'application/json; charset=utf-8', 'Access-Control-Allow-Headers': 'content-type, authorization, origin', 'Access-Control-Allow-Methods': 'GET, POST, PUT, DELETE, OPTIONS', 'Access-Control-Allow-Origin': '*', 'Content-Type': 'application/json', 'Date': 'Sun, 01 Dec 2024 13:25:57 GMT', 'Content-Length': '114'} 
 body={"meta":null,"data":null,"errors":[{"message":"invalid request due to invalid COSPAR ID","source":"data-server"}]} 
 </msg>
<msg time="2024-12-01T15:25:57.918509" level="INFO">${response} = &lt;Response [400]&gt;</msg>
<var>${response}</var>
<arg>api</arg>
<arg>${CONFIGURATION_URL}</arg>
<arg>headers=&amp;{HEADERS}</arg>
<arg>json=&amp;{REQ_INVALID_COSPAR_ID}</arg>
<arg>expected_status=400</arg>
<doc>Sends a POST request on a previously created HTTP Session.</doc>
<status status="PASS" start="2024-12-01T15:25:57.914889" elapsed="0.003659"/>
</kw>
<kw name="Save Response Details" owner="common">
<kw name="Log" owner="BuiltIn">
<msg time="2024-12-01T15:25:57.921318" level="INFO">Status Code : 400</msg>
<arg>Status Code : ${response.status_code}</arg>
<doc>Logs the given message with the given level.</doc>
<status status="PASS" start="2024-12-01T15:25:57.919516" elapsed="0.001888"/>
</kw>
<kw name="Log" owner="BuiltIn">
<msg time="2024-12-01T15:25:57.923018" level="INFO">Response Body : {"meta":null,"data":null,"errors":[{"message":"invalid request due to invalid COSPAR ID","source":"data-server"}]}</msg>
<arg>Response Body : ${response.text}</arg>
<doc>Logs the given message with the given level.</doc>
<status status="PASS" start="2024-12-01T15:25:57.921655" elapsed="0.001432"/>
</kw>
<kw name="Convert String To Json" owner="JSONLibrary">
<msg time="2024-12-01T15:25:57.924915" level="INFO">${response_json} = {'meta': None, 'data': None, 'errors': [{'message': 'invalid request due to invalid COSPAR ID', 'source': 'data-server'}]}</msg>
<var>${response_json}</var>
<arg>${response.text}</arg>
<doc>Convert String to JSON object</doc>
<status status="PASS" start="2024-12-01T15:25:57.923273" elapsed="0.001690"/>
</kw>
<kw name="Set Test Variable" owner="BuiltIn">
<msg time="2024-12-01T15:25:57.925548" level="INFO">${RESPONSE_JSON} = {'meta': None, 'data': None, 'errors': [{'message': 'invalid request due to invalid COSPAR ID', 'source': 'data-server'}]}</msg>
<arg>${RESPONSE_JSON}</arg>
<arg>${response_json}</arg>
<doc>Makes a variable available everywhere within the scope of the current test.</doc>
<status status="PASS" start="2024-12-01T15:25:57.925187" elapsed="0.000433"/>
</kw>
<arg>${response}</arg>
<status status="PASS" start="2024-12-01T15:25:57.918901" elapsed="0.006813"/>
</kw>
<kw name="Status Should Be" owner="RequestsLibrary">
<arg>400</arg>
<arg>${response}</arg>
<doc>Fails if response status code is different than the expected.</doc>
<status status="PASS" start="2024-12-01T15:25:57.925900" elapsed="0.000229"/>
</kw>
<kw name="Get Error Message" owner="common">
<return>
<value>${RESPONSE_JSON['errors'][0]['message']}</value>
<status status="PASS" start="2024-12-01T15:25:57.926606" elapsed="0.000059"/>
</return>
<msg time="2024-12-01T15:25:57.928139" level="INFO">${actual_error_message} = invalid request due to invalid COSPAR ID</msg>
<var>${actual_error_message}</var>
<status status="PASS" start="2024-12-01T15:25:57.926346" elapsed="0.001846"/>
</kw>
<kw name="Should Be Equal As Strings" owner="BuiltIn">
<arg>${actual_error_message}</arg>
<arg>${INVALID_COSPAR_ID_ERROR_MSG}</arg>
<doc>Fails if objects are unequal after converting them to strings.</doc>
<status status="PASS" start="2024-12-01T15:25:57.928373" elapsed="0.000631"/>
</kw>
<kw name="Get Error Source" owner="common">
<return>
<value>${RESPONSE_JSON['errors'][0]['source']}</value>
<status status="PASS" start="2024-12-01T15:25:57.929997" elapsed="0.000117"/>
</return>
<msg time="2024-12-01T15:25:57.931935" level="INFO">${actual_error_source} = data-server</msg>
<var>${actual_error_source}</var>
<status status="PASS" start="2024-12-01T15:25:57.929399" elapsed="0.002594"/>
</kw>
<kw name="Should Be Equal As Strings" owner="BuiltIn">
<arg>${actual_error_source}</arg>
<arg>${DATA_SERVER_ERROR_SOURCE}</arg>
<doc>Fails if objects are unequal after converting them to strings.</doc>
<status status="PASS" start="2024-12-01T15:25:57.932238" elapsed="0.000488"/>
</kw>
<arg>&amp;{REQ_INVALID_COSPAR_ID_YYYY-dddXXX}</arg>
<status status="PASS" start="2024-12-01T15:25:57.914325" elapsed="0.018543"/>
</kw>
<kw name="Create Satellite Configuration with Invalid COSPAR ID" owner="create_satellite_configuration_steps">
<kw name="POST On Session" owner="RequestsLibrary">
<msg time="2024-12-01T15:25:57.936519" level="INFO">POST Request : url=http://localhost:1234/configs 
 path_url=/configs 
 headers={'User-Agent': 'python-requests/2.32.3', 'Accept-Encoding': 'gzip, deflate', 'Accept': '*/*', 'Connection': 'keep-alive', 'Content-Type': 'application/json', 'Content-Length': '78'} 
 body=b'{"cospar_id": "2024567GR", "name": "New Satellite Mission", "type": "OPTICAL"}' 
 </msg>
<msg time="2024-12-01T15:25:57.936626" level="INFO">POST Response : url=http://localhost:1234/configs 
 status=400, reason=Bad Request 
 headers={'Accept': 'application/json; charset=utf-8', 'Access-Control-Allow-Headers': 'content-type, authorization, origin', 'Access-Control-Allow-Methods': 'GET, POST, PUT, DELETE, OPTIONS', 'Access-Control-Allow-Origin': '*', 'Content-Type': 'application/json', 'Date': 'Sun, 01 Dec 2024 13:25:57 GMT', 'Content-Length': '114'} 
 body={"meta":null,"data":null,"errors":[{"message":"invalid request due to invalid COSPAR ID","source":"data-server"}]} 
 </msg>
<msg time="2024-12-01T15:25:57.936792" level="INFO">${response} = &lt;Response [400]&gt;</msg>
<var>${response}</var>
<arg>api</arg>
<arg>${CONFIGURATION_URL}</arg>
<arg>headers=&amp;{HEADERS}</arg>
<arg>json=&amp;{REQ_INVALID_COSPAR_ID}</arg>
<arg>expected_status=400</arg>
<doc>Sends a POST request on a previously created HTTP Session.</doc>
<status status="PASS" start="2024-12-01T15:25:57.933989" elapsed="0.002839"/>
</kw>
<kw name="Save Response Details" owner="common">
<kw name="Log" owner="BuiltIn">
<msg time="2024-12-01T15:25:57.939148" level="INFO">Status Code : 400</msg>
<arg>Status Code : ${response.status_code}</arg>
<doc>Logs the given message with the given level.</doc>
<status status="PASS" start="2024-12-01T15:25:57.937584" elapsed="0.001639"/>
</kw>
<kw name="Log" owner="BuiltIn">
<msg time="2024-12-01T15:25:57.940738" level="INFO">Response Body : {"meta":null,"data":null,"errors":[{"message":"invalid request due to invalid COSPAR ID","source":"data-server"}]}</msg>
<arg>Response Body : ${response.text}</arg>
<doc>Logs the given message with the given level.</doc>
<status status="PASS" start="2024-12-01T15:25:57.939397" elapsed="0.001439"/>
</kw>
<kw name="Convert String To Json" owner="JSONLibrary">
<msg time="2024-12-01T15:25:57.943515" level="INFO">${response_json} = {'meta': None, 'data': None, 'errors': [{'message': 'invalid request due to invalid COSPAR ID', 'source': 'data-server'}]}</msg>
<var>${response_json}</var>
<arg>${response.text}</arg>
<doc>Convert String to JSON object</doc>
<status status="PASS" start="2024-12-01T15:25:57.941154" elapsed="0.002481"/>
</kw>
<kw name="Set Test Variable" owner="BuiltIn">
<msg time="2024-12-01T15:25:57.944693" level="INFO">${RESPONSE_JSON} = {'meta': None, 'data': None, 'errors': [{'message': 'invalid request due to invalid COSPAR ID', 'source': 'data-server'}]}</msg>
<arg>${RESPONSE_JSON}</arg>
<arg>${response_json}</arg>
<doc>Makes a variable available everywhere within the scope of the current test.</doc>
<status status="PASS" start="2024-12-01T15:25:57.944205" elapsed="0.000596"/>
</kw>
<arg>${response}</arg>
<status status="PASS" start="2024-12-01T15:25:57.937112" elapsed="0.007835"/>
</kw>
<kw name="Status Should Be" owner="RequestsLibrary">
<arg>400</arg>
<arg>${response}</arg>
<doc>Fails if response status code is different than the expected.</doc>
<status status="PASS" start="2024-12-01T15:25:57.945189" elapsed="0.000315"/>
</kw>
<kw name="Get Error Message" owner="common">
<return>
<value>${RESPONSE_JSON['errors'][0]['message']}</value>
<status status="PASS" start="2024-12-01T15:25:57.946139" elapsed="0.000084"/>
</return>
<msg time="2024-12-01T15:25:57.947755" level="INFO">${actual_error_message} = invalid request due to invalid COSPAR ID</msg>
<var>${actual_error_message}</var>
<status status="PASS" start="2024-12-01T15:25:57.945766" elapsed="0.002044"/>
</kw>
<kw name="Should Be Equal As Strings" owner="BuiltIn">
<arg>${actual_error_message}</arg>
<arg>${INVALID_COSPAR_ID_ERROR_MSG}</arg>
<doc>Fails if objects are unequal after converting them to strings.</doc>
<status status="PASS" start="2024-12-01T15:25:57.948047" elapsed="0.000377"/>
</kw>
<kw name="Get Error Source" owner="common">
<return>
<value>${RESPONSE_JSON['errors'][0]['source']}</value>
<status status="PASS" start="2024-12-01T15:25:57.949536" elapsed="0.000068"/>
</return>
<msg time="2024-12-01T15:25:57.951415" level="INFO">${actual_error_source} = data-server</msg>
<var>${actual_error_source}</var>
<status status="PASS" start="2024-12-01T15:25:57.948724" elapsed="0.002743"/>
</kw>
<kw name="Should Be Equal As Strings" owner="BuiltIn">
<arg>${actual_error_source}</arg>
<arg>${DATA_SERVER_ERROR_SOURCE}</arg>
<doc>Fails if objects are unequal after converting them to strings.</doc>
<status status="PASS" start="2024-12-01T15:25:57.951698" elapsed="0.000366"/>
</kw>
<arg>&amp;{REQ_INVALID_COSPAR_ID_YYYYdddXX}</arg>
<status status="PASS" start="2024-12-01T15:25:57.933184" elapsed="0.019012"/>
</kw>
<kw name="Create Satellite Configuration with Invalid COSPAR ID" owner="create_satellite_configuration_steps">
<kw name="POST On Session" owner="RequestsLibrary">
<msg time="2024-12-01T15:25:57.955540" level="INFO">POST Request : url=http://localhost:1234/configs 
 path_url=/configs 
 headers={'User-Agent': 'python-requests/2.32.3', 'Accept-Encoding': 'gzip, deflate', 'Accept': '*/*', 'Connection': 'keep-alive', 'Content-Type': 'application/json', 'Content-Length': '79'} 
 body=b'{"cospar_id": "2O24-567GR", "name": "New Satellite Mission", "type": "OPTICAL"}' 
 </msg>
<msg time="2024-12-01T15:25:57.955733" level="INFO">POST Response : url=http://localhost:1234/configs 
 status=400, reason=Bad Request 
 headers={'Accept': 'application/json; charset=utf-8', 'Access-Control-Allow-Headers': 'content-type, authorization, origin', 'Access-Control-Allow-Methods': 'GET, POST, PUT, DELETE, OPTIONS', 'Access-Control-Allow-Origin': '*', 'Content-Type': 'application/json', 'Date': 'Sun, 01 Dec 2024 13:25:57 GMT', 'Content-Length': '114'} 
 body={"meta":null,"data":null,"errors":[{"message":"invalid request due to invalid COSPAR ID","source":"data-server"}]} 
 </msg>
<msg time="2024-12-01T15:25:57.955978" level="INFO">${response} = &lt;Response [400]&gt;</msg>
<var>${response}</var>
<arg>api</arg>
<arg>${CONFIGURATION_URL}</arg>
[...]
<doc>Test that the request fails if the NAME field is missing.</doc>
<tag>id:update_06</tag>
<tag>service:update</tag>
<status status="PASS" start="2024-12-01T15:25:59.442888" elapsed="0.017826"/>
</test>
<test id="s1-s5-t7" name="TC07 - Missing Type" line="101">
<kw name="PUT On Session" owner="RequestsLibrary">
<msg time="2024-12-01T15:25:59.466823" level="INFO">PUT Request : url=http://localhost:1234/configs/1 
 path_url=/configs/1 
 headers={'User-Agent': 'python-requests/2.32.3', 'Accept-Encoding': 'gzip, deflate', 'Accept': '*/*', 'Connection': 'keep-alive', 'Content-Type': 'application/json', 'Content-Length': '60'} 
 body=b'{"cospar_id": "2024-003ZZ", "name": "New Satellite Mission"}' 
 </msg>
<msg time="2024-12-01T15:25:59.466982" level="INFO">PUT Response : url=http://localhost:1234/configs/1 
 status=400, reason=Bad Request 
 headers={'Accept': 'application/json; charset=utf-8', 'Access-Control-Allow-Headers': 'content-type, authorization, origin', 'Access-Control-Allow-Methods': 'GET, POST, PUT, DELETE, OPTIONS', 'Access-Control-Allow-Origin': '*', 'Content-Type': 'application/json', 'Date': 'Sun, 01 Dec 2024 13:25:59 GMT', 'Content-Length': '121'} 
 body={"meta":null,"data":null,"errors":[{"message":"invalid request due to payload type is required","source":"data-server"}]} 
 </msg>
<msg time="2024-12-01T15:25:59.467168" level="INFO">${response} = &lt;Response [400]&gt;</msg>
<var>${response}</var>
<arg>api</arg>
<arg>${CONFIGURATION_URL}/${VALID_ID}</arg>
<arg>headers=&amp;{HEADERS}</arg>
<arg>json=&amp;{REQ_MISSING_TYPE}</arg>
<arg>expected_status=400</arg>
<doc>Sends a PUT request on a previously created HTTP Session.</doc>
<status status="PASS" start="2024-12-01T15:25:59.461924" elapsed="0.005282"/>
</kw>
<kw name="Save Response Details" owner="common">
<kw name="Log" owner="BuiltIn">
<msg time="2024-12-01T15:25:59.469832" level="INFO">Status Code : 400</msg>
<arg>Status Code : ${response.status_code}</arg>
<doc>Logs the given message with the given level.</doc>
<status status="PASS" start="2024-12-01T15:25:59.468260" elapsed="0.001642"/>
</kw>
<kw name="Log" owner="BuiltIn">
<msg time="2024-12-01T15:25:59.471381" level="INFO">Response Body : {"meta":null,"data":null,"errors":[{"message":"invalid request due to payload type is required","source":"data-server"}]}</msg>
<arg>Response Body : ${response.text}</arg>
<doc>Logs the given message with the given level.</doc>
<status status="PASS" start="2024-12-01T15:25:59.470106" elapsed="0.001340"/>
</kw>
<kw name="Convert String To Json" owner="JSONLibrary">
<msg time="2024-12-01T15:25:59.472939" level="INFO">${response_json} = {'meta': None, 'data': None, 'errors': [{'message': 'invalid request due to payload type is required', 'source': 'data-server'}]}</msg>
<var>${response_json}</var>
<arg>${response.text}</arg>
<doc>Convert String to JSON object</doc>
<status status="PASS" start="2024-12-01T15:25:59.471627" elapsed="0.001351"/>
</kw>
<kw name="Set Test Variable" owner="BuiltIn">
<msg time="2024-12-01T15:25:59.473481" level="INFO">${RESPONSE_JSON} = {'meta': None, 'data': None, 'errors': [{'message': 'invalid request due to payload type is required', 'source': 'data-server'}]}</msg>
<arg>${RESPONSE_JSON}</arg>
<arg>${response_json}</arg>
<doc>Makes a variable available everywhere within the scope of the current test.</doc>
<status status="PASS" start="2024-12-01T15:25:59.473167" elapsed="0.000371"/>
</kw>
<arg>${response}</arg>
<status status="PASS" start="2024-12-01T15:25:59.467678" elapsed="0.006036"/>
</kw>
<kw name="Status Should Be" owner="RequestsLibrary">
<arg>400</arg>
<arg>${response}</arg>
<doc>Fails if response status code is different than the expected.</doc>
<status status="PASS" start="2024-12-01T15:25:59.473889" elapsed="0.000230"/>
</kw>
<kw name="Get Error Message" owner="common">
<return>
<value>${RESPONSE_JSON['errors'][0]['message']}</value>
<status status="PASS" start="2024-12-01T15:25:59.474658" elapsed="0.000047"/>
</return>
<msg time="2024-12-01T15:25:59.476850" level="INFO">${actual_error_message} = invalid request due to payload type is required</msg>
<var>${actual_error_message}</var>
<status status="PASS" start="2024-12-01T15:25:59.474346" elapsed="0.002569"/>
</kw>
<kw name="Should Be Equal As Strings" owner="BuiltIn">
<arg>${actual_error_message}</arg>
<arg>${REQUIRED_PAYLOAD_TYPE_ERROR_MSG}</arg>
<doc>Fails if objects are unequal after converting them to strings.</doc>
<status status="PASS" start="2024-12-01T15:25:59.477188" elapsed="0.000499"/>
</kw>
<kw name="Get Error Source" owner="common">
<return>
<value>${RESPONSE_JSON['errors'][0]['source']}</value>
<status status="PASS" start="2024-12-01T15:25:59.478639" elapsed="0.000093"/>
</return>
<msg time="2024-12-01T15:25:59.481242" level="INFO">${actual_error_source} = data-server</msg>
<var>${actual_error_source}</var>
<status status="PASS" start="2024-12-01T15:25:59.478054" elapsed="0.003234"/>
</kw>
<kw name="Should Be Equal As Strings" owner="BuiltIn">
<arg>${actual_error_source}</arg>
<arg>${DATA_SERVER_ERROR_SOURCE}</arg>
<doc>Fails if objects are unequal after converting them to strings.</doc>
<status status="PASS" start="2024-12-01T15:25:59.481518" elapsed="0.000347"/>
</kw>
<doc>Test that the request fails if the TYPE field is missing.</doc>
<tag>id:update_07</tag>
<tag>service:update</tag>
<status status="PASS" start="2024-12-01T15:25:59.461005" elapsed="0.021037"/>
</test>
<test id="s1-s5-t8" name="TC08 - Boundary Test - Empty Payload" line="113">
<kw name="PUT On Session" owner="RequestsLibrary">
<msg time="2024-12-01T15:25:59.485199" level="INFO">PUT Request : url=http://localhost:1234/configs/1 
 path_url=/configs/1 
 headers={'User-Agent': 'python-requests/2.32.3', 'Accept-Encoding': 'gzip, deflate', 'Accept': '*/*', 'Connection': 'keep-alive', 'Content-Type': 'application/json', 'Content-Length': '4'} 
 body=b'"{}"' 
 </msg>
<msg time="2024-12-01T15:25:59.485298" level="INFO">PUT Response : url=http://localhost:1234/configs/1 
 status=400, reason=Bad Request 
 headers={'Accept': 'application/json; charset=utf-8', 'Access-Control-Allow-Headers': 'content-type, authorization, origin', 'Access-Control-Allow-Methods': 'GET, POST, PUT, DELETE, OPTIONS', 'Access-Control-Allow-Origin': '*', 'Content-Type': 'application/json', 'Date': 'Sun, 01 Dec 2024 13:25:59 GMT', 'Content-Length': '182'} 
 body={"meta":null,"data":null,"errors":[{"message":"invalid request due to json: cannot unmarshal string into Go value of type missionconfig.UpdateMissionConfig","source":"data-server"}]} 
 </msg>
<msg time="2024-12-01T15:25:59.485449" level="INFO">${response} = &lt;Response [400]&gt;</msg>
<var>${response}</var>
<arg>api</arg>
<arg>${CONFIGURATION_URL}/${VALID_ID}</arg>
<arg>headers=&amp;{HEADERS}</arg>
<arg>json={}</arg>
<arg>expected_status=400</arg>
<doc>Sends a PUT request on a previously created HTTP Session.</doc>
<status status="PASS" start="2024-12-01T15:25:59.483051" elapsed="0.002434"/>
</kw>
<kw name="Save Response Details" owner="common">
<kw name="Log" owner="BuiltIn">
<msg time="2024-12-01T15:25:59.487815" level="INFO">Status Code : 400</msg>
<arg>Status Code : ${response.status_code}</arg>
<doc>Logs the given message with the given level.</doc>
<status status="PASS" start="2024-12-01T15:25:59.486299" elapsed="0.001587"/>
</kw>
<kw name="Log" owner="BuiltIn">
<msg time="2024-12-01T15:25:59.489949" level="INFO">Response Body : {"meta":null,"data":null,"errors":[{"message":"invalid request due to json: cannot unmarshal string into Go value of type missionconfig.UpdateMissionConfig","source":"data-server"}]}</msg>
<arg>Response Body : ${response.text}</arg>
<doc>Logs the given message with the given level.</doc>
<status status="PASS" start="2024-12-01T15:25:59.488103" elapsed="0.001968"/>
</kw>
<kw name="Convert String To Json" owner="JSONLibrary">
<msg time="2024-12-01T15:25:59.492254" level="INFO">${response_json} = {'meta': None, 'data': None, 'errors': [{'message': 'invalid request due to json: cannot unmarshal string into Go value of type missionconfig.UpdateMissionConfig', 'source': 'data-server'}]}</msg>
<var>${response_json}</var>
<arg>${response.text}</arg>
<doc>Convert String to JSON object</doc>
<status status="PASS" start="2024-12-01T15:25:59.490354" elapsed="0.001978"/>
</kw>
<kw name="Set Test Variable" owner="BuiltIn">
<msg time="2024-12-01T15:25:59.493077" level="INFO">${RESPONSE_JSON} = {'meta': None, 'data': None, 'errors': [{'message': 'invalid request due to json: cannot unmarshal string into Go value of type missionconfig.UpdateMissionConfig', 'source': 'data-server'}]}</msg>
<arg>${RESPONSE_JSON}</arg>
<arg>${response_json}</arg>
<doc>Makes a variable available everywhere within the scope of the current test.</doc>
<status status="PASS" start="2024-12-01T15:25:59.492668" elapsed="0.000555"/>
</kw>
<arg>${response}</arg>
<status status="PASS" start="2024-12-01T15:25:59.485818" elapsed="0.007542"/>
</kw>
<kw name="Status Should Be" owner="RequestsLibrary">
<arg>400</arg>
<arg>${response}</arg>
<doc>Fails if response status code is different than the expected.</doc>
<status status="PASS" start="2024-12-01T15:25:59.493584" elapsed="0.000279"/>
</kw>
<kw name="Get Error Message" owner="common">
<return>
<value>${RESPONSE_JSON['errors'][0]['message']}</value>
<status status="PASS" start="2024-12-01T15:25:59.494491" elapsed="0.000047"/>
</return>
<msg time="2024-12-01T15:25:59.496104" level="INFO">${actual_error_message} = invalid request due to json: cannot unmarshal string into Go value of type missionconfig.UpdateMissionConfig</msg>
<var>${actual_error_message}</var>
<status status="PASS" start="2024-12-01T15:25:59.494181" elapsed="0.002016"/>
</kw>
<kw name="Should Be Equal As Strings" owner="BuiltIn">
<arg>${actual_error_message}</arg>
<arg>${CANNOT_UNMARSHAL_STRING_ERROR_MSG}</arg>
<doc>Fails if objects are unequal after converting them to strings.</doc>
<status status="PASS" start="2024-12-01T15:25:59.496429" elapsed="0.000499"/>
</kw>
<kw name="Get Error Source" owner="common">
<return>
<value>${RESPONSE_JSON['errors'][0]['source']}</value>
<status status="PASS" start="2024-12-01T15:25:59.497507" elapsed="0.000045"/>
</return>
<msg time="2024-12-01T15:25:59.499138" level="INFO">${actual_error_source} = data-server</msg>
<var>${actual_error_source}</var>
<status status="PASS" start="2024-12-01T15:25:59.497214" elapsed="0.001962"/>
</kw>
<kw name="Should Be Equal As Strings" owner="BuiltIn">
<arg>${actual_error_source}</arg>
<arg>${DATA_SERVER_ERROR_SOURCE}</arg>
<doc>Fails if objects are unequal after converting them to strings.</doc>
<status status="PASS" start="2024-12-01T15:25:59.499355" elapsed="0.000307"/>
</kw>
<doc>Verify server response when sending an empty payload.</doc>
<tag>id:update_08</tag>
<tag>service:update</tag>
<status status="PASS" start="2024-12-01T15:25:59.482347" elapsed="0.017485"/>
</test>
<test id="s1-s5-t9" name="TC09 - Check Unauthorized Access" line="125">
<kw name="PUT On Session" owner="RequestsLibrary">
<msg time="2024-12-01T15:25:59.504594" level="INFO">PUT Request : url=http://localhost:1234/configs/1 
 path_url=/configs/1 
 headers={'User-Agent': 'python-requests/2.32.3', 'Accept-Encoding': 'gzip, deflate', 'Accept': '*/*', 'Connection': 'keep-alive', 'Content-Type': 'application/json', 'Authorization': 'InvalidToken', 'Content-Length': '83'} 
 body=b'{"cospar_id": "2025-235BE", "name": "Updated Satellite Mission", "type": "OPTICAL"}' 
 </msg>
<msg time="2024-12-01T15:25:59.504750" level="INFO">PUT Response : url=http://localhost:1234/configs/1 
 status=400, reason=Bad Request 
 headers={'Accept': 'application/json; charset=utf-8', 'Access-Control-Allow-Headers': 'content-type, authorization, origin', 'Access-Control-Allow-Methods': 'GET, POST, PUT, DELETE, OPTIONS', 'Access-Control-Allow-Origin': '*', 'Content-Type': 'application/json; charset=utf-8', 'Date': 'Sun, 01 Dec 2024 13:25:59 GMT', 'Content-Length': '145'} 
 body={"meta":null,"data":null,"errors":[{"message":"Could not read token, authorization token not found","type":"jwt token","source":"data-server"}]}
 
 </msg>
<msg time="2024-12-01T15:25:59.505119" level="INFO">${response} = &lt;Response [400]&gt;</msg>
<var>${response}</var>
<arg>api</arg>
<arg>${CONFIGURATION_URL}/${VALID_ID}</arg>
<arg>headers=&amp;{REQ_UNAUTHORIZED_HEADERS}</arg>
<arg>json=${REQ_VALID_OPTICAL_UPDATE}</arg>
<arg>expected_status=400</arg>
<doc>Sends a PUT request on a previously created HTTP Session.</doc>
<status status="PASS" start="2024-12-01T15:25:59.500809" elapsed="0.004368"/>
</kw>
<kw name="Save Response Details" owner="common">
<kw name="Log" owner="BuiltIn">
<msg time="2024-12-01T15:25:59.508434" level="INFO">Status Code : 400</msg>
<arg>Status Code : ${response.status_code}</arg>
<doc>Logs the given message with the given level.</doc>
<status status="PASS" start="2024-12-01T15:25:59.506725" elapsed="0.001795"/>
</kw>
<kw name="Log" owner="BuiltIn">
<msg time="2024-12-01T15:25:59.510097" level="INFO">Response Body : {"meta":null,"data":null,"errors":[{"message":"Could not read token, authorization token not found","type":"jwt token","source":"data-server"}]}
</msg>
<arg>Response Body : ${response.text}</arg>
<doc>Logs the given message with the given level.</doc>
<status status="PASS" start="2024-12-01T15:25:59.508750" elapsed="0.001415"/>
</kw>
<kw name="Convert String To Json" owner="JSONLibrary">
<msg time="2024-12-01T15:25:59.511758" level="INFO">${response_json} = {'meta': None, 'data': None, 'errors': [{'message': 'Could not read token, authorization token not found', 'type': 'jwt token', 'source': 'data-server'}]}</msg>
<var>${response_json}</var>
<arg>${response.text}</arg>
<doc>Convert String to JSON object</doc>
<status status="PASS" start="2024-12-01T15:25:59.510351" elapsed="0.001448"/>
</kw>
<kw name="Set Test Variable" owner="BuiltIn">
<msg time="2024-12-01T15:25:59.512349" level="INFO">${RESPONSE_JSON} = {'meta': None, 'data': None, 'errors': [{'message': 'Could not read token, authorization token not found', 'type': 'jwt token', 'source': 'data-server'}]}</msg>
<arg>${RESPONSE_JSON}</arg>
<arg>${response_json}</arg>
<doc>Makes a variable available everywhere within the scope of the current test.</doc>
<status status="PASS" start="2024-12-01T15:25:59.512014" elapsed="0.000394"/>
</kw>
<arg>${response}</arg>
<status status="PASS" start="2024-12-01T15:25:59.505780" elapsed="0.006722"/>
</kw>
<kw name="Status Should Be" owner="RequestsLibrary">
<arg>400</arg>
<arg>${response}</arg>
<doc>Fails if response status code is different than the expected.</doc>
<status status="PASS" start="2024-12-01T15:25:59.512678" elapsed="0.000238"/>
</kw>
<kw name="Get Error Message" owner="common">
<return>
<value>${RESPONSE_JSON['errors'][0]['message']}</value>
<status status="PASS" start="2024-12-01T15:25:59.513383" elapsed="0.000050"/>
</return>
<msg time="2024-12-01T15:25:59.515252" level="INFO">${actual_error_message} = Could not read token, authorization token not found</msg>
<var>${actual_error_message}</var>
<status status="PASS" start="2024-12-01T15:25:59.513132" elapsed="0.002172"/>
</kw>
<kw name="Should Be Equal As Strings" owner="BuiltIn">
<arg>${actual_error_message}</arg>
<arg>${AUTHORIZATION_TOKEN_NOT_FOUND_ERROR_MSG}</arg>
<doc>Fails if objects are unequal after converting them to strings.</doc>
<status status="PASS" start="2024-12-01T15:25:59.515584" elapsed="0.000386"/>
</kw>
<kw name="Get Error Source" owner="common">
<return>
<value>${RESPONSE_JSON['errors'][0]['source']}</value>
<status status="PASS" start="2024-12-01T15:25:59.516881" elapsed="0.000070"/>
</return>
<msg time="2024-12-01T15:25:59.518754" level="INFO">${actual_error_source} = data-server</msg>
<var>${actual_error_source}</var>
<status status="PASS" start="2024-12-01T15:25:59.516491" elapsed="0.002325"/>
</kw>
<kw name="Should Be Equal As Strings" owner="BuiltIn">
<arg>${actual_error_source}</arg>
<arg>${DATA_SERVER_ERROR_SOURCE}</arg>
<doc>Fails if objects are unequal after converting them to strings.</doc>
<status status="PASS" start="2024-12-01T15:25:59.519044" elapsed="0.000445"/>
</kw>
<doc>Verify server rejects requests from unauthorized users.</doc>
<tag>id:update_09</tag>
<tag>service:update</tag>
<status status="PASS" start="2024-12-01T15:25:59.500104" elapsed="0.019614"/>
</test>
<kw name="Delete All Sessions with Satellite Configuration Service" owner="common" type="TEARDOWN">
<kw name="Delete All Sessions" owner="RequestsLibrary">
<msg time="2024-12-01T15:25:59.521715" level="INFO">Deleting All Sessions</msg>
<doc>Removes all the session objects</doc>
<status status="PASS" start="2024-12-01T15:25:59.521060" elapsed="0.000850"/>
</kw>
<status status="PASS" start="2024-12-01T15:25:59.520666" elapsed="0.001369"/>
</kw>
<doc>Update satellite configuration test cases</doc>
<status status="FAIL" start="2024-12-01T15:25:59.011360" elapsed="0.510737"/>
</suite>
<status status="FAIL" start="2024-12-01T15:25:57.204690" elapsed="2.318791"/>
</suite>
<statistics>
<total>
<stat pass="29" fail="6" skip="0">All Tests</stat>
</total>
<tag>
<stat pass="0" fail="1" skip="0">id:create_01</stat>
<stat pass="1" fail="0" skip="0">id:create_02</stat>
<stat pass="1" fail="0" skip="0">id:create_03</stat>
<stat pass="1" fail="0" skip="0">id:create_04</stat>
<stat pass="1" fail="0" skip="0">id:create_05</stat>
<stat pass="1" fail="0" skip="0">id:create_06</stat>
<stat pass="0" fail="1" skip="0">id:create_07</stat>
<stat pass="1" fail="0" skip="0">id:create_08</stat>
<stat pass="1" fail="0" skip="0">id:create_09</stat>
<stat pass="1" fail="0" skip="0">id:create_10</stat>
<stat pass="0" fail="1" skip="0">id:delete_01</stat>
<stat pass="1" fail="0" skip="0">id:delete_02</stat>
<stat pass="1" fail="0" skip="0">id:delete_03</stat>
<stat pass="1" fail="0" skip="0">id:delete_04</stat>
<stat pass="1" fail="0" skip="0">id:delete_05</stat>
<stat pass="1" fail="0" skip="0">id:delete_06</stat>
<stat pass="1" fail="0" skip="0">id:list_01</stat>
<stat pass="1" fail="0" skip="0">id:list_02</stat>
<stat pass="0" fail="1" skip="0">id:list_03</stat>
<stat pass="0" fail="1" skip="0">id:list_04</stat>
<stat pass="1" fail="0" skip="0">id:list_05</stat>
<stat pass="1" fail="0" skip="0">id:retrieve_01</stat>
<stat pass="1" fail="0" skip="0">id:retrieve_02</stat>
<stat pass="1" fail="0" skip="0">id:retrieve_03</stat>
<stat pass="1" fail="0" skip="0">id:retrieve_04</stat>
<stat pass="1" fail="0" skip="0">id:retrieve_05</stat>
<stat pass="0" fail="1" skip="0">id:update_01</stat>
<stat pass="1" fail="0" skip="0">id:update_02</stat>
<stat pass="1" fail="0" skip="0">id:update_03</stat>
<stat pass="1" fail="0" skip="0">id:update_04</stat>
<stat pass="1" fail="0" skip="0">id:update_05</stat>
<stat pass="1" fail="0" skip="0">id:update_06</stat>
<stat pass="1" fail="0" skip="0">id:update_07</stat>
<stat pass="1" fail="0" skip="0">id:update_08</stat>
<stat pass="1" fail="0" skip="0">id:update_09</stat>
<stat pass="8" fail="2" skip="0">service:create</stat>
<stat pass="5" fail="1" skip="0">service:delete</stat>
<stat pass="3" fail="2" skip="0">service:list</stat>
<stat pass="5" fail="0" skip="0">service:retrieve</stat>
<stat pass="8" fail="1" skip="0">service:update</stat>
</tag>
<suite>
<stat pass="29" fail="6" skip="0" id="s1" name="Tests">Tests</stat>
<stat pass="8" fail="2" skip="0" id="s1-s1" name="Create Satellite Configuration">Tests.Create Satellite Configuration</stat>
<stat pass="5" fail="1" skip="0" id="s1-s2" name="Delete Satellite Configuration">Tests.Delete Satellite Configuration</stat>
<stat pass="3" fail="2" skip="0" id="s1-s3" name="List Satellite Configurations">Tests.List Satellite Configurations</stat>
<stat pass="5" fail="0" skip="0" id="s1-s4" name="Retrieve Satellite Configuration">Tests.Retrieve Satellite Configuration</stat>
<stat pass="8" fail="1" skip="0" id="s1-s5" name="Update Satellite Configuration">Tests.Update Satellite Configuration</stat>
</suite>
</statistics>
<errors>
</errors>
</robot>
