<?xml version="1.0" encoding="UTF-8"?>
<robot generator="Robot 7.1.1 (Python 3.12.3 on linux)" generated="2024-12-01T17:03:21.135746" rpa="false" schemaversion="5">
<suite id="s1" name="Tests" source="/home/aristotelis/Documents/SatelliteConfigurationService/tests">
<suite id="s1-s1" name="Create Satellite Configuration" source="/home/aristotelis/Documents/SatelliteConfigurationService/tests/create_satellite_configuration.robot">
<kw name="Create Session with Satellite Configuration Service" owner="common" type="SETUP">
<kw name="Create Session" owner="RequestsLibrary">
<msg time="2024-12-01T17:03:21.706999" level="INFO">Creating Session using : alias=api, url=http://localhost:1234, headers={'Content-Type': 'application/json'},                     cookies={}, auth=None, timeout=None, proxies=None, verify=False,                     debug=0 </msg>
<arg>api</arg>
<arg>${BASE_URL}</arg>
<arg>headers=&amp;{HEADERS}</arg>
<doc>Create Session: create a HTTP session to a server</doc>
<status status="PASS" start="2024-12-01T17:03:21.706475" elapsed="0.001039"/>
</kw>
<status status="PASS" start="2024-12-01T17:03:21.705332" elapsed="0.002342"/>
</kw>
<test id="s1-s1-t1" name="TC01 - Create Valid Configuration" line="14">
<kw name="Clear Mission Configuration Database" owner="common" type="SETUP">
<kw name="GET On Session" owner="RequestsLibrary">
<msg time="2024-12-01T17:03:21.716329" level="INFO">GET Request : url=http://localhost:1234/configs 
 path_url=/configs 
 headers={'User-Agent': 'python-requests/2.32.3', 'Accept-Encoding': 'gzip, deflate', 'Accept': '*/*', 'Connection': 'keep-alive', 'Content-Type': 'application/json'} 
 body=None 
 </msg>
<msg time="2024-12-01T17:03:21.716534" level="INFO">GET Response : url=http://localhost:1234/configs 
 status=200, reason=OK 
 headers={'Accept': 'application/json; charset=utf-8', 'Access-Control-Allow-Headers': 'content-type, authorization, origin', 'Access-Control-Allow-Methods': 'GET, POST, PUT, DELETE, OPTIONS', 'Access-Control-Allow-Origin': '*', 'Content-Type': 'application/json', 'Date': 'Sun, 01 Dec 2024 15:03:21 GMT', 'Content-Length': '245'} 
 body={"meta":null,"data":[{"id":1,"name":"Satellite1","type":"OPTICAL","cospar_id":"2024-003ZZ"},{"id":2,"name":"Satellite2","type":"OPTICAL","cospar_id":"2023-001BC"},{"id":3,"name":"Satellite3","type":"SAR","cospar_id":"2050-002ZZ"}],"errors":null} 
 </msg>
<msg time="2024-12-01T17:03:21.716816" level="INFO">${response} = &lt;Response [200]&gt;</msg>
<var>${response}</var>
<arg>api</arg>
<arg>${CONFIGURATION_URL}</arg>
<arg>expected_status=200</arg>
<doc>Sends a GET request on a previously created HTTP Session.</doc>
<status status="PASS" start="2024-12-01T17:03:21.709204" elapsed="0.007661"/>
</kw>
<kw name="Save Response Details" owner="common">
<kw name="Log" owner="BuiltIn">
<msg time="2024-12-01T17:03:21.719727" level="INFO">Status Code : 200</msg>
<arg>Status Code : ${response.status_code}</arg>
<doc>Logs the given message with the given level.</doc>
<status status="PASS" start="2024-12-01T17:03:21.717867" elapsed="0.001947"/>
</kw>
<kw name="Log" owner="BuiltIn">
<msg time="2024-12-01T17:03:21.721463" level="INFO">Response Body : {"meta":null,"data":[{"id":1,"name":"Satellite1","type":"OPTICAL","cospar_id":"2024-003ZZ"},{"id":2,"name":"Satellite2","type":"OPTICAL","cospar_id":"2023-001BC"},{"id":3,"name":"Satellite3","type":"SAR","cospar_id":"2050-002ZZ"}],"errors":null}</msg>
<arg>Response Body : ${response.text}</arg>
<doc>Logs the given message with the given level.</doc>
<status status="PASS" start="2024-12-01T17:03:21.720026" elapsed="0.001512"/>
</kw>
<kw name="Convert String To Json" owner="JSONLibrary">
<msg time="2024-12-01T17:03:21.723189" level="INFO">${response_json} = {'meta': None, 'data': [{'id': 1, 'name': 'Satellite1', 'type': 'OPTICAL', 'cospar_id': '2024-003ZZ'}, {'id': 2, 'name': 'Satellite2', 'type': 'OPTICAL', 'cospar_id': '2023-001BC'}, {'id': 3, 'name': ...</msg>
<var>${response_json}</var>
<arg>${response.text}</arg>
<doc>Convert String to JSON object</doc>
<status status="PASS" start="2024-12-01T17:03:21.721770" elapsed="0.001463"/>
</kw>
<kw name="Set Test Variable" owner="BuiltIn">
<msg time="2024-12-01T17:03:21.723857" level="INFO">${RESPONSE_JSON} = {'meta': None, 'data': [{'id': 1, 'name': 'Satellite1', 'type': 'OPTICAL', 'cospar_id': '2024-003ZZ'}, {'id': 2, 'name': 'Satellite2', 'type': 'OPTICAL', 'cospar_id': '2023-001BC'}, {'id': 3, 'name': ...</msg>
<arg>${RESPONSE_JSON}</arg>
<arg>${response_json}</arg>
<doc>Makes a variable available everywhere within the scope of the current test.</doc>
<status status="PASS" start="2024-12-01T17:03:21.723461" elapsed="0.000464"/>
</kw>
<arg>${response}</arg>
<status status="PASS" start="2024-12-01T17:03:21.717229" elapsed="0.006807"/>
</kw>
<kw name="Get Data" owner="common">
<return>
<value>${RESPONSE_JSON['data']}</value>
<status status="PASS" start="2024-12-01T17:03:21.724985" elapsed="0.000126"/>
</return>
<msg time="2024-12-01T17:03:21.727018" level="INFO">${response_data} = [{'id': 1, 'name': 'Satellite1', 'type': 'OPTICAL', 'cospar_id': '2024-003ZZ'}, {'id': 2, 'name': 'Satellite2', 'type': 'OPTICAL', 'cospar_id': '2023-001BC'}, {'id': 3, 'name': 'Satellite3', 'type': '...</msg>
<var>${response_data}</var>
<status status="PASS" start="2024-12-01T17:03:21.724468" elapsed="0.002626"/>
</kw>
<kw name="Get Length" owner="BuiltIn">
<msg time="2024-12-01T17:03:21.727670" level="INFO">Length is 3.</msg>
<msg time="2024-12-01T17:03:21.727833" level="INFO">${number_of_configurations} = 3</msg>
<var>${number_of_configurations}</var>
<arg>${response_data}</arg>
<doc>Returns and logs the length of the given item as an integer.</doc>
<status status="PASS" start="2024-12-01T17:03:21.727368" elapsed="0.000507"/>
</kw>
<for flavor="IN RANGE">
<iter>
<kw name="Get Data Configuration ID" owner="common">
<if>
<branch type="IF" condition="'${data_index}'=='None'">
<return>
<value>${RESPONSE_JSON['data']['id']}</value>
<status status="NOT RUN" start="2024-12-01T17:03:21.729513" elapsed="0.000027"/>
</return>
<status status="NOT RUN" start="2024-12-01T17:03:21.729289" elapsed="0.000351"/>
</branch>
<branch type="ELSE">
<return>
<value>${RESPONSE_JSON['data'][${data_index}]['id']}</value>
<status status="PASS" start="2024-12-01T17:03:21.729754" elapsed="0.000055"/>
</return>
<status status="PASS" start="2024-12-01T17:03:21.729692" elapsed="0.000195"/>
</branch>
<status status="PASS" start="2024-12-01T17:03:21.729249" elapsed="0.000708"/>
</if>
<msg time="2024-12-01T17:03:21.731990" level="INFO">${id} = 1</msg>
<var>${id}</var>
<arg>${i}</arg>
<status status="PASS" start="2024-12-01T17:03:21.728752" elapsed="0.003292"/>
</kw>
<kw name="DELETE On Session" owner="RequestsLibrary">
<msg time="2024-12-01T17:03:21.736933" level="INFO">DELETE Request : url=http://localhost:1234/configs/1 
 path_url=/configs/1 
 headers={'User-Agent': 'python-requests/2.32.3', 'Accept-Encoding': 'gzip, deflate', 'Accept': '*/*', 'Connection': 'keep-alive', 'Content-Type': 'application/json', 'Content-Length': '0'} 
 body=None 
 </msg>
<msg time="2024-12-01T17:03:21.737051" level="INFO">DELETE Response : url=http://localhost:1234/configs/1 
 status=200, reason=OK 
 headers={'Accept': 'application/json; charset=utf-8', 'Access-Control-Allow-Headers': 'content-type, authorization, origin', 'Access-Control-Allow-Methods': 'GET, POST, PUT, DELETE, OPTIONS', 'Access-Control-Allow-Origin': '*', 'Content-Type': 'application/json', 'Date': 'Sun, 01 Dec 2024 15:03:21 GMT', 'Content-Length': '84'} 
 body={"meta":null,"data":{"message":"Mission config deleted successfully"},"errors":null} 
 </msg>
<arg>api</arg>
<arg>${CONFIGURATION_URL}/${id}</arg>
<arg>headers=&amp;{HEADERS}</arg>
<arg>expected_status=200</arg>
<doc>Sends a DELETE request on a previously created HTTP Session.</doc>
<status status="PASS" start="2024-12-01T17:03:21.732272" elapsed="0.004897"/>
</kw>
<var name="${i}">0</var>
<status status="PASS" start="2024-12-01T17:03:21.728402" elapsed="0.008874"/>
</iter>
<iter>
<kw name="Get Data Configuration ID" owner="common">
<if>
<branch type="IF" condition="'${data_index}'=='None'">
<return>
<value>${RESPONSE_JSON['data']['id']}</value>
<status status="NOT RUN" start="2024-12-01T17:03:21.739042" elapsed="0.000039"/>
</return>
<status status="NOT RUN" start="2024-12-01T17:03:21.738783" elapsed="0.000501"/>
</branch>
<branch type="ELSE">
<return>
<value>${RESPONSE_JSON['data'][${data_index}]['id']}</value>
<status status="PASS" start="2024-12-01T17:03:21.739453" elapsed="0.000075"/>
</return>
<status status="PASS" start="2024-12-01T17:03:21.739363" elapsed="0.000256"/>
</branch>
<status status="PASS" start="2024-12-01T17:03:21.738734" elapsed="0.000937"/>
</if>
<msg time="2024-12-01T17:03:21.741394" level="INFO">${id} = 2</msg>
<var>${id}</var>
<arg>${i}</arg>
<status status="PASS" start="2024-12-01T17:03:21.738126" elapsed="0.003331"/>
</kw>
<kw name="DELETE On Session" owner="RequestsLibrary">
<msg time="2024-12-01T17:03:21.744378" level="INFO">DELETE Request : url=http://localhost:1234/configs/2 
 path_url=/configs/2 
 headers={'User-Agent': 'python-requests/2.32.3', 'Accept-Encoding': 'gzip, deflate', 'Accept': '*/*', 'Connection': 'keep-alive', 'Content-Type': 'application/json', 'Content-Length': '0'} 
 body=None 
 </msg>
<msg time="2024-12-01T17:03:21.744495" level="INFO">DELETE Response : url=http://localhost:1234/configs/2 
 status=200, reason=OK 
 headers={'Accept': 'application/json; charset=utf-8', 'Access-Control-Allow-Headers': 'content-type, authorization, origin', 'Access-Control-Allow-Methods': 'GET, POST, PUT, DELETE, OPTIONS', 'Access-Control-Allow-Origin': '*', 'Content-Type': 'application/json', 'Date': 'Sun, 01 Dec 2024 15:03:21 GMT', 'Content-Length': '84'} 
 body={"meta":null,"data":{"message":"Mission config deleted successfully"},"errors":null} 
 </msg>
<arg>api</arg>
<arg>${CONFIGURATION_URL}/${id}</arg>
<arg>headers=&amp;{HEADERS}</arg>
<arg>expected_status=200</arg>
<doc>Sends a DELETE request on a previously created HTTP Session.</doc>
<status status="PASS" start="2024-12-01T17:03:21.741709" elapsed="0.002925"/>
</kw>
<var name="${i}">1</var>
<status status="PASS" start="2024-12-01T17:03:21.737662" elapsed="0.007068"/>
</iter>
<iter>
<kw name="Get Data Configuration ID" owner="common">
<if>
<branch type="IF" condition="'${data_index}'=='None'">
<return>
<value>${RESPONSE_JSON['data']['id']}</value>
<status status="NOT RUN" start="2024-12-01T17:03:21.745915" elapsed="0.000022"/>
</return>
<status status="NOT RUN" start="2024-12-01T17:03:21.745722" elapsed="0.000277"/>
</branch>
<branch type="ELSE">
<return>
<value>${RESPONSE_JSON['data'][${data_index}]['id']}</value>
<status status="PASS" start="2024-12-01T17:03:21.746105" elapsed="0.000048"/>
</return>
<status status="PASS" start="2024-12-01T17:03:21.746054" elapsed="0.000169"/>
</branch>
<status status="PASS" start="2024-12-01T17:03:21.745688" elapsed="0.000574"/>
</if>
<msg time="2024-12-01T17:03:21.747998" level="INFO">${id} = 3</msg>
<var>${id}</var>
<arg>${i}</arg>
<status status="PASS" start="2024-12-01T17:03:21.745232" elapsed="0.002816"/>
</kw>
<kw name="DELETE On Session" owner="RequestsLibrary">
<msg time="2024-12-01T17:03:21.750449" level="INFO">DELETE Request : url=http://localhost:1234/configs/3 
 path_url=/configs/3 
 headers={'User-Agent': 'python-requests/2.32.3', 'Accept-Encoding': 'gzip, deflate', 'Accept': '*/*', 'Connection': 'keep-alive', 'Content-Type': 'application/json', 'Content-Length': '0'} 
 body=None 
 </msg>
<msg time="2024-12-01T17:03:21.750596" level="INFO">DELETE Response : url=http://localhost:1234/configs/3 
 status=200, reason=OK 
 headers={'Accept': 'application/json; charset=utf-8', 'Access-Control-Allow-Headers': 'content-type, authorization, origin', 'Access-Control-Allow-Methods': 'GET, POST, PUT, DELETE, OPTIONS', 'Access-Control-Allow-Origin': '*', 'Content-Type': 'application/json', 'Date': 'Sun, 01 Dec 2024 15:03:21 GMT', 'Content-Length': '84'} 
 body={"meta":null,"data":{"message":"Mission config deleted successfully"},"errors":null} 
 </msg>
<arg>api</arg>
<arg>${CONFIGURATION_URL}/${id}</arg>
<arg>headers=&amp;{HEADERS}</arg>
<arg>expected_status=200</arg>
<doc>Sends a DELETE request on a previously created HTTP Session.</doc>
<status status="PASS" start="2024-12-01T17:03:21.748250" elapsed="0.002585"/>
</kw>
<var name="${i}">2</var>
<status status="PASS" start="2024-12-01T17:03:21.744930" elapsed="0.006066"/>
</iter>
<var>${i}</var>
<value>0</value>
<value>${number_of_configurations}</value>
<status status="PASS" start="2024-12-01T17:03:21.728018" elapsed="0.023060"/>
</for>
<status status="PASS" start="2024-12-01T17:03:21.708810" elapsed="0.042440"/>
</kw>
<kw name="Create Satellite Configuration" owner="create_satellite_configuration_steps">
<kw name="POST On Session" owner="RequestsLibrary">
<msg time="2024-12-01T17:03:21.755916" level="INFO">POST Request : url=http://localhost:1234/configs 
 path_url=/configs 
 headers={'User-Agent': 'python-requests/2.32.3', 'Accept-Encoding': 'gzip, deflate', 'Accept': '*/*', 'Connection': 'keep-alive', 'Content-Type': 'application/json', 'Content-Length': '79'} 
 body=b'{"cospar_id": "2024-111GR", "name": "New Satellite Mission", "type": "OPTICAL"}' 
 </msg>
<msg time="2024-12-01T17:03:21.756053" level="INFO">POST Response : url=http://localhost:1234/configs 
 status=200, reason=OK 
 headers={'Accept': 'application/json; charset=utf-8', 'Access-Control-Allow-Headers': 'content-type, authorization, origin', 'Access-Control-Allow-Methods': 'GET, POST, PUT, DELETE, OPTIONS', 'Access-Control-Allow-Origin': '*', 'Content-Type': 'application/json', 'Date': 'Sun, 01 Dec 2024 15:03:21 GMT', 'Content-Length': '84'} 
 body={"meta":null,"data":{"message":"Mission config created successfully"},"errors":null} 
 </msg>
<msg time="2024-12-01T17:03:21.756293" level="INFO">${response} = &lt;Response [200]&gt;</msg>
<var>${response}</var>
<arg>api</arg>
<arg>${CONFIGURATION_URL}</arg>
<arg>headers=&amp;{HEADERS}</arg>
<arg>json=&amp;{REQ_VALID_PAYLOAD}</arg>
<arg>expected_status=200</arg>
<doc>Sends a POST request on a previously created HTTP Session.</doc>
<status status="PASS" start="2024-12-01T17:03:21.752571" elapsed="0.003764"/>
</kw>
<kw name="Save Response Details" owner="common">
<kw name="Log" owner="BuiltIn">
<msg time="2024-12-01T17:03:21.759150" level="INFO">Status Code : 200</msg>
<arg>Status Code : ${response.status_code}</arg>
<doc>Logs the given message with the given level.</doc>
<status status="PASS" start="2024-12-01T17:03:21.757354" elapsed="0.001875"/>
</kw>
<kw name="Log" owner="BuiltIn">
<msg time="2024-12-01T17:03:21.760833" level="INFO">Response Body : {"meta":null,"data":{"message":"Mission config created successfully"},"errors":null}</msg>
<arg>Response Body : ${response.text}</arg>
<doc>Logs the given message with the given level.</doc>
<status status="PASS" start="2024-12-01T17:03:21.759458" elapsed="0.001446"/>
</kw>
<kw name="Convert String To Json" owner="JSONLibrary">
<msg time="2024-12-01T17:03:21.762544" level="INFO">${response_json} = {'meta': None, 'data': {'message': 'Mission config created successfully'}, 'errors': None}</msg>
<var>${response_json}</var>
<arg>${response.text}</arg>
<doc>Convert String to JSON object</doc>
<status status="PASS" start="2024-12-01T17:03:21.761124" elapsed="0.001470"/>
</kw>
<kw name="Set Test Variable" owner="BuiltIn">
<msg time="2024-12-01T17:03:21.763140" level="INFO">${RESPONSE_JSON} = {'meta': None, 'data': {'message': 'Mission config created successfully'}, 'errors': None}</msg>
<arg>${RESPONSE_JSON}</arg>
<arg>${response_json}</arg>
<doc>Makes a variable available everywhere within the scope of the current test.</doc>
<status status="PASS" start="2024-12-01T17:03:21.762791" elapsed="0.000414"/>
</kw>
<arg>${response}</arg>
<status status="PASS" start="2024-12-01T17:03:21.756720" elapsed="0.006584"/>
</kw>
<kw name="Status Should Be" owner="RequestsLibrary">
<arg>200</arg>
<arg>${response}</arg>
<doc>Fails if response status code is different than the expected.</doc>
<status status="PASS" start="2024-12-01T17:03:21.763474" elapsed="0.000372"/>
</kw>
<kw name="Get Meta" owner="common">
<return>
<value>${RESPONSE_JSON['meta']}</value>
<status status="PASS" start="2024-12-01T17:03:21.764740" elapsed="0.000060"/>
</return>
<msg time="2024-12-01T17:03:21.766695" level="INFO">${actual_meta} = None</msg>
<var>${actual_meta}</var>
<status status="PASS" start="2024-12-01T17:03:21.764249" elapsed="0.002511"/>
</kw>
<kw name="Should Be Equal" owner="BuiltIn">
<arg>${actual_meta}</arg>
<arg>${None}</arg>
<doc>Fails if the given objects are unequal.</doc>
<status status="PASS" start="2024-12-01T17:03:21.767039" elapsed="0.000413"/>
</kw>
<kw name="Get Data Message" owner="common">
<return>
<value>${RESPONSE_JSON['data']['message']}</value>
<status status="PASS" start="2024-12-01T17:03:21.768208" elapsed="0.000052"/>
</return>
<msg time="2024-12-01T17:03:21.770143" level="INFO">${actual_data_message} = Mission config created successfully</msg>
<var>${actual_data_message}</var>
<status status="PASS" start="2024-12-01T17:03:21.767820" elapsed="0.002371"/>
</kw>
<kw name="Should Be Equal As Strings" owner="BuiltIn">
<msg time="2024-12-01T17:03:21.770963" level="FAIL">Mission config created successfully != Mission configuration created successfully.</msg>
<arg>${actual_data_message}</arg>
<arg>${MISSION_CONFIG_CREATED_DATA_MSG}</arg>
<doc>Fails if objects are unequal after converting them to strings.</doc>
<status status="FAIL" start="2024-12-01T17:03:21.770448" elapsed="0.001176">Mission config created successfully != Mission configuration created successfully.</status>
</kw>
<kw name="Get Errors" owner="common">
<var>${actual_errors}</var>
<status status="NOT RUN" start="2024-12-01T17:03:21.771938" elapsed="0.000038"/>
</kw>
<kw name="Should Be Equal" owner="BuiltIn">
<arg>${actual_errors}</arg>
<arg>${None}</arg>
<doc>Fails if the given objects are unequal.</doc>
<status status="NOT RUN" start="2024-12-01T17:03:21.772153" elapsed="0.000028"/>
</kw>
<arg>&amp;{REQ_VALID_OPTICAL_PAYLOAD}</arg>
<status status="FAIL" start="2024-12-01T17:03:21.751673" elapsed="0.020704">Mission config created successfully != Mission configuration created successfully.</status>
</kw>
<kw name="Create Satellite Configuration" owner="create_satellite_configuration_steps">
<kw name="POST On Session" owner="RequestsLibrary">
<msg time="2024-12-01T17:03:21.776093" level="INFO">POST Request : url=http://localhost:1234/configs 
 path_url=/configs 
 headers={'User-Agent': 'python-requests/2.32.3', 'Accept-Encoding': 'gzip, deflate', 'Accept': '*/*', 'Connection': 'keep-alive', 'Content-Type': 'application/json', 'Content-Length': '77'} 
 body=b'{"cospar_id": "2024-111GR", "name": "New Satellite Mission", "type": "OPTIC"}' 
 </msg>
<msg time="2024-12-01T17:03:21.776192" level="INFO">POST Response : url=http://localhost:1234/configs 
 status=400, reason=Bad Request 
 headers={'Accept': 'application/json; charset=utf-8', 'Access-Control-Allow-Headers': 'content-type, authorization, origin', 'Access-Control-Allow-Methods': 'GET, POST, PUT, DELETE, OPTIONS', 'Access-Control-Allow-Origin': '*', 'Content-Type': 'application/json', 'Date': 'Sun, 01 Dec 2024 15:03:21 GMT', 'Content-Length': '117'} 
 body={"meta":null,"data":null,"errors":[{"message":"invalid request due to invalid payload type","source":"data-server"}]} 
 </msg>
<msg time="2024-12-01T17:03:21.776353" level="FAIL">Url: http://localhost:1234/configs Expected status: 400 != 200</msg>
<var>${response}</var>
<arg>api</arg>
<arg>${CONFIGURATION_URL}</arg>
<arg>headers=&amp;{HEADERS}</arg>
<arg>json=&amp;{REQ_VALID_PAYLOAD}</arg>
<arg>expected_status=200</arg>
<doc>Sends a POST request on a previously created HTTP Session.</doc>
<status status="FAIL" start="2024-12-01T17:03:21.773294" elapsed="0.006369">Url: http://localhost:1234/configs Expected status: 400 != 200</status>
</kw>
<kw name="Save Response Details" owner="common">
<arg>${response}</arg>
<status status="NOT RUN" start="2024-12-01T17:03:21.780068" elapsed="0.000054"/>
</kw>
<kw name="Status Should Be" owner="RequestsLibrary">
<arg>200</arg>
<arg>${response}</arg>
<doc>Fails if response status code is different than the expected.</doc>
<status status="NOT RUN" start="2024-12-01T17:03:21.780372" elapsed="0.000045"/>
</kw>
<kw name="Get Meta" owner="common">
<var>${actual_meta}</var>
<status status="NOT RUN" start="2024-12-01T17:03:21.780741" elapsed="0.000056"/>
</kw>
<kw name="Should Be Equal" owner="BuiltIn">
<arg>${actual_meta}</arg>
<arg>${None}</arg>
<doc>Fails if the given objects are unequal.</doc>
<status status="NOT RUN" start="2024-12-01T17:03:21.781038" elapsed="0.000034"/>
</kw>
<kw name="Get Data Message" owner="common">
<var>${actual_data_message}</var>
<status status="NOT RUN" start="2024-12-01T17:03:21.781365" elapsed="0.000047"/>
</kw>
<kw name="Should Be Equal As Strings" owner="BuiltIn">
<arg>${actual_data_message}</arg>
<arg>${MISSION_CONFIG_CREATED_DATA_MSG}</arg>
<doc>Fails if objects are unequal after converting them to strings.</doc>
<status status="NOT RUN" start="2024-12-01T17:03:21.781629" elapsed="0.000041"/>
</kw>
<kw name="Get Errors" owner="common">
<var>${actual_errors}</var>
<status status="NOT RUN" start="2024-12-01T17:03:21.781922" elapsed="0.000037"/>
</kw>
<kw name="Should Be Equal" owner="BuiltIn">
<arg>${actual_errors}</arg>
<arg>${None}</arg>
<doc>Fails if the given objects are unequal.</doc>
<status status="NOT RUN" start="2024-12-01T17:03:21.782158" elapsed="0.000032"/>
</kw>
<arg>&amp;{REQ_VALID_OPTIC_PAYLOAD}</arg>
<status status="FAIL" start="2024-12-01T17:03:21.772701" elapsed="0.009681">Url: http://localhost:1234/configs Expected status: 400 != 200</status>
</kw>
<kw name="Create Satellite Configuration" owner="create_satellite_configuration_steps">
<kw name="POST On Session" owner="RequestsLibrary">
<msg time="2024-12-01T17:03:21.786105" level="INFO">POST Request : url=http://localhost:1234/configs 
 path_url=/configs 
 headers={'User-Agent': 'python-requests/2.32.3', 'Accept-Encoding': 'gzip, deflate', 'Accept': '*/*', 'Connection': 'keep-alive', 'Content-Type': 'application/json', 'Content-Length': '75'} 
 body=b'{"cospar_id": "2024-222UK", "name": "New Satellite Mission", "type": "SAR"}' 
 </msg>
<msg time="2024-12-01T17:03:21.786207" level="INFO">POST Response : url=http://localhost:1234/configs 
 status=200, reason=OK 
 headers={'Accept': 'application/json; charset=utf-8', 'Access-Control-Allow-Headers': 'content-type, authorization, origin', 'Access-Control-Allow-Methods': 'GET, POST, PUT, DELETE, OPTIONS', 'Access-Control-Allow-Origin': '*', 'Content-Type': 'application/json', 'Date': 'Sun, 01 Dec 2024 15:03:21 GMT', 'Content-Length': '84'} 
 body={"meta":null,"data":{"message":"Mission config created successfully"},"errors":null} 
 </msg>
<msg time="2024-12-01T17:03:21.786363" level="INFO">${response} = &lt;Response [200]&gt;</msg>
<var>${response}</var>
<arg>api</arg>
<arg>${CONFIGURATION_URL}</arg>
<arg>headers=&amp;{HEADERS}</arg>
<arg>json=&amp;{REQ_VALID_PAYLOAD}</arg>
<arg>expected_status=200</arg>
<doc>Sends a POST request on a previously created HTTP Session.</doc>
<status status="PASS" start="2024-12-01T17:03:21.783493" elapsed="0.002907"/>
</kw>
<kw name="Save Response Details" owner="common">
<kw name="Log" owner="BuiltIn">
<msg time="2024-12-01T17:03:21.788751" level="INFO">Status Code : 200</msg>
<arg>Status Code : ${response.status_code}</arg>
<doc>Logs the given message with the given level.</doc>
<status status="PASS" start="2024-12-01T17:03:21.787198" elapsed="0.001627"/>
</kw>
<kw name="Log" owner="BuiltIn">
<msg time="2024-12-01T17:03:21.790235" level="INFO">Response Body : {"meta":null,"data":{"message":"Mission config created successfully"},"errors":null}</msg>
<arg>Response Body : ${response.text}</arg>
<doc>Logs the given message with the given level.</doc>
<status status="PASS" start="2024-12-01T17:03:21.789005" elapsed="0.001306"/>
</kw>
<kw name="Convert String To Json" owner="JSONLibrary">
<msg time="2024-12-01T17:03:21.792363" level="INFO">${response_json} = {'meta': None, 'data': {'message': 'Mission config created successfully'}, 'errors': None}</msg>
<var>${response_json}</var>
<arg>${response.text}</arg>
<doc>Convert String to JSON object</doc>
<status status="PASS" start="2024-12-01T17:03:21.790572" elapsed="0.001869"/>
</kw>
<kw name="Set Test Variable" owner="BuiltIn">
<msg time="2024-12-01T17:03:21.793298" level="INFO">${RESPONSE_JSON} = {'meta': None, 'data': {'message': 'Mission config created successfully'}, 'errors': None}</msg>
<arg>${RESPONSE_JSON}</arg>
<arg>${response_json}</arg>
<doc>Makes a variable available everywhere within the scope of the current test.</doc>
<status status="PASS" start="2024-12-01T17:03:21.792845" elapsed="0.000556"/>
</kw>
<arg>${response}</arg>
<status status="PASS" start="2024-12-01T17:03:21.786700" elapsed="0.006878"/>
</kw>
<kw name="Status Should Be" owner="RequestsLibrary">
<arg>200</arg>
<arg>${response}</arg>
<doc>Fails if response status code is different than the expected.</doc>
<status status="PASS" start="2024-12-01T17:03:21.793808" elapsed="0.000389"/>
</kw>
<kw name="Get Meta" owner="common">
<return>
<value>${RESPONSE_JSON['meta']}</value>
<status status="PASS" start="2024-12-01T17:03:21.794928" elapsed="0.000063"/>
</return>
<msg time="2024-12-01T17:03:21.796650" level="INFO">${actual_meta} = None</msg>
<var>${actual_meta}</var>
<status status="PASS" start="2024-12-01T17:03:21.794533" elapsed="0.002173"/>
</kw>
<kw name="Should Be Equal" owner="BuiltIn">
<arg>${actual_meta}</arg>
<arg>${None}</arg>
<doc>Fails if the given objects are unequal.</doc>
<status status="PASS" start="2024-12-01T17:03:21.796935" elapsed="0.000375"/>
</kw>
<kw name="Get Data Message" owner="common">
<return>
<value>${RESPONSE_JSON['data']['message']}</value>
<status status="PASS" start="2024-12-01T17:03:21.797903" elapsed="0.000049"/>
</return>
<msg time="2024-12-01T17:03:21.799701" level="INFO">${actual_data_message} = Mission config created successfully</msg>
<var>${actual_data_message}</var>
<status status="PASS" start="2024-12-01T17:03:21.797601" elapsed="0.002146"/>
</kw>
<kw name="Should Be Equal As Strings" owner="BuiltIn">
<msg time="2024-12-01T17:03:21.800391" level="FAIL">Mission config created successfully != Mission configuration created successfully.</msg>
<arg>${actual_data_message}</arg>
<arg>${MISSION_CONFIG_CREATED_DATA_MSG}</arg>
<doc>Fails if objects are unequal after converting them to strings.</doc>
<status status="FAIL" start="2024-12-01T17:03:21.799965" elapsed="0.000525">Mission config created successfully != Mission configuration created successfully.</status>
</kw>
<kw name="Get Errors" owner="common">
<var>${actual_errors}</var>
<status status="NOT RUN" start="2024-12-01T17:03:21.801142" elapsed="0.000037"/>
</kw>
<kw name="Should Be Equal" owner="BuiltIn">
<arg>${actual_errors}</arg>
<arg>${None}</arg>
<doc>Fails if the given objects are unequal.</doc>
<status status="NOT RUN" start="2024-12-01T17:03:21.801349" elapsed="0.000032"/>
</kw>
<arg>&amp;{REQ_VALID_SAR_PAYLOAD}</arg>
<status status="FAIL" start="2024-12-01T17:03:21.782769" elapsed="0.018752">Mission config created successfully != Mission configuration created successfully.</status>
</kw>
<kw name="Create Satellite Configuration" owner="create_satellite_configuration_steps">
<kw name="POST On Session" owner="RequestsLibrary">
<msg time="2024-12-01T17:03:21.804960" level="INFO">POST Request : url=http://localhost:1234/configs 
 path_url=/configs 
 headers={'User-Agent': 'python-requests/2.32.3', 'Accept-Encoding': 'gzip, deflate', 'Accept': '*/*', 'Connection': 'keep-alive', 'Content-Type': 'application/json', 'Content-Length': '76'} 
 body=b'{"cospar_id": "2024-222UK", "name": "New Satellite Mission", "type": "SARS"}' 
 </msg>
<msg time="2024-12-01T17:03:21.805139" level="INFO">POST Response : url=http://localhost:1234/configs 
 status=400, reason=Bad Request 
 headers={'Accept': 'application/json; charset=utf-8', 'Access-Control-Allow-Headers': 'content-type, authorization, origin', 'Access-Control-Allow-Methods': 'GET, POST, PUT, DELETE, OPTIONS', 'Access-Control-Allow-Origin': '*', 'Content-Type': 'application/json', 'Date': 'Sun, 01 Dec 2024 15:03:21 GMT', 'Content-Length': '117'} 
 body={"meta":null,"data":null,"errors":[{"message":"invalid request due to invalid payload type","source":"data-server"}]} 
 </msg>
<msg time="2024-12-01T17:03:21.805480" level="FAIL">Url: http://localhost:1234/configs Expected status: 400 != 200</msg>
<var>${response}</var>
<arg>api</arg>
<arg>${CONFIGURATION_URL}</arg>
<arg>headers=&amp;{HEADERS}</arg>
<arg>json=&amp;{REQ_VALID_PAYLOAD}</arg>
<arg>expected_status=200</arg>
<doc>Sends a POST request on a previously created HTTP Session.</doc>
<status status="FAIL" start="2024-12-01T17:03:21.802353" elapsed="0.004098">Url: http://localhost:1234/configs Expected status: 400 != 200</status>
</kw>
<kw name="Save Response Details" owner="common">
<arg>${response}</arg>
<status status="NOT RUN" start="2024-12-01T17:03:21.806906" elapsed="0.000066"/>
</kw>
<kw name="Status Should Be" owner="RequestsLibrary">
<arg>200</arg>
<arg>${response}</arg>
<doc>Fails if response status code is different than the expected.</doc>
<status status="NOT RUN" start="2024-12-01T17:03:21.807257" elapsed="0.000046"/>
</kw>
<kw name="Get Meta" owner="common">
<var>${actual_meta}</var>
<status status="NOT RUN" start="2024-12-01T17:03:21.807601" elapsed="0.000051"/>
</kw>
<kw name="Should Be Equal" owner="BuiltIn">
<arg>${actual_meta}</arg>
<arg>${None}</arg>
<doc>Fails if the given objects are unequal.</doc>
<status status="NOT RUN" start="2024-12-01T17:03:21.807876" elapsed="0.000043"/>
</kw>
<kw name="Get Data Message" owner="common">
<var>${actual_data_message}</var>
<status status="NOT RUN" start="2024-12-01T17:03:21.808202" elapsed="0.000048"/>
</kw>
<kw name="Should Be Equal As Strings" owner="BuiltIn">
<arg>${actual_data_message}</arg>
<arg>${MISSION_CONFIG_CREATED_DATA_MSG}</arg>
<doc>Fails if objects are unequal after converting them to strings.</doc>
<status status="NOT RUN" start="2024-12-01T17:03:21.808464" elapsed="0.000030"/>
</kw>
<kw name="Get Errors" owner="common">
<var>${actual_errors}</var>
<status status="NOT RUN" start="2024-12-01T17:03:21.808738" elapsed="0.000047"/>
</kw>
<kw name="Should Be Equal" owner="BuiltIn">
<arg>${actual_errors}</arg>
<arg>${None}</arg>
<doc>Fails if the given objects are unequal.</doc>
<status status="NOT RUN" start="2024-12-01T17:03:21.808970" elapsed="0.000028"/>
</kw>
<arg>&amp;{REQ_VALID_SARS_PAYLOAD}</arg>
<status status="FAIL" start="2024-12-01T17:03:21.801809" elapsed="0.007368">Url: http://localhost:1234/configs Expected status: 400 != 200</status>
</kw>
<kw name="Create Satellite Configuration" owner="create_satellite_configuration_steps">
<kw name="POST On Session" owner="RequestsLibrary">
<msg time="2024-12-01T17:03:21.812967" level="INFO">POST Request : url=http://localhost:1234/configs 
 path_url=/configs 
 headers={'User-Agent': 'python-requests/2.32.3', 'Accept-Encoding': 'gzip, deflate', 'Accept': '*/*', 'Connection': 'keep-alive', 'Content-Type': 'application/json', 'Content-Length': '79'} 
 body=b'{"cospar_id": "2024-333RU", "name": "New Satellite Mission", "type": "TELECOM"}' 
 </msg>
<msg time="2024-12-01T17:03:21.813072" level="INFO">POST Response : url=http://localhost:1234/configs 
 status=200, reason=OK 
 headers={'Accept': 'application/json; charset=utf-8', 'Access-Control-Allow-Headers': 'content-type, authorization, origin', 'Access-Control-Allow-Methods': 'GET, POST, PUT, DELETE, OPTIONS', 'Access-Control-Allow-Origin': '*', 'Content-Type': 'application/json', 'Date': 'Sun, 01 Dec 2024 15:03:21 GMT', 'Content-Length': '84'} 
 body={"meta":null,"data":{"message":"Mission config created successfully"},"errors":null} 
 </msg>
<msg time="2024-12-01T17:03:21.813255" level="INFO">${response} = &lt;Response [200]&gt;</msg>
<var>${response}</var>
<arg>api</arg>
<arg>${CONFIGURATION_URL}</arg>
<arg>headers=&amp;{HEADERS}</arg>
<arg>json=&amp;{REQ_VALID_PAYLOAD}</arg>
<arg>expected_status=200</arg>
<doc>Sends a POST request on a previously created HTTP Session.</doc>
<status status="PASS" start="2024-12-01T17:03:21.810208" elapsed="0.003087"/>
</kw>
<kw name="Save Response Details" owner="common">
<kw name="Log" owner="BuiltIn">
<msg time="2024-12-01T17:03:21.815686" level="INFO">Status Code : 200</msg>
<arg>Status Code : ${response.status_code}</arg>
<doc>Logs the given message with the given level.</doc>
<status status="PASS" start="2024-12-01T17:03:21.814120" elapsed="0.001714"/>
</kw>
<kw name="Log" owner="BuiltIn">
<msg time="2024-12-01T17:03:21.817399" level="INFO">Response Body : {"meta":null,"data":{"message":"Mission config created successfully"},"errors":null}</msg>
<arg>Response Body : ${response.text}</arg>
<doc>Logs the given message with the given level.</doc>
<status status="PASS" start="2024-12-01T17:03:21.816023" elapsed="0.001474"/>
</kw>
<kw name="Convert String To Json" owner="JSONLibrary">
<msg time="2024-12-01T17:03:21.819641" level="INFO">${response_json} = {'meta': None, 'data': {'message': 'Mission config created successfully'}, 'errors': None}</msg>
<var>${response_json}</var>
<arg>${response.text}</arg>
<doc>Convert String to JSON object</doc>
<status status="PASS" start="2024-12-01T17:03:21.817862" elapsed="0.001841"/>
</kw>
<kw name="Set Test Variable" owner="BuiltIn">
<msg time="2024-12-01T17:03:21.820485" level="INFO">${RESPONSE_JSON} = {'meta': None, 'data': {'message': 'Mission config created successfully'}, 'errors': None}</msg>
<arg>${RESPONSE_JSON}</arg>
<arg>${response_json}</arg>
<doc>Makes a variable available everywhere within the scope of the current test.</doc>
<status status="PASS" start="2024-12-01T17:03:21.820005" elapsed="0.000615"/>
</kw>
<arg>${response}</arg>
<status status="PASS" start="2024-12-01T17:03:21.813636" elapsed="0.007134"/>
</kw>
<kw name="Status Should Be" owner="RequestsLibrary">
<arg>200</arg>
<arg>${response}</arg>
<doc>Fails if response status code is different than the expected.</doc>
<status status="PASS" start="2024-12-01T17:03:21.821017" elapsed="0.000344"/>
</kw>
<kw name="Get Meta" owner="common">
<return>
<value>${RESPONSE_JSON['meta']}</value>
<status status="PASS" start="2024-12-01T17:03:21.822092" elapsed="0.000072"/>
</return>
<msg time="2024-12-01T17:03:21.824072" level="INFO">${actual_meta} = None</msg>
<var>${actual_meta}</var>
<status status="PASS" start="2024-12-01T17:03:21.821646" elapsed="0.002483"/>
</kw>
<kw name="Should Be Equal" owner="BuiltIn">
<arg>${actual_meta}</arg>
<arg>${None}</arg>
<doc>Fails if the given objects are unequal.</doc>
<status status="PASS" start="2024-12-01T17:03:21.824345" elapsed="0.000360"/>
</kw>
<kw name="Get Data Message" owner="common">
<return>
<value>${RESPONSE_JSON['data']['message']}</value>
<status status="PASS" start="2024-12-01T17:03:21.825238" elapsed="0.000067"/>
</return>
<msg time="2024-12-01T17:03:21.827038" level="INFO">${actual_data_message} = Mission config created successfully</msg>
<var>${actual_data_message}</var>
<status status="PASS" start="2024-12-01T17:03:21.824958" elapsed="0.002124"/>
</kw>
<kw name="Should Be Equal As Strings" owner="BuiltIn">
<msg time="2024-12-01T17:03:21.827679" level="FAIL">Mission config created successfully != Mission configuration created successfully.</msg>
<arg>${actual_data_message}</arg>
<arg>${MISSION_CONFIG_CREATED_DATA_MSG}</arg>
<doc>Fails if objects are unequal after converting them to strings.</doc>
<status status="FAIL" start="2024-12-01T17:03:21.827281" elapsed="0.000495">Mission config created successfully != Mission configuration created successfully.</status>
</kw>
<kw name="Get Errors" owner="common">
<var>${actual_errors}</var>
<status status="NOT RUN" start="2024-12-01T17:03:21.828009" elapsed="0.000034"/>
</kw>
<kw name="Should Be Equal" owner="BuiltIn">
<arg>${actual_errors}</arg>
<arg>${None}</arg>
<doc>Fails if the given objects are unequal.</doc>
<status status="NOT RUN" start="2024-12-01T17:03:21.828201" elapsed="0.000027"/>
</kw>
<arg>&amp;{REQ_VALID_TELECOM_PAYLOAD}</arg>
<status status="FAIL" start="2024-12-01T17:03:21.809481" elapsed="0.018883">Mission config created successfully != Mission configuration created successfully.</status>
</kw>
<doc>Test that a valid satellite configuration can be created (for each possible payload type).</doc>
<tag>id:create_01</tag>
<tag>service:create</tag>
<status status="FAIL" start="2024-12-01T17:03:21.707794" elapsed="0.120836">Several failures occurred:

1) Mission config created successfully != Mission configuration created successfully.

2) Url: http://localhost:1234/configs Expected status: 400 != 200

3) Mission config created successfully != Mission configuration created successfully.

4) Url: http://localhost:1234/configs Expected status: 400 != 200

5) Mission config created successfully != Mission configuration created successfully.</status>
</test>
<test id="s1-s1-t2" name="TC02 - Invalid COSPAR ID" line="25">
<kw name="Create Satellite Configuration with Invalid COSPAR ID" owner="create_satellite_configuration_steps">
<kw name="POST On Session" owner="RequestsLibrary">
<msg time="2024-12-01T17:03:21.833693" level="INFO">POST Request : url=http://localhost:1234/configs 
 path_url=/configs 
 headers={'User-Agent': 'python-requests/2.32.3', 'Accept-Encoding': 'gzip, deflate', 'Accept': '*/*', 'Connection': 'keep-alive', 'Content-Type': 'application/json', 'Content-Length': '76'} 
 body=b'{"cospar_id": "INVALID", "name": "New Satellite Mission", "type": "OPTICAL"}' 
 </msg>
<msg time="2024-12-01T17:03:21.833814" level="INFO">POST Response : url=http://localhost:1234/configs 
 status=400, reason=Bad Request 
 headers={'Accept': 'application/json; charset=utf-8', 'Access-Control-Allow-Headers': 'content-type, authorization, origin', 'Access-Control-Allow-Methods': 'GET, POST, PUT, DELETE, OPTIONS', 'Access-Control-Allow-Origin': '*', 'Content-Type': 'application/json', 'Date': 'Sun, 01 Dec 2024 15:03:21 GMT', 'Content-Length': '114'} 
 body={"meta":null,"data":null,"errors":[{"message":"invalid request due to invalid COSPAR ID","source":"data-server"}]} 
 </msg>
<msg time="2024-12-01T17:03:21.834130" level="INFO">${response} = &lt;Response [400]&gt;</msg>
<var>${response}</var>
<arg>api</arg>
<arg>${CONFIGURATION_URL}</arg>
<arg>headers=&amp;{HEADERS}</arg>
<arg>json=&amp;{REQ_INVALID_COSPAR_ID}</arg>
<arg>expected_status=400</arg>
<doc>Sends a POST request on a previously created HTTP Session.</doc>
<status status="PASS" start="2024-12-01T17:03:21.830880" elapsed="0.003335"/>
</kw>
<kw name="Save Response Details" owner="common">
<kw name="Log" owner="BuiltIn">
<msg time="2024-12-01T17:03:21.837144" level="INFO">Status Code : 400</msg>
<arg>Status Code : ${response.status_code}</arg>
<doc>Logs the given message with the given level.</doc>
<status status="PASS" start="2024-12-01T17:03:21.835747" elapsed="0.001480"/>
</kw>
<kw name="Log" owner="BuiltIn">
<msg time="2024-12-01T17:03:21.839079" level="INFO">Response Body : {"meta":null,"data":null,"errors":[{"message":"invalid request due to invalid COSPAR ID","source":"data-server"}]}</msg>
<arg>Response Body : ${response.text}</arg>
<doc>Logs the given message with the given level.</doc>
<status status="PASS" start="2024-12-01T17:03:21.837475" elapsed="0.001684"/>
</kw>
<kw name="Convert String To Json" owner="JSONLibrary">
<msg time="2024-12-01T17:03:21.840963" level="INFO">${response_json} = {'meta': None, 'data': None, 'errors': [{'message': 'invalid request due to invalid COSPAR ID', 'source': 'data-server'}]}</msg>
<var>${response_json}</var>
<arg>${response.text}</arg>
<doc>Convert String to JSON object</doc>
<status status="PASS" start="2024-12-01T17:03:21.839387" elapsed="0.001634"/>
</kw>
<kw name="Set Test Variable" owner="BuiltIn">
<msg time="2024-12-01T17:03:21.841612" level="INFO">${RESPONSE_JSON} = {'meta': None, 'data': None, 'errors': [{'message': 'invalid request due to invalid COSPAR ID', 'source': 'data-server'}]}</msg>
<arg>${RESPONSE_JSON}</arg>
<arg>${response_json}</arg>
<doc>Makes a variable available everywhere within the scope of the current test.</doc>
<status status="PASS" start="2024-12-01T17:03:21.841240" elapsed="0.000433"/>
</kw>
<arg>${response}</arg>
<status status="PASS" start="2024-12-01T17:03:21.834914" elapsed="0.006863"/>
</kw>
<kw name="Status Should Be" owner="RequestsLibrary">
<arg>400</arg>
<arg>${response}</arg>
<doc>Fails if response status code is different than the expected.</doc>
<status status="PASS" start="2024-12-01T17:03:21.841944" elapsed="0.000243"/>
</kw>
<kw name="Get Error Message" owner="common">
<return>
<value>${RESPONSE_JSON['errors'][0]['message']}</value>
<status status="PASS" start="2024-12-01T17:03:21.842764" elapsed="0.000045"/>
</return>
<msg time="2024-12-01T17:03:21.844334" level="INFO">${actual_error_message} = invalid request due to invalid COSPAR ID</msg>
<var>${actual_error_message}</var>
<status status="PASS" start="2024-12-01T17:03:21.842481" elapsed="0.001892"/>
</kw>
<kw name="Should Be Equal As Strings" owner="BuiltIn">
<arg>${actual_error_message}</arg>
<arg>${INVALID_COSPAR_ID_ERROR_MSG}</arg>
<doc>Fails if objects are unequal after converting them to strings.</doc>
<status status="PASS" start="2024-12-01T17:03:21.844567" elapsed="0.000327"/>
</kw>
<kw name="Get Error Source" owner="common">
<return>
<value>${RESPONSE_JSON['errors'][0]['source']}</value>
<status status="PASS" start="2024-12-01T17:03:21.845529" elapsed="0.000085"/>
</return>
<msg time="2024-12-01T17:03:21.847184" level="INFO">${actual_error_source} = data-server</msg>
<var>${actual_error_source}</var>
<status status="PASS" start="2024-12-01T17:03:21.845158" elapsed="0.002112"/>
</kw>
<kw name="Should Be Equal As Strings" owner="BuiltIn">
<arg>${actual_error_source}</arg>
<arg>${DATA_SERVER_ERROR_SOURCE}</arg>
<doc>Fails if objects are unequal after converting them to strings.</doc>
<status status="PASS" start="2024-12-01T17:03:21.847727" elapsed="0.000771"/>
</kw>
<arg>&amp;{REQ_INVALID_COSPAR_ID_XXX}</arg>
<status status="PASS" start="2024-12-01T17:03:21.830320" elapsed="0.018400"/>
</kw>
<kw name="Create Satellite Configuration with Invalid COSPAR ID" owner="create_satellite_configuration_steps">
<kw name="POST On Session" owner="RequestsLibrary">
<msg time="2024-12-01T17:03:21.852506" level="INFO">POST Request : url=http://localhost:1234/configs 
 path_url=/configs 
 headers={'User-Agent': 'python-requests/2.32.3', 'Accept-Encoding': 'gzip, deflate', 'Accept': '*/*', 'Connection': 'keep-alive', 'Content-Type': 'application/json', 'Content-Length': '75'} 
 body=b'{"cospar_id": "-567GR", "name": "New Satellite Mission", "type": "OPTICAL"}' 
 </msg>
<msg time="2024-12-01T17:03:21.852642" level="INFO">POST Response : url=http://localhost:1234/configs 
 status=400, reason=Bad Request 
 headers={'Accept': 'application/json; charset=utf-8', 'Access-Control-Allow-Headers': 'content-type, authorization, origin', 'Access-Control-Allow-Methods': 'GET, POST, PUT, DELETE, OPTIONS', 'Access-Control-Allow-Origin': '*', 'Content-Type': 'application/json', 'Date': 'Sun, 01 Dec 2024 15:03:21 GMT', 'Content-Length': '114'} 
 body={"meta":null,"data":null,"errors":[{"message":"invalid request due to invalid COSPAR ID","source":"data-server"}]} 
 </msg>
<msg time="2024-12-01T17:03:21.852817" level="INFO">${response} = &lt;Response [400]&gt;</msg>
<var>${response}</var>
<arg>api</arg>
<arg>${CONFIGURATION_URL}</arg>
<arg>headers=&amp;{HEADERS}</arg>
<arg>json=&amp;{REQ_INVALID_COSPAR_ID}</arg>
<arg>expected_status=400</arg>
<doc>Sends a POST request on a previously created HTTP Session.</doc>
<status status="PASS" start="2024-12-01T17:03:21.849790" elapsed="0.003065"/>
</kw>
<kw name="Save Response Details" owner="common">
<kw name="Log" owner="BuiltIn">
<msg time="2024-12-01T17:03:21.855335" level="INFO">Status Code : 400</msg>
<arg>Status Code : ${response.status_code}</arg>
<doc>Logs the given message with the given level.</doc>
<status status="PASS" start="2024-12-01T17:03:21.853739" elapsed="0.001673"/>
</kw>
<kw name="Log" owner="BuiltIn">
<msg time="2024-12-01T17:03:21.856963" level="INFO">Response Body : {"meta":null,"data":null,"errors":[{"message":"invalid request due to invalid COSPAR ID","source":"data-server"}]}</msg>
<arg>Response Body : ${response.text}</arg>
<doc>Logs the given message with the given level.</doc>
<status status="PASS" start="2024-12-01T17:03:21.855641" elapsed="0.001390"/>
</kw>
<kw name="Convert String To Json" owner="JSONLibrary">
<msg time="2024-12-01T17:03:21.859268" level="INFO">${response_json} = {'meta': None, 'data': None, 'errors': [{'message': 'invalid request due to invalid COSPAR ID', 'source': 'data-server'}]}</msg>
<var>${response_json}</var>
<arg>${response.text}</arg>
<doc>Convert String to JSON object</doc>
<status status="PASS" start="2024-12-01T17:03:21.857218" elapsed="0.002111"/>
</kw>
<kw name="Set Test Variable" owner="BuiltIn">
<msg time="2024-12-01T17:03:21.860184" level="INFO">${RESPONSE_JSON} = {'meta': None, 'data': None, 'errors': [{'message': 'invalid request due to invalid COSPAR ID', 'source': 'data-server'}]}</msg>
<arg>${RESPONSE_JSON}</arg>
<arg>${response_json}</arg>
<doc>Makes a variable available everywhere within the scope of the current test.</doc>
<status status="PASS" start="2024-12-01T17:03:21.859683" elapsed="0.000621"/>
</kw>
<arg>${response}</arg>
<status status="PASS" start="2024-12-01T17:03:21.853157" elapsed="0.007314"/>
</kw>
<kw name="Status Should Be" owner="RequestsLibrary">
<arg>400</arg>
<arg>${response}</arg>
<doc>Fails if response status code is different than the expected.</doc>
<status status="PASS" start="2024-12-01T17:03:21.860734" elapsed="0.000538"/>
</kw>
<kw name="Get Error Message" owner="common">
<return>
<value>${RESPONSE_JSON['errors'][0]['message']}</value>
<status status="PASS" start="2024-12-01T17:03:21.862585" elapsed="0.000082"/>
</return>
<msg time="2024-12-01T17:03:21.864145" level="INFO">${actual_error_message} = invalid request due to invalid COSPAR ID</msg>
<var>${actual_error_message}</var>
<status status="PASS" start="2024-12-01T17:03:21.862054" elapsed="0.002144"/>
</kw>
<kw name="Should Be Equal As Strings" owner="BuiltIn">
<arg>${actual_error_message}</arg>
<arg>${INVALID_COSPAR_ID_ERROR_MSG}</arg>
<doc>Fails if objects are unequal after converting them to strings.</doc>
<status status="PASS" start="2024-12-01T17:03:21.864432" elapsed="0.000458"/>
</kw>
<kw name="Get Error Source" owner="common">
<return>
<value>${RESPONSE_JSON['errors'][0]['source']}</value>
<status status="PASS" start="2024-12-01T17:03:21.865983" elapsed="0.000052"/>
</return>
<msg time="2024-12-01T17:03:21.867837" level="INFO">${actual_error_source} = data-server</msg>
<var>${actual_error_source}</var>
<status status="PASS" start="2024-12-01T17:03:21.865168" elapsed="0.002729"/>
</kw>
<kw name="Should Be Equal As Strings" owner="BuiltIn">
<arg>${actual_error_source}</arg>
<arg>${DATA_SERVER_ERROR_SOURCE}</arg>
<doc>Fails if objects are unequal after converting them to strings.</doc>
<status status="PASS" start="2024-12-01T17:03:21.868176" elapsed="0.000398"/>
</kw>
<arg>&amp;{REQ_INVALID_COSPAR_ID_-dddXX}</arg>
<status status="PASS" start="2024-12-01T17:03:21.849079" elapsed="0.019610"/>
</kw>
<kw name="Create Satellite Configuration with Invalid COSPAR ID" owner="create_satellite_configuration_steps">
<kw name="POST On Session" owner="RequestsLibrary">
<msg time="2024-12-01T17:03:21.871809" level="INFO">POST Request : url=http://localhost:1234/configs 
 path_url=/configs 
 headers={'User-Agent': 'python-requests/2.32.3', 'Accept-Encoding': 'gzip, deflate', 'Accept': '*/*', 'Connection': 'keep-alive', 'Content-Type': 'application/json', 'Content-Length': '77'} 
 body=b'{"cospar_id": "24-567GR", "name": "New Satellite Mission", "type": "OPTICAL"}' 
 </msg>
<msg time="2024-12-01T17:03:21.871901" level="INFO">POST Response : url=http://localhost:1234/configs 
 status=400, reason=Bad Request 
 headers={'Accept': 'application/json; charset=utf-8', 'Access-Control-Allow-Headers': 'content-type, authorization, origin', 'Access-Control-Allow-Methods': 'GET, POST, PUT, DELETE, OPTIONS', 'Access-Control-Allow-Origin': '*', 'Content-Type': 'application/json', 'Date': 'Sun, 01 Dec 2024 15:03:21 GMT', 'Content-Length': '114'} 
 body={"meta":null,"data":null,"errors":[{"message":"invalid request due to invalid COSPAR ID","source":"data-server"}]} 
 </msg>
<msg time="2024-12-01T17:03:21.872064" level="INFO">${response} = &lt;Response [400]&gt;</msg>
<var>${response}</var>
<arg>api</arg>
<arg>${CONFIGURATION_URL}</arg>
<arg>headers=&amp;{HEADERS}</arg>
<arg>json=&amp;{REQ_INVALID_COSPAR_ID}</arg>
<arg>expected_status=400</arg>
<doc>Sends a POST request on a previously created HTTP Session.</doc>
<status status="PASS" start="2024-12-01T17:03:21.869543" elapsed="0.002559"/>
</kw>
<kw name="Save Response Details" owner="common">
<kw name="Log" owner="BuiltIn">
<msg time="2024-12-01T17:03:21.874733" level="INFO">Status Code : 400</msg>
<arg>Status Code : ${response.status_code}</arg>
<doc>Logs the given message with the given level.</doc>
<status status="PASS" start="2024-12-01T17:03:21.872945" elapsed="0.001870"/>
</kw>
<kw name="Log" owner="BuiltIn">
<msg time="2024-12-01T17:03:21.876530" level="INFO">Response Body : {"meta":null,"data":null,"errors":[{"message":"invalid request due to invalid COSPAR ID","source":"data-server"}]}</msg>
<arg>Response Body : ${response.text}</arg>
<doc>Logs the given message with the given level.</doc>
<status status="PASS" start="2024-12-01T17:03:21.875049" elapsed="0.001617"/>
</kw>
<kw name="Convert String To Json" owner="JSONLibrary">
<msg time="2024-12-01T17:03:21.878676" level="INFO">${response_json} = {'meta': None, 'data': None, 'errors': [{'message': 'invalid request due to invalid COSPAR ID', 'source': 'data-server'}]}</msg>
<var>${response_json}</var>
<arg>${response.text}</arg>
<doc>Convert String to JSON object</doc>
<status status="PASS" start="2024-12-01T17:03:21.876951" elapsed="0.001783"/>
</kw>
<kw name="Set Test Variable" owner="BuiltIn">
<msg time="2024-12-01T17:03:21.879775" level="INFO">${RESPONSE_JSON} = {'meta': None, 'data': None, 'errors': [{'message': 'invalid request due to invalid COSPAR ID', 'source': 'data-server'}]}</msg>
<arg>${RESPONSE_JSON}</arg>
<arg>${response_json}</arg>
<doc>Makes a variable available everywhere within the scope of the current test.</doc>
<status status="PASS" start="2024-12-01T17:03:21.879088" elapsed="0.000818"/>
</kw>
<arg>${response}</arg>
<status status="PASS" start="2024-12-01T17:03:21.872470" elapsed="0.007560"/>
</kw>
<kw name="Status Should Be" owner="RequestsLibrary">
<arg>400</arg>
<arg>${response}</arg>
<doc>Fails if response status code is different than the expected.</doc>
<status status="PASS" start="2024-12-01T17:03:21.880294" elapsed="0.000363"/>
</kw>
<kw name="Get Error Message" owner="common">
<return>
<value>${RESPONSE_JSON['errors'][0]['message']}</value>
<status status="PASS" start="2024-12-01T17:03:21.881247" elapsed="0.000048"/>
</return>
<msg time="2024-12-01T17:03:21.882907" level="INFO">${actual_error_message} = invalid request due to invalid COSPAR ID</msg>
<var>${actual_error_message}</var>
<status status="PASS" start="2024-12-01T17:03:21.880921" elapsed="0.002041"/>
</kw>
<kw name="Should Be Equal As Strings" owner="BuiltIn">
<arg>${actual_error_message}</arg>
<arg>${INVALID_COSPAR_ID_ERROR_MSG}</arg>
<doc>Fails if objects are unequal after converting them to strings.</doc>
<status status="PASS" start="2024-12-01T17:03:21.883167" elapsed="0.000327"/>
</kw>
<kw name="Get Error Source" owner="common">
<return>
<value>${RESPONSE_JSON['errors'][0]['source']}</value>
<status status="PASS" start="2024-12-01T17:03:21.883990" elapsed="0.000042"/>
</return>
<msg time="2024-12-01T17:03:21.885618" level="INFO">${actual_error_source} = data-server</msg>
<var>${actual_error_source}</var>
<status status="PASS" start="2024-12-01T17:03:21.883725" elapsed="0.001932"/>
</kw>
<kw name="Should Be Equal As Strings" owner="BuiltIn">
<arg>${actual_error_source}</arg>
<arg>${DATA_SERVER_ERROR_SOURCE}</arg>
<doc>Fails if objects are unequal after converting them to strings.</doc>
<status status="PASS" start="2024-12-01T17:03:21.885841" elapsed="0.000301"/>
</kw>
<arg>&amp;{REQ_INVALID_COSPAR_ID_YY-dddXX}</arg>
<status status="PASS" start="2024-12-01T17:03:21.868973" elapsed="0.017276"/>
</kw>
<kw name="Create Satellite Configuration with Invalid COSPAR ID" owner="create_satellite_configuration_steps">
<kw name="POST On Session" owner="RequestsLibrary">
<msg time="2024-12-01T17:03:21.890201" level="INFO">POST Request : url=http://localhost:1234/configs 
 path_url=/configs 
 headers={'User-Agent': 'python-requests/2.32.3', 'Accept-Encoding': 'gzip, deflate', 'Accept': '*/*', 'Connection': 'keep-alive', 'Content-Type': 'application/json', 'Content-Length': '76'} 
 body=b'{"cospar_id": "2024-GR", "name": "New Satellite Mission", "type": "OPTICAL"}' 
 </msg>
<msg time="2024-12-01T17:03:21.890365" level="INFO">POST Response : url=http://localhost:1234/configs 
 status=400, reason=Bad Request 
 headers={'Accept': 'application/json; charset=utf-8', 'Access-Control-Allow-Headers': 'content-type, authorization, origin', 'Access-Control-Allow-Methods': 'GET, POST, PUT, DELETE, OPTIONS', 'Access-Control-Allow-Origin': '*', 'Content-Type': 'application/json', 'Date': 'Sun, 01 Dec 2024 15:03:21 GMT', 'Content-Length': '114'} 
 body={"meta":null,"data":null,"errors":[{"message":"invalid request due to invalid COSPAR ID","source":"data-server"}]} 
 </msg>
<msg time="2024-12-01T17:03:21.890618" level="INFO">${response} = &lt;Response [400]&gt;</msg>
<var>${response}</var>
<arg>api</arg>
<arg>${CONFIGURATION_URL}</arg>
<arg>headers=&amp;{HEADERS}</arg>
<arg>json=&amp;{REQ_INVALID_COSPAR_ID}</arg>
<arg>expected_status=400</arg>
<doc>Sends a POST request on a previously created HTTP Session.</doc>
<status status="PASS" start="2024-12-01T17:03:21.887190" elapsed="0.003486"/>
</kw>
<kw name="Save Response Details" owner="common">
<kw name="Log" owner="BuiltIn">
<msg time="2024-12-01T17:03:21.893496" level="INFO">Status Code : 400</msg>
<arg>Status Code : ${response.status_code}</arg>
<doc>Logs the given message with the given level.</doc>
<status status="PASS" start="2024-12-01T17:03:21.891771" elapsed="0.001968"/>
</kw>
<kw name="Log" owner="BuiltIn">
<msg time="2024-12-01T17:03:21.895575" level="INFO">Response Body : {"meta":null,"data":null,"errors":[{"message":"invalid request due to invalid COSPAR ID","source":"data-server"}]}</msg>
<arg>Response Body : ${response.text}</arg>
<doc>Logs the given message with the given level.</doc>
<status status="PASS" start="2024-12-01T17:03:21.893986" elapsed="0.001669"/>
</kw>
<kw name="Convert String To Json" owner="JSONLibrary">
<msg time="2024-12-01T17:03:21.897419" level="INFO">${response_json} = {'meta': None, 'data': None, 'errors': [{'message': 'invalid request due to invalid COSPAR ID', 'source': 'data-server'}]}</msg>
<var>${response_json}</var>
<arg>${response.text}</arg>
<doc>Convert String to JSON object</doc>
<status status="PASS" start="2024-12-01T17:03:21.895871" elapsed="0.001599"/>
</kw>
<kw name="Set Test Variable" owner="BuiltIn">
<msg time="2024-12-01T17:03:21.898048" level="INFO">${RESPONSE_JSON} = {'meta': None, 'data': None, 'errors': [{'message': 'invalid request due to invalid COSPAR ID', 'source': 'data-server'}]}</msg>
<arg>${RESPONSE_JSON}</arg>
<arg>${response_json}</arg>
<doc>Makes a variable available everywhere within the scope of the current test.</doc>
<status status="PASS" start="2024-12-01T17:03:21.897696" elapsed="0.000412"/>
</kw>
<arg>${response}</arg>
<status status="PASS" start="2024-12-01T17:03:21.891068" elapsed="0.007135"/>
</kw>
<kw name="Status Should Be" owner="RequestsLibrary">
<arg>400</arg>
<arg>${response}</arg>
<doc>Fails if response status code is different than the expected.</doc>
<status status="PASS" start="2024-12-01T17:03:21.898374" elapsed="0.000246"/>
</kw>
<kw name="Get Error Message" owner="common">
<return>
<value>${RESPONSE_JSON['errors'][0]['message']}</value>
<status status="PASS" start="2024-12-01T17:03:21.899102" elapsed="0.000043"/>
</return>
<msg time="2024-12-01T17:03:21.901105" level="INFO">${actual_error_message} = invalid request due to invalid COSPAR ID</msg>
<var>${actual_error_message}</var>
<status status="PASS" start="2024-12-01T17:03:21.898832" elapsed="0.002359"/>
</kw>
<kw name="Should Be Equal As Strings" owner="BuiltIn">
<arg>${actual_error_message}</arg>
<arg>${INVALID_COSPAR_ID_ERROR_MSG}</arg>
<doc>Fails if objects are unequal after converting them to strings.</doc>
<status status="PASS" start="2024-12-01T17:03:21.901630" elapsed="0.001171"/>
</kw>
<kw name="Get Error Source" owner="common">
<return>
<value>${RESPONSE_JSON['errors'][0]['source']}</value>
<status status="PASS" start="2024-12-01T17:03:21.904050" elapsed="0.000148"/>
</return>
<msg time="2024-12-01T17:03:21.906043" level="INFO">${actual_error_source} = data-server</msg>
<var>${actual_error_source}</var>
<status status="PASS" start="2024-12-01T17:03:21.903172" elapsed="0.002953"/>
</kw>
<kw name="Should Be Equal As Strings" owner="BuiltIn">
<arg>${actual_error_source}</arg>
<arg>${DATA_SERVER_ERROR_SOURCE}</arg>
<doc>Fails if objects are unequal after converting them to strings.</doc>
<status status="PASS" start="2024-12-01T17:03:21.906363" elapsed="0.000386"/>
</kw>
<arg>&amp;{REQ_INVALID_COSPAR_ID_YYYY-XX}</arg>
<status status="PASS" start="2024-12-01T17:03:21.886500" elapsed="0.020414"/>
</kw>
<kw name="Create Satellite Configuration with Invalid COSPAR ID" owner="create_satellite_configuration_steps">
<kw name="POST On Session" owner="RequestsLibrary">
<msg time="2024-12-01T17:03:21.910320" level="INFO">POST Request : url=http://localhost:1234/configs 
 path_url=/configs 
 headers={'User-Agent': 'python-requests/2.32.3', 'Accept-Encoding': 'gzip, deflate', 'Accept': '*/*', 'Connection': 'keep-alive', 'Content-Type': 'application/json', 'Content-Length': '77'} 
 body=b'{"cospar_id": "2024-7GR", "name": "New Satellite Mission", "type": "OPTICAL"}' 
 </msg>
<msg time="2024-12-01T17:03:21.910414" level="INFO">POST Response : url=http://localhost:1234/configs 
 status=400, reason=Bad Request 
 headers={'Accept': 'application/json; charset=utf-8', 'Access-Control-Allow-Headers': 'content-type, authorization, origin', 'Access-Control-Allow-Methods': 'GET, POST, PUT, DELETE, OPTIONS', 'Access-Control-Allow-Origin': '*', 'Content-Type': 'application/json', 'Date': 'Sun, 01 Dec 2024 15:03:21 GMT', 'Content-Length': '114'} 
 body={"meta":null,"data":null,"errors":[{"message":"invalid request due to invalid COSPAR ID","source":"data-server"}]} 
 </msg>
<msg time="2024-12-01T17:03:21.910817" level="INFO">${response} = &lt;Response [400]&gt;</msg>
<var>${response}</var>
<arg>api</arg>
<arg>${CONFIGURATION_URL}</arg>
<arg>headers=&amp;{HEADERS}</arg>
<arg>json=&amp;{REQ_INVALID_COSPAR_ID}</arg>
<arg>expected_status=400</arg>
<doc>Sends a POST request on a previously created HTTP Session.</doc>
<status status="PASS" start="2024-12-01T17:03:21.907899" elapsed="0.002985"/>
</kw>
<kw name="Save Response Details" owner="common">
<kw name="Log" owner="BuiltIn">
<msg time="2024-12-01T17:03:21.913208" level="INFO">Status Code : 400</msg>
<arg>Status Code : ${response.status_code}</arg>
<doc>Logs the given message with the given level.</doc>
<status status="PASS" start="2024-12-01T17:03:21.911671" elapsed="0.001610"/>
</kw>
<kw name="Log" owner="BuiltIn">
<msg time="2024-12-01T17:03:21.915315" level="INFO">Response Body : {"meta":null,"data":null,"errors":[{"message":"invalid request due to invalid COSPAR ID","source":"data-server"}]}</msg>
<arg>Response Body : ${response.text}</arg>
<doc>Logs the given message with the given level.</doc>
<status status="PASS" start="2024-12-01T17:03:21.913483" elapsed="0.001933"/>
</kw>
<kw name="Convert String To Json" owner="JSONLibrary">
<msg time="2024-12-01T17:03:21.917429" level="INFO">${response_json} = {'meta': None, 'data': None, 'errors': [{'message': 'invalid request due to invalid COSPAR ID', 'source': 'data-server'}]}</msg>
<var>${response_json}</var>
<arg>${response.text}</arg>
<doc>Convert String to JSON object</doc>
<status status="PASS" start="2024-12-01T17:03:21.915700" elapsed="0.001798"/>
</kw>
<kw name="Set Test Variable" owner="BuiltIn">
<msg time="2024-12-01T17:03:21.918473" level="INFO">${RESPONSE_JSON} = {'meta': None, 'data': None, 'errors': [{'message': 'invalid request due to invalid COSPAR ID', 'source': 'data-server'}]}</msg>
<arg>${RESPONSE_JSON}</arg>
<arg>${response_json}</arg>
<doc>Makes a variable available everywhere within the scope of the current test.</doc>
<status status="PASS" start="2024-12-01T17:03:21.918039" elapsed="0.000530"/>
</kw>
<arg>${response}</arg>
<status status="PASS" start="2024-12-01T17:03:21.911190" elapsed="0.007542"/>
</kw>
<kw name="Status Should Be" owner="RequestsLibrary">
<arg>400</arg>
<arg>${response}</arg>
<doc>Fails if response status code is different than the expected.</doc>
<status status="PASS" start="2024-12-01T17:03:21.918944" elapsed="0.000327"/>
</kw>
<kw name="Get Error Message" owner="common">
<return>
<value>${RESPONSE_JSON['errors'][0]['message']}</value>
<status status="PASS" start="2024-12-01T17:03:21.919933" elapsed="0.000051"/>
</return>
<msg time="2024-12-01T17:03:21.921781" level="INFO">${actual_error_message} = invalid request due to invalid COSPAR ID</msg>
<var>${actual_error_message}</var>
<status status="PASS" start="2024-12-01T17:03:21.919605" elapsed="0.002238"/>
</kw>
<kw name="Should Be Equal As Strings" owner="BuiltIn">
<arg>${actual_error_message}</arg>
<arg>${INVALID_COSPAR_ID_ERROR_MSG}</arg>
<doc>Fails if objects are unequal after converting them to strings.</doc>
<status status="PASS" start="2024-12-01T17:03:21.922047" elapsed="0.000335"/>
</kw>
<kw name="Get Error Source" owner="common">
<return>
<value>${RESPONSE_JSON['errors'][0]['source']}</value>
<status status="PASS" start="2024-12-01T17:03:21.922902" elapsed="0.000043"/>
</return>
<msg time="2024-12-01T17:03:21.924505" level="INFO">${actual_error_source} = data-server</msg>
<var>${actual_error_source}</var>
<status status="PASS" start="2024-12-01T17:03:21.922637" elapsed="0.001911"/>
</kw>
<kw name="Should Be Equal As Strings" owner="BuiltIn">
<arg>${actual_error_source}</arg>
<arg>${DATA_SERVER_ERROR_SOURCE}</arg>
<doc>Fails if objects are unequal after converting them to strings.</doc>
<status status="PASS" start="2024-12-01T17:03:21.925014" elapsed="0.000302"/>
</kw>
<arg>&amp;{REQ_INVALID_COSPAR_ID_YYYY-dXX}</arg>
<status status="PASS" start="2024-12-01T17:03:21.907250" elapsed="0.018161"/>
</kw>
<kw name="Create Satellite Configuration with Invalid COSPAR ID" owner="create_satellite_configuration_steps">
<kw name="POST On Session" owner="RequestsLibrary">
<msg time="2024-12-01T17:03:21.929767" level="INFO">POST Request : url=http://localhost:1234/configs 
 path_url=/configs 
 headers={'User-Agent': 'python-requests/2.32.3', 'Accept-Encoding': 'gzip, deflate', 'Accept': '*/*', 'Connection': 'keep-alive', 'Content-Type': 'application/json', 'Content-Length': '77'} 
 body=b'{"cospar_id": "2024-567", "name": "New Satellite Mission", "type": "OPTICAL"}' 
 </msg>
<msg time="2024-12-01T17:03:21.929904" level="INFO">POST Response : url=http://localhost:1234/configs 
 status=400, reason=Bad Request 
 headers={'Accept': 'application/json; charset=utf-8', 'Access-Control-Allow-Headers': 'content-type, authorization, origin', 'Access-Control-Allow-Methods': 'GET, POST, PUT, DELETE, OPTIONS', 'Access-Control-Allow-Origin': '*', 'Content-Type': 'application/json', 'Date': 'Sun, 01 Dec 2024 15:03:21 GMT', 'Content-Length': '114'} 
 body={"meta":null,"data":null,"errors":[{"message":"invalid request due to invalid COSPAR ID","source":"data-server"}]} 
 </msg>
<msg time="2024-12-01T17:03:21.930120" level="INFO">${response} = &lt;Response [400]&gt;</msg>
<var>${response}</var>
<arg>api</arg>
<arg>${CONFIGURATION_URL}</arg>
<arg>headers=&amp;{HEADERS}</arg>
<arg>json=&amp;{REQ_INVALID_COSPAR_ID}</arg>
<arg>expected_status=400</arg>
<doc>Sends a POST request on a previously created HTTP Session.</doc>
<status status="PASS" start="2024-12-01T17:03:21.926211" elapsed="0.003957"/>
</kw>
<kw name="Save Response Details" owner="common">
<kw name="Log" owner="BuiltIn">
<msg time="2024-12-01T17:03:21.933054" level="INFO">Status Code : 400</msg>
<arg>Status Code : ${response.status_code}</arg>
<doc>Logs the given message with the given level.</doc>
<status status="PASS" start="2024-12-01T17:03:21.931206" elapsed="0.001956"/>
</kw>
<kw name="Log" owner="BuiltIn">
<msg time="2024-12-01T17:03:21.934955" level="INFO">Response Body : {"meta":null,"data":null,"errors":[{"message":"invalid request due to invalid COSPAR ID","source":"data-server"}]}</msg>
<arg>Response Body : ${response.text}</arg>
<doc>Logs the given message with the given level.</doc>
<status status="PASS" start="2024-12-01T17:03:21.933379" elapsed="0.001664"/>
</kw>
<kw name="Convert String To Json" owner="JSONLibrary">
<msg time="2024-12-01T17:03:21.936872" level="INFO">${response_json} = {'meta': None, 'data': None, 'errors': [{'message': 'invalid request due to invalid COSPAR ID', 'source': 'data-server'}]}</msg>
<var>${response_json}</var>
<arg>${response.text}</arg>
<doc>Convert String to JSON object</doc>
<status status="PASS" start="2024-12-01T17:03:21.935389" elapsed="0.001527"/>
</kw>
<kw name="Set Test Variable" owner="BuiltIn">
<msg time="2024-12-01T17:03:21.937469" level="INFO">${RESPONSE_JSON} = {'meta': None, 'data': None, 'errors': [{'message': 'invalid request due to invalid COSPAR ID', 'source': 'data-server'}]}</msg>
<arg>${RESPONSE_JSON}</arg>
<arg>${response_json}</arg>
<doc>Makes a variable available everywhere within the scope of the current test.</doc>
<status status="PASS" start="2024-12-01T17:03:21.937124" elapsed="0.000408"/>
</kw>
<arg>${response}</arg>
<status status="PASS" start="2024-12-01T17:03:21.930549" elapsed="0.007386"/>
</kw>
<kw name="Status Should Be" owner="RequestsLibrary">
<arg>400</arg>
<arg>${response}</arg>
<doc>Fails if response status code is different than the expected.</doc>
<status status="PASS" start="2024-12-01T17:03:21.938104" elapsed="0.000254"/>
</kw>
<kw name="Get Error Message" owner="common">
<return>
<value>${RESPONSE_JSON['errors'][0]['message']}</value>
<status status="PASS" start="2024-12-01T17:03:21.938847" elapsed="0.000042"/>
</return>
<msg time="2024-12-01T17:03:21.940548" level="INFO">${actual_error_message} = invalid request due to invalid COSPAR ID</msg>
<var>${actual_error_message}</var>
<status status="PASS" start="2024-12-01T17:03:21.938583" elapsed="0.002115"/>
</kw>
<kw name="Should Be Equal As Strings" owner="BuiltIn">
<arg>${actual_error_message}</arg>
<arg>${INVALID_COSPAR_ID_ERROR_MSG}</arg>
<doc>Fails if objects are unequal after converting them to strings.</doc>
<status status="PASS" start="2024-12-01T17:03:21.941041" elapsed="0.000588"/>
</kw>
<kw name="Get Error Source" owner="common">
<return>
<value>${RESPONSE_JSON['errors'][0]['source']}</value>
<status status="PASS" start="2024-12-01T17:03:21.943086" elapsed="0.000077"/>
</return>
<msg time="2024-12-01T17:03:21.945069" level="INFO">${actual_error_source} = data-server</msg>
<var>${actual_error_source}</var>
<status status="PASS" start="2024-12-01T17:03:21.942111" elapsed="0.003017"/>
</kw>
<kw name="Should Be Equal As Strings" owner="BuiltIn">
<arg>${actual_error_source}</arg>
<arg>${DATA_SERVER_ERROR_SOURCE}</arg>
<doc>Fails if objects are unequal after converting them to strings.</doc>
<status status="PASS" start="2024-12-01T17:03:21.945366" elapsed="0.000458"/>
</kw>
<arg>&amp;{REQ_INVALID_COSPAR_ID_YYYY-ddd}</arg>
<status status="PASS" start="2024-12-01T17:03:21.925678" elapsed="0.020311"/>
</kw>
<kw name="Create Satellite Configuration with Invalid COSPAR ID" owner="create_satellite_configuration_steps">
<kw name="POST On Session" owner="RequestsLibrary">
<msg time="2024-12-01T17:03:21.949516" level="INFO">POST Request : url=http://localhost:1234/configs 
 path_url=/configs 
 headers={'User-Agent': 'python-requests/2.32.3', 'Accept-Encoding': 'gzip, deflate', 'Accept': '*/*', 'Connection': 'keep-alive', 'Content-Type': 'application/json', 'Content-Length': '80'} 
 body=b'{"cospar_id": "2024-567GRE", "name": "New Satellite Mission", "type": "OPTICAL"}' 
 </msg>
<msg time="2024-12-01T17:03:21.949629" level="INFO">POST Response : url=http://localhost:1234/configs 
 status=400, reason=Bad Request 
 headers={'Accept': 'application/json; charset=utf-8', 'Access-Control-Allow-Headers': 'content-type, authorization, origin', 'Access-Control-Allow-Methods': 'GET, POST, PUT, DELETE, OPTIONS', 'Access-Control-Allow-Origin': '*', 'Content-Type': 'application/json', 'Date': 'Sun, 01 Dec 2024 15:03:21 GMT', 'Content-Length': '114'} 
 body={"meta":null,"data":null,"errors":[{"message":"invalid request due to invalid COSPAR ID","source":"data-server"}]} 
 </msg>
<msg time="2024-12-01T17:03:21.949790" level="INFO">${response} = &lt;Response [400]&gt;</msg>
<var>${response}</var>
<arg>api</arg>
<arg>${CONFIGURATION_URL}</arg>
<arg>headers=&amp;{HEADERS}</arg>
<arg>json=&amp;{REQ_INVALID_COSPAR_ID}</arg>
<arg>expected_status=400</arg>
<doc>Sends a POST request on a previously created HTTP Session.</doc>
<status status="PASS" start="2024-12-01T17:03:21.947062" elapsed="0.002765"/>
</kw>
<kw name="Save Response Details" owner="common">
<kw name="Log" owner="BuiltIn">
<msg time="2024-12-01T17:03:21.952407" level="INFO">Status Code : 400</msg>
<arg>Status Code : ${response.status_code}</arg>
<doc>Logs the given message with the given level.</doc>
<status status="PASS" start="2024-12-01T17:03:21.950830" elapsed="0.001644"/>
</kw>
<kw name="Log" owner="BuiltIn">
<msg time="2024-12-01T17:03:21.954348" level="INFO">Response Body : {"meta":null,"data":null,"errors":[{"message":"invalid request due to invalid COSPAR ID","source":"data-server"}]}</msg>
<arg>Response Body : ${response.text}</arg>
<doc>Logs the given message with the given level.</doc>
<status status="PASS" start="2024-12-01T17:03:21.952662" elapsed="0.001800"/>
</kw>
<kw name="Convert String To Json" owner="JSONLibrary">
<msg time="2024-12-01T17:03:21.956463" level="INFO">${response_json} = {'meta': None, 'data': None, 'errors': [{'message': 'invalid request due to invalid COSPAR ID', 'source': 'data-server'}]}</msg>
<var>${response_json}</var>
<arg>${response.text}</arg>
<doc>Convert String to JSON object</doc>
<status status="PASS" start="2024-12-01T17:03:21.954738" elapsed="0.001788"/>
</kw>
<kw name="Set Test Variable" owner="BuiltIn">
<msg time="2024-12-01T17:03:21.957334" level="INFO">${RESPONSE_JSON} = {'meta': None, 'data': None, 'errors': [{'message': 'invalid request due to invalid COSPAR ID', 'source': 'data-server'}]}</msg>
<arg>${RESPONSE_JSON}</arg>
<arg>${response_json}</arg>
<doc>Makes a variable available everywhere within the scope of the current test.</doc>
<status status="PASS" start="2024-12-01T17:03:21.956842" elapsed="0.000603"/>
</kw>
<arg>${response}</arg>
<status status="PASS" start="2024-12-01T17:03:21.950126" elapsed="0.007725"/>
</kw>
<kw name="Status Should Be" owner="RequestsLibrary">
<arg>400</arg>
<arg>${response}</arg>
<doc>Fails if response status code is different than the expected.</doc>
<status status="PASS" start="2024-12-01T17:03:21.958127" elapsed="0.000389"/>
</kw>
<kw name="Get Error Message" owner="common">
<return>
<value>${RESPONSE_JSON['errors'][0]['message']}</value>
<status status="PASS" start="2024-12-01T17:03:21.959182" elapsed="0.000053"/>
</return>
<msg time="2024-12-01T17:03:21.960961" level="INFO">${actual_error_message} = invalid request due to invalid COSPAR ID</msg>
<var>${actual_error_message}</var>
<status status="PASS" start="2024-12-01T17:03:21.958845" elapsed="0.002164"/>
</kw>
<kw name="Should Be Equal As Strings" owner="BuiltIn">
<arg>${actual_error_message}</arg>
<arg>${INVALID_COSPAR_ID_ERROR_MSG}</arg>
<doc>Fails if objects are unequal after converting them to strings.</doc>
<status status="PASS" start="2024-12-01T17:03:21.961294" elapsed="0.000376"/>
</kw>
<kw name="Get Error Source" owner="common">
<return>
<value>${RESPONSE_JSON['errors'][0]['source']}</value>
<status status="PASS" start="2024-12-01T17:03:21.962189" elapsed="0.000054"/>
</return>
<msg time="2024-12-01T17:03:21.964015" level="INFO">${actual_error_source} = data-server</msg>
<var>${actual_error_source}</var>
<status status="PASS" start="2024-12-01T17:03:21.961920" elapsed="0.002133"/>
</kw>
<kw name="Should Be Equal As Strings" owner="BuiltIn">
<arg>${actual_error_source}</arg>
<arg>${DATA_SERVER_ERROR_SOURCE}</arg>
<doc>Fails if objects are unequal after converting them to strings.</doc>
<status status="PASS" start="2024-12-01T17:03:21.964231" elapsed="0.000291"/>
</kw>
<arg>&amp;{REQ_INVALID_COSPAR_ID_YYYY-dddXXX}</arg>
<status status="PASS" start="2024-12-01T17:03:21.946314" elapsed="0.018319"/>
</kw>
<kw name="Create Satellite Configuration with Invalid COSPAR ID" owner="create_satellite_configuration_steps">
<kw name="POST On Session" owner="RequestsLibrary">
<msg time="2024-12-01T17:03:21.968908" level="INFO">POST Request : url=http://localhost:1234/configs 
 path_url=/configs 
 headers={'User-Agent': 'python-requests/2.32.3', 'Accept-Encoding': 'gzip, deflate', 'Accept': '*/*', 'Connection': 'keep-alive', 'Content-Type': 'application/json', 'Content-Length': '78'} 
 body=b'{"cospar_id": "2024567GR", "name": "New Satellite Mission", "type": "OPTICAL"}' 
 </msg>
<msg time="2024-12-01T17:03:21.969044" level="INFO">POST Response : url=http://localhost:1234/configs 
 status=400, reason=Bad Request 
 headers={'Accept': 'application/json; charset=utf-8', 'Access-Control-Allow-Headers': 'content-type, authorization, origin', 'Access-Control-Allow-Methods': 'GET, POST, PUT, DELETE, OPTIONS', 'Access-Control-Allow-Origin': '*', 'Content-Type': 'application/json', 'Date': 'Sun, 01 Dec 2024 15:03:21 GMT', 'Content-Length': '114'} 
 body={"meta":null,"data":null,"errors":[{"message":"invalid request due to invalid COSPAR ID","source":"data-server"}]} 
 </msg>
<msg time="2024-12-01T17:03:21.969314" level="INFO">${response} = &lt;Response [400]&gt;</msg>
<var>${response}</var>
<arg>api</arg>
<arg>${CONFIGURATION_URL}</arg>
<arg>headers=&amp;{HEADERS}</arg>
<arg>json=&amp;{REQ_INVALID_COSPAR_ID}</arg>
<arg>expected_status=400</arg>
<doc>Sends a POST request on a previously created HTTP Session.</doc>
<status status="PASS" start="2024-12-01T17:03:21.965504" elapsed="0.003864"/>
</kw>
<kw name="Save Response Details" owner="common">
<kw name="Log" owner="BuiltIn">
<msg time="2024-12-01T17:03:21.972261" level="INFO">Status Code : 400</msg>
<arg>Status Code : ${response.status_code}</arg>
<doc>Logs the given message with the given level.</doc>
<status status="PASS" start="2024-12-01T17:03:21.970442" elapsed="0.001917"/>
</kw>
<kw name="Log" owner="BuiltIn">
<msg time="2024-12-01T17:03:21.974535" level="INFO">Response Body : {"meta":null,"data":null,"errors":[{"message":"invalid request due to invalid COSPAR ID","source":"data-server"}]}</msg>
<arg>Response Body : ${response.text}</arg>
<doc>Logs the given message with the given level.</doc>
<status status="PASS" start="2024-12-01T17:03:21.972629" elapsed="0.002013"/>
</kw>
<kw name="Convert String To Json" owner="JSONLibrary">
<msg time="2024-12-01T17:03:21.976364" level="INFO">${response_json} = {'meta': None, 'data': None, 'errors': [{'message': 'invalid request due to invalid COSPAR ID', 'source': 'data-server'}]}</msg>
<var>${response_json}</var>
<arg>${response.text}</arg>
<doc>Convert String to JSON object</doc>
<status status="PASS" start="2024-12-01T17:03:21.974866" elapsed="0.001546"/>
</kw>
<kw name="Set Test Variable" owner="BuiltIn">
<msg time="2024-12-01T17:03:21.976986" level="INFO">${RESPONSE_JSON} = {'meta': None, 'data': None, 'errors': [{'message': 'invalid request due to invalid COSPAR ID', 'source': 'data-server'}]}</msg>
<arg>${RESPONSE_JSON}</arg>
<arg>${response_json}</arg>
<doc>Makes a variable available everywhere within the scope of the current test.</doc>
<status status="PASS" start="2024-12-01T17:03:21.976632" elapsed="0.000414"/>
</kw>
<arg>${response}</arg>
<status status="PASS" start="2024-12-01T17:03:21.969757" elapsed="0.007392"/>
</kw>
<kw name="Status Should Be" owner="RequestsLibrary">
<arg>400</arg>
<arg>${response}</arg>
<doc>Fails if response status code is different than the expected.</doc>
<status status="PASS" start="2024-12-01T17:03:21.977326" elapsed="0.000279"/>
</kw>
<kw name="Get Error Message" owner="common">
<return>
<value>${RESPONSE_JSON['errors'][0]['message']}</value>
<status status="PASS" start="2024-12-01T17:03:21.978121" elapsed="0.000049"/>
</return>
<msg time="2024-12-01T17:03:21.979976" level="INFO">${actual_error_message} = invalid request due to invalid COSPAR ID</msg>
<var>${actual_error_message}</var>
<status status="PASS" start="2024-12-01T17:03:21.977815" elapsed="0.002206"/>
</kw>
<kw name="Should Be Equal As Strings" owner="BuiltIn">
<arg>${actual_error_message}</arg>
<arg>${INVALID_COSPAR_ID_ERROR_MSG}</arg>
<doc>Fails if objects are unequal after converting them to strings.</doc>
<status status="PASS" start="2024-12-01T17:03:21.980224" elapsed="0.000418"/>
</kw>
<kw name="Get Error Source" owner="common">
<return>
<value>${RESPONSE_JSON['errors'][0]['source']}</value>
<status status="PASS" start="2024-12-01T17:03:21.982373" elapsed="0.000116"/>
</return>
<msg time="2024-12-01T17:03:21.984417" level="INFO">${actual_error_source} = data-server</msg>
<var>${actual_error_source}</var>
<status status="PASS" start="2024-12-01T17:03:21.980940" elapsed="0.003542"/>
</kw>
<kw name="Should Be Equal As Strings" owner="BuiltIn">
<arg>${actual_error_source}</arg>
<arg>${DATA_SERVER_ERROR_SOURCE}</arg>
<doc>Fails if objects are unequal after converting them to strings.</doc>
<status status="PASS" start="2024-12-01T17:03:21.984791" elapsed="0.000407"/>
</kw>
<arg>&amp;{REQ_INVALID_COSPAR_ID_YYYYdddXX}</arg>
<status status="PASS" start="2024-12-01T17:03:21.964882" elapsed="0.020450"/>
</kw>
<kw name="Create Satellite Configuration with Invalid COSPAR ID" owner="create_satellite_configuration_steps">
<kw name="POST On Session" owner="RequestsLibrary">
<msg time="2024-12-01T17:03:21.989077" level="INFO">POST Request : url=http://localhost:1234/configs 
 path_url=/configs 
 headers={'User-Agent': 'python-requests/2.32.3', 'Accept-Encoding': 'gzip, deflate', 'Accept': '*/*', 'Connection': 'keep-alive', 'Content-Type': 'application/json', 'Content-Length': '79'} 
 body=b'{"cospar_id": "2O24-567GR", "name": "New Satellite Mission", "type": "OPTICAL"}' 
 </msg>
<msg time="2024-12-01T17:03:21.989174" level="INFO">POST Response : url=http://localhost:1234/configs 
 status=400, reason=Bad Request 
 headers={'Accept': 'application/json; charset=utf-8', 'Access-Control-Allow-Headers': 'content-type, authorization, origin', 'Access-Control-Allow-Methods': 'GET, POST, PUT, DELETE, OPTIONS', 'Access-Control-Allow-Origin': '*', 'Content-Type': 'application/json', 'Date': 'Sun, 01 Dec 2024 15:03:21 GMT', 'Content-Length': '114'} 
 body={"meta":null,"data":null,"errors":[{"message":"invalid request due to invalid COSPAR ID","source":"data-server"}]} 
 </msg>
<msg time="2024-12-01T17:03:21.989343" level="INFO">${response} = &lt;Response [400]&gt;</msg>
<var>${response}</var>
<arg>api</arg>
<arg>${CONFIGURATION_URL}</arg>
[...]
<doc>Test that the request fails if the NAME field is missing.</doc>
<tag>id:update_06</tag>
<tag>service:update</tag>
<status status="PASS" start="2024-12-01T17:03:23.494826" elapsed="0.017361"/>
</test>
<test id="s1-s5-t7" name="TC07 - Missing Type" line="101">
<kw name="PUT On Session" owner="RequestsLibrary">
<msg time="2024-12-01T17:03:23.516468" level="INFO">PUT Request : url=http://localhost:1234/configs/1 
 path_url=/configs/1 
 headers={'User-Agent': 'python-requests/2.32.3', 'Accept-Encoding': 'gzip, deflate', 'Accept': '*/*', 'Connection': 'keep-alive', 'Content-Type': 'application/json', 'Content-Length': '60'} 
 body=b'{"cospar_id": "2024-003ZZ", "name": "New Satellite Mission"}' 
 </msg>
<msg time="2024-12-01T17:03:23.516612" level="INFO">PUT Response : url=http://localhost:1234/configs/1 
 status=400, reason=Bad Request 
 headers={'Accept': 'application/json; charset=utf-8', 'Access-Control-Allow-Headers': 'content-type, authorization, origin', 'Access-Control-Allow-Methods': 'GET, POST, PUT, DELETE, OPTIONS', 'Access-Control-Allow-Origin': '*', 'Content-Type': 'application/json', 'Date': 'Sun, 01 Dec 2024 15:03:23 GMT', 'Content-Length': '121'} 
 body={"meta":null,"data":null,"errors":[{"message":"invalid request due to payload type is required","source":"data-server"}]} 
 </msg>
<msg time="2024-12-01T17:03:23.516782" level="INFO">${response} = &lt;Response [400]&gt;</msg>
<var>${response}</var>
<arg>api</arg>
<arg>${CONFIGURATION_URL}/${VALID_ID}</arg>
<arg>headers=&amp;{HEADERS}</arg>
<arg>json=&amp;{REQ_MISSING_TYPE}</arg>
<arg>expected_status=400</arg>
<doc>Sends a PUT request on a previously created HTTP Session.</doc>
<status status="PASS" start="2024-12-01T17:03:23.513059" elapsed="0.003761"/>
</kw>
<kw name="Save Response Details" owner="common">
<kw name="Log" owner="BuiltIn">
<msg time="2024-12-01T17:03:23.519601" level="INFO">Status Code : 400</msg>
<arg>Status Code : ${response.status_code}</arg>
<doc>Logs the given message with the given level.</doc>
<status status="PASS" start="2024-12-01T17:03:23.517766" elapsed="0.001919"/>
</kw>
<kw name="Log" owner="BuiltIn">
<msg time="2024-12-01T17:03:23.521322" level="INFO">Response Body : {"meta":null,"data":null,"errors":[{"message":"invalid request due to payload type is required","source":"data-server"}]}</msg>
<arg>Response Body : ${response.text}</arg>
<doc>Logs the given message with the given level.</doc>
<status status="PASS" start="2024-12-01T17:03:23.519898" elapsed="0.001501"/>
</kw>
<kw name="Convert String To Json" owner="JSONLibrary">
<msg time="2024-12-01T17:03:23.522998" level="INFO">${response_json} = {'meta': None, 'data': None, 'errors': [{'message': 'invalid request due to payload type is required', 'source': 'data-server'}]}</msg>
<var>${response_json}</var>
<arg>${response.text}</arg>
<doc>Convert String to JSON object</doc>
<status status="PASS" start="2024-12-01T17:03:23.521628" elapsed="0.001409"/>
</kw>
<kw name="Set Test Variable" owner="BuiltIn">
<msg time="2024-12-01T17:03:23.523523" level="INFO">${RESPONSE_JSON} = {'meta': None, 'data': None, 'errors': [{'message': 'invalid request due to payload type is required', 'source': 'data-server'}]}</msg>
<arg>${RESPONSE_JSON}</arg>
<arg>${response_json}</arg>
<doc>Makes a variable available everywhere within the scope of the current test.</doc>
<status status="PASS" start="2024-12-01T17:03:23.523225" elapsed="0.000368"/>
</kw>
<arg>${response}</arg>
<status status="PASS" start="2024-12-01T17:03:23.517178" elapsed="0.006590"/>
</kw>
<kw name="Status Should Be" owner="RequestsLibrary">
<arg>400</arg>
<arg>${response}</arg>
<doc>Fails if response status code is different than the expected.</doc>
<status status="PASS" start="2024-12-01T17:03:23.523937" elapsed="0.000235"/>
</kw>
<kw name="Get Error Message" owner="common">
<return>
<value>${RESPONSE_JSON['errors'][0]['message']}</value>
<status status="PASS" start="2024-12-01T17:03:23.524671" elapsed="0.000043"/>
</return>
<msg time="2024-12-01T17:03:23.526183" level="INFO">${actual_error_message} = invalid request due to payload type is required</msg>
<var>${actual_error_message}</var>
<status status="PASS" start="2024-12-01T17:03:23.524394" elapsed="0.001831"/>
</kw>
<kw name="Should Be Equal As Strings" owner="BuiltIn">
<arg>${actual_error_message}</arg>
<arg>${REQUIRED_PAYLOAD_TYPE_ERROR_MSG}</arg>
<doc>Fails if objects are unequal after converting them to strings.</doc>
<status status="PASS" start="2024-12-01T17:03:23.526434" elapsed="0.000381"/>
</kw>
<kw name="Get Error Source" owner="common">
<return>
<value>${RESPONSE_JSON['errors'][0]['source']}</value>
<status status="PASS" start="2024-12-01T17:03:23.527901" elapsed="0.000115"/>
</return>
<msg time="2024-12-01T17:03:23.530459" level="INFO">${actual_error_source} = data-server</msg>
<var>${actual_error_source}</var>
<status status="PASS" start="2024-12-01T17:03:23.527305" elapsed="0.003219"/>
</kw>
<kw name="Should Be Equal As Strings" owner="BuiltIn">
<arg>${actual_error_source}</arg>
<arg>${DATA_SERVER_ERROR_SOURCE}</arg>
<doc>Fails if objects are unequal after converting them to strings.</doc>
<status status="PASS" start="2024-12-01T17:03:23.530872" elapsed="0.000457"/>
</kw>
<doc>Test that the request fails if the TYPE field is missing.</doc>
<tag>id:update_07</tag>
<tag>service:update</tag>
<status status="PASS" start="2024-12-01T17:03:23.512473" elapsed="0.019117"/>
</test>
<test id="s1-s5-t8" name="TC08 - Boundary Test - Empty Payload" line="113">
<kw name="PUT On Session" owner="RequestsLibrary">
<msg time="2024-12-01T17:03:23.535123" level="INFO">PUT Request : url=http://localhost:1234/configs/1 
 path_url=/configs/1 
 headers={'User-Agent': 'python-requests/2.32.3', 'Accept-Encoding': 'gzip, deflate', 'Accept': '*/*', 'Connection': 'keep-alive', 'Content-Type': 'application/json', 'Content-Length': '4'} 
 body=b'"{}"' 
 </msg>
<msg time="2024-12-01T17:03:23.535217" level="INFO">PUT Response : url=http://localhost:1234/configs/1 
 status=400, reason=Bad Request 
 headers={'Accept': 'application/json; charset=utf-8', 'Access-Control-Allow-Headers': 'content-type, authorization, origin', 'Access-Control-Allow-Methods': 'GET, POST, PUT, DELETE, OPTIONS', 'Access-Control-Allow-Origin': '*', 'Content-Type': 'application/json', 'Date': 'Sun, 01 Dec 2024 15:03:23 GMT', 'Content-Length': '182'} 
 body={"meta":null,"data":null,"errors":[{"message":"invalid request due to json: cannot unmarshal string into Go value of type missionconfig.UpdateMissionConfig","source":"data-server"}]} 
 </msg>
<msg time="2024-12-01T17:03:23.535391" level="INFO">${response} = &lt;Response [400]&gt;</msg>
<var>${response}</var>
<arg>api</arg>
<arg>${CONFIGURATION_URL}/${VALID_ID}</arg>
<arg>headers=&amp;{HEADERS}</arg>
<arg>json={}</arg>
<arg>expected_status=400</arg>
<doc>Sends a PUT request on a previously created HTTP Session.</doc>
<status status="PASS" start="2024-12-01T17:03:23.532786" elapsed="0.002645"/>
</kw>
<kw name="Save Response Details" owner="common">
<kw name="Log" owner="BuiltIn">
<msg time="2024-12-01T17:03:23.537868" level="INFO">Status Code : 400</msg>
<arg>Status Code : ${response.status_code}</arg>
<doc>Logs the given message with the given level.</doc>
<status status="PASS" start="2024-12-01T17:03:23.536279" elapsed="0.001683"/>
</kw>
<kw name="Log" owner="BuiltIn">
<msg time="2024-12-01T17:03:23.539753" level="INFO">Response Body : {"meta":null,"data":null,"errors":[{"message":"invalid request due to json: cannot unmarshal string into Go value of type missionconfig.UpdateMissionConfig","source":"data-server"}]}</msg>
<arg>Response Body : ${response.text}</arg>
<doc>Logs the given message with the given level.</doc>
<status status="PASS" start="2024-12-01T17:03:23.538207" elapsed="0.001662"/>
</kw>
<kw name="Convert String To Json" owner="JSONLibrary">
<msg time="2024-12-01T17:03:23.542174" level="INFO">${response_json} = {'meta': None, 'data': None, 'errors': [{'message': 'invalid request due to json: cannot unmarshal string into Go value of type missionconfig.UpdateMissionConfig', 'source': 'data-server'}]}</msg>
<var>${response_json}</var>
<arg>${response.text}</arg>
<doc>Convert String to JSON object</doc>
<status status="PASS" start="2024-12-01T17:03:23.540219" elapsed="0.002015"/>
</kw>
<kw name="Set Test Variable" owner="BuiltIn">
<msg time="2024-12-01T17:03:23.542976" level="INFO">${RESPONSE_JSON} = {'meta': None, 'data': None, 'errors': [{'message': 'invalid request due to json: cannot unmarshal string into Go value of type missionconfig.UpdateMissionConfig', 'source': 'data-server'}]}</msg>
<arg>${RESPONSE_JSON}</arg>
<arg>${response_json}</arg>
<doc>Makes a variable available everywhere within the scope of the current test.</doc>
<status status="PASS" start="2024-12-01T17:03:23.542519" elapsed="0.000558"/>
</kw>
<arg>${response}</arg>
<status status="PASS" start="2024-12-01T17:03:23.535732" elapsed="0.007515"/>
</kw>
<kw name="Status Should Be" owner="RequestsLibrary">
<arg>400</arg>
<arg>${response}</arg>
<doc>Fails if response status code is different than the expected.</doc>
<status status="PASS" start="2024-12-01T17:03:23.543492" elapsed="0.000623"/>
</kw>
<kw name="Get Error Message" owner="common">
<return>
<value>${RESPONSE_JSON['errors'][0]['message']}</value>
<status status="PASS" start="2024-12-01T17:03:23.544897" elapsed="0.000070"/>
</return>
<msg time="2024-12-01T17:03:23.546982" level="INFO">${actual_error_message} = invalid request due to json: cannot unmarshal string into Go value of type missionconfig.UpdateMissionConfig</msg>
<var>${actual_error_message}</var>
<status status="PASS" start="2024-12-01T17:03:23.544484" elapsed="0.002568"/>
</kw>
<kw name="Should Be Equal As Strings" owner="BuiltIn">
<arg>${actual_error_message}</arg>
<arg>${CANNOT_UNMARSHAL_STRING_ERROR_MSG}</arg>
<doc>Fails if objects are unequal after converting them to strings.</doc>
<status status="PASS" start="2024-12-01T17:03:23.547376" elapsed="0.000543"/>
</kw>
<kw name="Get Error Source" owner="common">
<return>
<value>${RESPONSE_JSON['errors'][0]['source']}</value>
<status status="PASS" start="2024-12-01T17:03:23.548703" elapsed="0.000079"/>
</return>
<msg time="2024-12-01T17:03:23.550407" level="INFO">${actual_error_source} = data-server</msg>
<var>${actual_error_source}</var>
<status status="PASS" start="2024-12-01T17:03:23.548268" elapsed="0.002208"/>
</kw>
<kw name="Should Be Equal As Strings" owner="BuiltIn">
<arg>${actual_error_source}</arg>
<arg>${DATA_SERVER_ERROR_SOURCE}</arg>
<doc>Fails if objects are unequal after converting them to strings.</doc>
<status status="PASS" start="2024-12-01T17:03:23.550765" elapsed="0.000420"/>
</kw>
<doc>Verify server response when sending an empty payload.</doc>
<tag>id:update_08</tag>
<tag>service:update</tag>
<status status="PASS" start="2024-12-01T17:03:23.531980" elapsed="0.019425"/>
</test>
<test id="s1-s5-t9" name="TC09 - Check Unauthorized Access" line="125">
<kw name="PUT On Session" owner="RequestsLibrary">
<msg time="2024-12-01T17:03:23.556263" level="INFO">PUT Request : url=http://localhost:1234/configs/1 
 path_url=/configs/1 
 headers={'User-Agent': 'python-requests/2.32.3', 'Accept-Encoding': 'gzip, deflate', 'Accept': '*/*', 'Connection': 'keep-alive', 'Content-Type': 'application/json', 'Authorization': 'InvalidToken', 'Content-Length': '83'} 
 body=b'{"cospar_id": "2025-235BE", "name": "Updated Satellite Mission", "type": "OPTICAL"}' 
 </msg>
<msg time="2024-12-01T17:03:23.556377" level="INFO">PUT Response : url=http://localhost:1234/configs/1 
 status=400, reason=Bad Request 
 headers={'Accept': 'application/json; charset=utf-8', 'Access-Control-Allow-Headers': 'content-type, authorization, origin', 'Access-Control-Allow-Methods': 'GET, POST, PUT, DELETE, OPTIONS', 'Access-Control-Allow-Origin': '*', 'Content-Type': 'application/json; charset=utf-8', 'Date': 'Sun, 01 Dec 2024 15:03:23 GMT', 'Content-Length': '145'} 
 body={"meta":null,"data":null,"errors":[{"message":"Could not read token, authorization token not found","type":"jwt token","source":"data-server"}]}
 
 </msg>
<msg time="2024-12-01T17:03:23.556724" level="INFO">${response} = &lt;Response [400]&gt;</msg>
<var>${response}</var>
<arg>api</arg>
<arg>${CONFIGURATION_URL}/${VALID_ID}</arg>
<arg>headers=&amp;{REQ_UNAUTHORIZED_HEADERS}</arg>
<arg>json=${REQ_VALID_OPTICAL_UPDATE}</arg>
<arg>expected_status=400</arg>
<doc>Sends a PUT request on a previously created HTTP Session.</doc>
<status status="PASS" start="2024-12-01T17:03:23.552522" elapsed="0.004255"/>
</kw>
<kw name="Save Response Details" owner="common">
<kw name="Log" owner="BuiltIn">
<msg time="2024-12-01T17:03:23.559262" level="INFO">Status Code : 400</msg>
<arg>Status Code : ${response.status_code}</arg>
<doc>Logs the given message with the given level.</doc>
<status status="PASS" start="2024-12-01T17:03:23.557766" elapsed="0.001614"/>
</kw>
<kw name="Log" owner="BuiltIn">
<msg time="2024-12-01T17:03:23.561279" level="INFO">Response Body : {"meta":null,"data":null,"errors":[{"message":"Could not read token, authorization token not found","type":"jwt token","source":"data-server"}]}
</msg>
<arg>Response Body : ${response.text}</arg>
<doc>Logs the given message with the given level.</doc>
<status status="PASS" start="2024-12-01T17:03:23.559662" elapsed="0.001741"/>
</kw>
<kw name="Convert String To Json" owner="JSONLibrary">
<msg time="2024-12-01T17:03:23.563290" level="INFO">${response_json} = {'meta': None, 'data': None, 'errors': [{'message': 'Could not read token, authorization token not found', 'type': 'jwt token', 'source': 'data-server'}]}</msg>
<var>${response_json}</var>
<arg>${response.text}</arg>
<doc>Convert String to JSON object</doc>
<status status="PASS" start="2024-12-01T17:03:23.561697" elapsed="0.001657"/>
</kw>
<kw name="Set Test Variable" owner="BuiltIn">
<msg time="2024-12-01T17:03:23.564114" level="INFO">${RESPONSE_JSON} = {'meta': None, 'data': None, 'errors': [{'message': 'Could not read token, authorization token not found', 'type': 'jwt token', 'source': 'data-server'}]}</msg>
<arg>${RESPONSE_JSON}</arg>
<arg>${response_json}</arg>
<doc>Makes a variable available everywhere within the scope of the current test.</doc>
<status status="PASS" start="2024-12-01T17:03:23.563675" elapsed="0.000544"/>
</kw>
<arg>${response}</arg>
<status status="PASS" start="2024-12-01T17:03:23.557125" elapsed="0.007261"/>
</kw>
<kw name="Status Should Be" owner="RequestsLibrary">
<arg>400</arg>
<arg>${response}</arg>
<doc>Fails if response status code is different than the expected.</doc>
<status status="PASS" start="2024-12-01T17:03:23.564677" elapsed="0.000384"/>
</kw>
<kw name="Get Error Message" owner="common">
<return>
<value>${RESPONSE_JSON['errors'][0]['message']}</value>
<status status="PASS" start="2024-12-01T17:03:23.565806" elapsed="0.000070"/>
</return>
<msg time="2024-12-01T17:03:23.567655" level="INFO">${actual_error_message} = Could not read token, authorization token not found</msg>
<var>${actual_error_message}</var>
<status status="PASS" start="2024-12-01T17:03:23.565395" elapsed="0.002366"/>
</kw>
<kw name="Should Be Equal As Strings" owner="BuiltIn">
<arg>${actual_error_message}</arg>
<arg>${AUTHORIZATION_TOKEN_NOT_FOUND_ERROR_MSG}</arg>
<doc>Fails if objects are unequal after converting them to strings.</doc>
<status status="PASS" start="2024-12-01T17:03:23.568189" elapsed="0.000584"/>
</kw>
<kw name="Get Error Source" owner="common">
<return>
<value>${RESPONSE_JSON['errors'][0]['source']}</value>
<status status="PASS" start="2024-12-01T17:03:23.569533" elapsed="0.000085"/>
</return>
<msg time="2024-12-01T17:03:23.571410" level="INFO">${actual_error_source} = data-server</msg>
<var>${actual_error_source}</var>
<status status="PASS" start="2024-12-01T17:03:23.569125" elapsed="0.002340"/>
</kw>
<kw name="Should Be Equal As Strings" owner="BuiltIn">
<arg>${actual_error_source}</arg>
<arg>${DATA_SERVER_ERROR_SOURCE}</arg>
<doc>Fails if objects are unequal after converting them to strings.</doc>
<status status="PASS" start="2024-12-01T17:03:23.571720" elapsed="0.000476"/>
</kw>
<doc>Verify server rejects requests from unauthorized users.</doc>
<tag>id:update_09</tag>
<tag>service:update</tag>
<status status="PASS" start="2024-12-01T17:03:23.551779" elapsed="0.020669"/>
</test>
<kw name="Delete All Sessions with Satellite Configuration Service" owner="common" type="TEARDOWN">
<kw name="Delete All Sessions" owner="RequestsLibrary">
<msg time="2024-12-01T17:03:23.575164" level="INFO">Deleting All Sessions</msg>
<doc>Removes all the session objects</doc>
<status status="PASS" start="2024-12-01T17:03:23.574158" elapsed="0.001205"/>
</kw>
<status status="PASS" start="2024-12-01T17:03:23.573651" elapsed="0.001877"/>
</kw>
<doc>Update satellite configuration test cases</doc>
<status status="FAIL" start="2024-12-01T17:03:23.072175" elapsed="0.503443"/>
</suite>
<status status="FAIL" start="2024-12-01T17:03:21.138493" elapsed="2.439401"/>
</suite>
<statistics>
<total>
<stat pass="29" fail="6" skip="0">All Tests</stat>
</total>
<tag>
<stat pass="0" fail="1" skip="0">id:create_01</stat>
<stat pass="1" fail="0" skip="0">id:create_02</stat>
<stat pass="1" fail="0" skip="0">id:create_03</stat>
<stat pass="1" fail="0" skip="0">id:create_04</stat>
<stat pass="1" fail="0" skip="0">id:create_05</stat>
<stat pass="1" fail="0" skip="0">id:create_06</stat>
<stat pass="0" fail="1" skip="0">id:create_07</stat>
<stat pass="1" fail="0" skip="0">id:create_08</stat>
<stat pass="1" fail="0" skip="0">id:create_09</stat>
<stat pass="1" fail="0" skip="0">id:create_10</stat>
<stat pass="0" fail="1" skip="0">id:delete_01</stat>
<stat pass="1" fail="0" skip="0">id:delete_02</stat>
<stat pass="1" fail="0" skip="0">id:delete_03</stat>
<stat pass="1" fail="0" skip="0">id:delete_04</stat>
<stat pass="1" fail="0" skip="0">id:delete_05</stat>
<stat pass="1" fail="0" skip="0">id:delete_06</stat>
<stat pass="1" fail="0" skip="0">id:list_01</stat>
<stat pass="1" fail="0" skip="0">id:list_02</stat>
<stat pass="0" fail="1" skip="0">id:list_03</stat>
<stat pass="0" fail="1" skip="0">id:list_04</stat>
<stat pass="1" fail="0" skip="0">id:list_05</stat>
<stat pass="1" fail="0" skip="0">id:retrieve_01</stat>
<stat pass="1" fail="0" skip="0">id:retrieve_02</stat>
<stat pass="1" fail="0" skip="0">id:retrieve_03</stat>
<stat pass="1" fail="0" skip="0">id:retrieve_04</stat>
<stat pass="1" fail="0" skip="0">id:retrieve_05</stat>
<stat pass="0" fail="1" skip="0">id:update_01</stat>
<stat pass="1" fail="0" skip="0">id:update_02</stat>
<stat pass="1" fail="0" skip="0">id:update_03</stat>
<stat pass="1" fail="0" skip="0">id:update_04</stat>
<stat pass="1" fail="0" skip="0">id:update_05</stat>
<stat pass="1" fail="0" skip="0">id:update_06</stat>
<stat pass="1" fail="0" skip="0">id:update_07</stat>
<stat pass="1" fail="0" skip="0">id:update_08</stat>
<stat pass="1" fail="0" skip="0">id:update_09</stat>
<stat pass="8" fail="2" skip="0">service:create</stat>
<stat pass="5" fail="1" skip="0">service:delete</stat>
<stat pass="3" fail="2" skip="0">service:list</stat>
<stat pass="5" fail="0" skip="0">service:retrieve</stat>
<stat pass="8" fail="1" skip="0">service:update</stat>
</tag>
<suite>
<stat pass="29" fail="6" skip="0" id="s1" name="Tests">Tests</stat>
<stat pass="8" fail="2" skip="0" id="s1-s1" name="Create Satellite Configuration">Tests.Create Satellite Configuration</stat>
<stat pass="5" fail="1" skip="0" id="s1-s2" name="Delete Satellite Configuration">Tests.Delete Satellite Configuration</stat>
<stat pass="3" fail="2" skip="0" id="s1-s3" name="List Satellite Configurations">Tests.List Satellite Configurations</stat>
<stat pass="5" fail="0" skip="0" id="s1-s4" name="Retrieve Satellite Configuration">Tests.Retrieve Satellite Configuration</stat>
<stat pass="8" fail="1" skip="0" id="s1-s5" name="Update Satellite Configuration">Tests.Update Satellite Configuration</stat>
</suite>
</statistics>
<errors>
</errors>
</robot>
